ERROR - 2023-07-28 01:39:09 --> mysqli_sql_exception: Table 'new_hepc.banner' doesn't exist in C:\xampp\htdocs\newhepc\system\Database\MySQLi\Connection.php:295
Stack trace:
#0 C:\xampp\htdocs\newhepc\system\Database\MySQLi\Connection.php(295): mysqli->query('SELECT *\nFROM `...', 0)
#1 C:\xampp\htdocs\newhepc\system\Database\BaseConnection.php(692): CodeIgniter\Database\MySQLi\Connection->execute('SELECT *\nFROM `...')
#2 C:\xampp\htdocs\newhepc\system\Database\BaseConnection.php(606): CodeIgniter\Database\BaseConnection->simpleQuery('SELECT *\nFROM `...')
#3 C:\xampp\htdocs\newhepc\system\Database\BaseBuilder.php(1616): CodeIgniter\Database\BaseConnection->query('SELECT *\nFROM `...', Array, false)
#4 C:\xampp\htdocs\newhepc\system\Model.php(241): CodeIgniter\Database\BaseBuilder->get()
#5 C:\xampp\htdocs\newhepc\system\BaseModel.php(618): CodeIgniter\Model->doFindAll(0, 0)
#6 C:\xampp\htdocs\newhepc\app\Services\bannerService.php(16): CodeIgniter\BaseModel->findAll()
#7 C:\xampp\htdocs\newhepc\app\Controllers\HomeController.php(25): App\Services\bannerService->getBannersForHomePage()
#8 C:\xampp\htdocs\newhepc\system\CodeIgniter.php(932): App\Controllers\HomeController->index()
#9 C:\xampp\htdocs\newhepc\system\CodeIgniter.php(497): CodeIgniter\CodeIgniter->runController(Object(App\Controllers\HomeController))
#10 C:\xampp\htdocs\newhepc\system\CodeIgniter.php(366): CodeIgniter\CodeIgniter->handleRequest(NULL, Object(Config\Cache), false)
#11 C:\xampp\htdocs\newhepc\public\index.php(67): CodeIgniter\CodeIgniter->run()
#12 {main}
CRITICAL - 2023-07-28 01:39:09 --> Table 'new_hepc.banner' doesn't exist
in SYSTEMPATH\Database\MySQLi\Connection.php on line 295.
 1 SYSTEMPATH\Database\MySQLi\Connection.php(295): mysqli->query('SELECT *
FROM `banner`
WHERE `Status` != \'0\'
AND `censor` != \'0\'', 0)
 2 SYSTEMPATH\Database\BaseConnection.php(692): CodeIgniter\Database\MySQLi\Connection->execute('SELECT *
FROM `banner`
WHERE `Status` != \'0\'
AND `censor` != \'0\'')
 3 SYSTEMPATH\Database\BaseConnection.php(606): CodeIgniter\Database\BaseConnection->simpleQuery('SELECT *
FROM `banner`
WHERE `Status` != \'0\'
AND `censor` != \'0\'')
 4 SYSTEMPATH\Database\BaseBuilder.php(1616): CodeIgniter\Database\BaseConnection->query('SELECT *
FROM `banner`
WHERE `Status` != :Status:
AND `censor` != :censor:', [...], false)
 5 SYSTEMPATH\Model.php(241): CodeIgniter\Database\BaseBuilder->get()
 6 SYSTEMPATH\BaseModel.php(618): CodeIgniter\Model->doFindAll(0, 0)
 7 APPPATH\Services\bannerService.php(16): CodeIgniter\BaseModel->findAll()
 8 APPPATH\Controllers\HomeController.php(25): App\Services\bannerService->getBannersForHomePage()
 9 SYSTEMPATH\CodeIgniter.php(932): App\Controllers\HomeController->index()
10 SYSTEMPATH\CodeIgniter.php(497): CodeIgniter\CodeIgniter->runController(Object(App\Controllers\HomeController))
11 SYSTEMPATH\CodeIgniter.php(366): CodeIgniter\CodeIgniter->handleRequest(null, Object(Config\Cache), false)
12 FCPATH\index.php(67): CodeIgniter\CodeIgniter->run()
ERROR - 2023-07-28 01:39:11 --> mysqli_sql_exception: Table 'new_hepc.banner' doesn't exist in C:\xampp\htdocs\newhepc\system\Database\MySQLi\Connection.php:295
Stack trace:
#0 C:\xampp\htdocs\newhepc\system\Database\MySQLi\Connection.php(295): mysqli->query('SELECT *\nFROM `...', 0)
#1 C:\xampp\htdocs\newhepc\system\Database\BaseConnection.php(692): CodeIgniter\Database\MySQLi\Connection->execute('SELECT *\nFROM `...')
#2 C:\xampp\htdocs\newhepc\system\Database\BaseConnection.php(606): CodeIgniter\Database\BaseConnection->simpleQuery('SELECT *\nFROM `...')
#3 C:\xampp\htdocs\newhepc\system\Database\BaseBuilder.php(1616): CodeIgniter\Database\BaseConnection->query('SELECT *\nFROM `...', Array, false)
#4 C:\xampp\htdocs\newhepc\system\Model.php(241): CodeIgniter\Database\BaseBuilder->get()
#5 C:\xampp\htdocs\newhepc\system\BaseModel.php(618): CodeIgniter\Model->doFindAll(0, 0)
#6 C:\xampp\htdocs\newhepc\app\Services\bannerService.php(16): CodeIgniter\BaseModel->findAll()
#7 C:\xampp\htdocs\newhepc\app\Controllers\HomeController.php(25): App\Services\bannerService->getBannersForHomePage()
#8 C:\xampp\htdocs\newhepc\system\CodeIgniter.php(932): App\Controllers\HomeController->index()
#9 C:\xampp\htdocs\newhepc\system\CodeIgniter.php(497): CodeIgniter\CodeIgniter->runController(Object(App\Controllers\HomeController))
#10 C:\xampp\htdocs\newhepc\system\CodeIgniter.php(366): CodeIgniter\CodeIgniter->handleRequest(NULL, Object(Config\Cache), false)
#11 C:\xampp\htdocs\newhepc\public\index.php(67): CodeIgniter\CodeIgniter->run()
#12 {main}
CRITICAL - 2023-07-28 01:39:11 --> Table 'new_hepc.banner' doesn't exist
in SYSTEMPATH\Database\MySQLi\Connection.php on line 295.
 1 SYSTEMPATH\Database\MySQLi\Connection.php(295): mysqli->query('SELECT *
FROM `banner`
WHERE `Status` != \'0\'
AND `censor` != \'0\'', 0)
 2 SYSTEMPATH\Database\BaseConnection.php(692): CodeIgniter\Database\MySQLi\Connection->execute('SELECT *
FROM `banner`
WHERE `Status` != \'0\'
AND `censor` != \'0\'')
 3 SYSTEMPATH\Database\BaseConnection.php(606): CodeIgniter\Database\BaseConnection->simpleQuery('SELECT *
FROM `banner`
WHERE `Status` != \'0\'
AND `censor` != \'0\'')
 4 SYSTEMPATH\Database\BaseBuilder.php(1616): CodeIgniter\Database\BaseConnection->query('SELECT *
FROM `banner`
WHERE `Status` != :Status:
AND `censor` != :censor:', [...], false)
 5 SYSTEMPATH\Model.php(241): CodeIgniter\Database\BaseBuilder->get()
 6 SYSTEMPATH\BaseModel.php(618): CodeIgniter\Model->doFindAll(0, 0)
 7 APPPATH\Services\bannerService.php(16): CodeIgniter\BaseModel->findAll()
 8 APPPATH\Controllers\HomeController.php(25): App\Services\bannerService->getBannersForHomePage()
 9 SYSTEMPATH\CodeIgniter.php(932): App\Controllers\HomeController->index()
10 SYSTEMPATH\CodeIgniter.php(497): CodeIgniter\CodeIgniter->runController(Object(App\Controllers\HomeController))
11 SYSTEMPATH\CodeIgniter.php(366): CodeIgniter\CodeIgniter->handleRequest(null, Object(Config\Cache), false)
12 FCPATH\index.php(67): CodeIgniter\CodeIgniter->run()
ERROR - 2023-07-28 01:39:14 --> mysqli_sql_exception: Table 'new_hepc.banner' doesn't exist in C:\xampp\htdocs\newhepc\system\Database\MySQLi\Connection.php:295
Stack trace:
#0 C:\xampp\htdocs\newhepc\system\Database\MySQLi\Connection.php(295): mysqli->query('SELECT *\nFROM `...', 0)
#1 C:\xampp\htdocs\newhepc\system\Database\BaseConnection.php(692): CodeIgniter\Database\MySQLi\Connection->execute('SELECT *\nFROM `...')
#2 C:\xampp\htdocs\newhepc\system\Database\BaseConnection.php(606): CodeIgniter\Database\BaseConnection->simpleQuery('SELECT *\nFROM `...')
#3 C:\xampp\htdocs\newhepc\system\Database\BaseBuilder.php(1616): CodeIgniter\Database\BaseConnection->query('SELECT *\nFROM `...', Array, false)
#4 C:\xampp\htdocs\newhepc\system\Model.php(241): CodeIgniter\Database\BaseBuilder->get()
#5 C:\xampp\htdocs\newhepc\system\BaseModel.php(618): CodeIgniter\Model->doFindAll(0, 0)
#6 C:\xampp\htdocs\newhepc\app\Services\bannerService.php(16): CodeIgniter\BaseModel->findAll()
#7 C:\xampp\htdocs\newhepc\app\Controllers\HomeController.php(25): App\Services\bannerService->getBannersForHomePage()
#8 C:\xampp\htdocs\newhepc\system\CodeIgniter.php(932): App\Controllers\HomeController->index()
#9 C:\xampp\htdocs\newhepc\system\CodeIgniter.php(497): CodeIgniter\CodeIgniter->runController(Object(App\Controllers\HomeController))
#10 C:\xampp\htdocs\newhepc\system\CodeIgniter.php(366): CodeIgniter\CodeIgniter->handleRequest(NULL, Object(Config\Cache), false)
#11 C:\xampp\htdocs\newhepc\public\index.php(67): CodeIgniter\CodeIgniter->run()
#12 {main}
CRITICAL - 2023-07-28 01:39:14 --> Table 'new_hepc.banner' doesn't exist
in SYSTEMPATH\Database\MySQLi\Connection.php on line 295.
 1 SYSTEMPATH\Database\MySQLi\Connection.php(295): mysqli->query('SELECT *
FROM `banner`
WHERE `Status` != \'0\'
AND `censor` != \'0\'', 0)
 2 SYSTEMPATH\Database\BaseConnection.php(692): CodeIgniter\Database\MySQLi\Connection->execute('SELECT *
FROM `banner`
WHERE `Status` != \'0\'
AND `censor` != \'0\'')
 3 SYSTEMPATH\Database\BaseConnection.php(606): CodeIgniter\Database\BaseConnection->simpleQuery('SELECT *
FROM `banner`
WHERE `Status` != \'0\'
AND `censor` != \'0\'')
 4 SYSTEMPATH\Database\BaseBuilder.php(1616): CodeIgniter\Database\BaseConnection->query('SELECT *
FROM `banner`
WHERE `Status` != :Status:
AND `censor` != :censor:', [...], false)
 5 SYSTEMPATH\Model.php(241): CodeIgniter\Database\BaseBuilder->get()
 6 SYSTEMPATH\BaseModel.php(618): CodeIgniter\Model->doFindAll(0, 0)
 7 APPPATH\Services\bannerService.php(16): CodeIgniter\BaseModel->findAll()
 8 APPPATH\Controllers\HomeController.php(25): App\Services\bannerService->getBannersForHomePage()
 9 SYSTEMPATH\CodeIgniter.php(932): App\Controllers\HomeController->index()
10 SYSTEMPATH\CodeIgniter.php(497): CodeIgniter\CodeIgniter->runController(Object(App\Controllers\HomeController))
11 SYSTEMPATH\CodeIgniter.php(366): CodeIgniter\CodeIgniter->handleRequest(null, Object(Config\Cache), false)
12 FCPATH\index.php(67): CodeIgniter\CodeIgniter->run()
ERROR - 2023-07-28 01:39:14 --> mysqli_sql_exception: Table 'new_hepc.banner' doesn't exist in C:\xampp\htdocs\newhepc\system\Database\MySQLi\Connection.php:295
Stack trace:
#0 C:\xampp\htdocs\newhepc\system\Database\MySQLi\Connection.php(295): mysqli->query('SELECT *\nFROM `...', 0)
#1 C:\xampp\htdocs\newhepc\system\Database\BaseConnection.php(692): CodeIgniter\Database\MySQLi\Connection->execute('SELECT *\nFROM `...')
#2 C:\xampp\htdocs\newhepc\system\Database\BaseConnection.php(606): CodeIgniter\Database\BaseConnection->simpleQuery('SELECT *\nFROM `...')
#3 C:\xampp\htdocs\newhepc\system\Database\BaseBuilder.php(1616): CodeIgniter\Database\BaseConnection->query('SELECT *\nFROM `...', Array, false)
#4 C:\xampp\htdocs\newhepc\system\Model.php(241): CodeIgniter\Database\BaseBuilder->get()
#5 C:\xampp\htdocs\newhepc\system\BaseModel.php(618): CodeIgniter\Model->doFindAll(0, 0)
#6 C:\xampp\htdocs\newhepc\app\Services\bannerService.php(16): CodeIgniter\BaseModel->findAll()
#7 C:\xampp\htdocs\newhepc\app\Controllers\HomeController.php(25): App\Services\bannerService->getBannersForHomePage()
#8 C:\xampp\htdocs\newhepc\system\CodeIgniter.php(932): App\Controllers\HomeController->index()
#9 C:\xampp\htdocs\newhepc\system\CodeIgniter.php(497): CodeIgniter\CodeIgniter->runController(Object(App\Controllers\HomeController))
#10 C:\xampp\htdocs\newhepc\system\CodeIgniter.php(366): CodeIgniter\CodeIgniter->handleRequest(NULL, Object(Config\Cache), false)
#11 C:\xampp\htdocs\newhepc\public\index.php(67): CodeIgniter\CodeIgniter->run()
#12 {main}
CRITICAL - 2023-07-28 01:39:14 --> Table 'new_hepc.banner' doesn't exist
in SYSTEMPATH\Database\MySQLi\Connection.php on line 295.
 1 SYSTEMPATH\Database\MySQLi\Connection.php(295): mysqli->query('SELECT *
FROM `banner`
WHERE `Status` != \'0\'
AND `censor` != \'0\'', 0)
 2 SYSTEMPATH\Database\BaseConnection.php(692): CodeIgniter\Database\MySQLi\Connection->execute('SELECT *
FROM `banner`
WHERE `Status` != \'0\'
AND `censor` != \'0\'')
 3 SYSTEMPATH\Database\BaseConnection.php(606): CodeIgniter\Database\BaseConnection->simpleQuery('SELECT *
FROM `banner`
WHERE `Status` != \'0\'
AND `censor` != \'0\'')
 4 SYSTEMPATH\Database\BaseBuilder.php(1616): CodeIgniter\Database\BaseConnection->query('SELECT *
FROM `banner`
WHERE `Status` != :Status:
AND `censor` != :censor:', [...], false)
 5 SYSTEMPATH\Model.php(241): CodeIgniter\Database\BaseBuilder->get()
 6 SYSTEMPATH\BaseModel.php(618): CodeIgniter\Model->doFindAll(0, 0)
 7 APPPATH\Services\bannerService.php(16): CodeIgniter\BaseModel->findAll()
 8 APPPATH\Controllers\HomeController.php(25): App\Services\bannerService->getBannersForHomePage()
 9 SYSTEMPATH\CodeIgniter.php(932): App\Controllers\HomeController->index()
10 SYSTEMPATH\CodeIgniter.php(497): CodeIgniter\CodeIgniter->runController(Object(App\Controllers\HomeController))
11 SYSTEMPATH\CodeIgniter.php(366): CodeIgniter\CodeIgniter->handleRequest(null, Object(Config\Cache), false)
12 FCPATH\index.php(67): CodeIgniter\CodeIgniter->run()
ERROR - 2023-07-28 01:39:15 --> mysqli_sql_exception: Table 'new_hepc.banner' doesn't exist in C:\xampp\htdocs\newhepc\system\Database\MySQLi\Connection.php:295
Stack trace:
#0 C:\xampp\htdocs\newhepc\system\Database\MySQLi\Connection.php(295): mysqli->query('SELECT *\nFROM `...', 0)
#1 C:\xampp\htdocs\newhepc\system\Database\BaseConnection.php(692): CodeIgniter\Database\MySQLi\Connection->execute('SELECT *\nFROM `...')
#2 C:\xampp\htdocs\newhepc\system\Database\BaseConnection.php(606): CodeIgniter\Database\BaseConnection->simpleQuery('SELECT *\nFROM `...')
#3 C:\xampp\htdocs\newhepc\system\Database\BaseBuilder.php(1616): CodeIgniter\Database\BaseConnection->query('SELECT *\nFROM `...', Array, false)
#4 C:\xampp\htdocs\newhepc\system\Model.php(241): CodeIgniter\Database\BaseBuilder->get()
#5 C:\xampp\htdocs\newhepc\system\BaseModel.php(618): CodeIgniter\Model->doFindAll(0, 0)
#6 C:\xampp\htdocs\newhepc\app\Services\bannerService.php(16): CodeIgniter\BaseModel->findAll()
#7 C:\xampp\htdocs\newhepc\app\Controllers\HomeController.php(25): App\Services\bannerService->getBannersForHomePage()
#8 C:\xampp\htdocs\newhepc\system\CodeIgniter.php(932): App\Controllers\HomeController->index()
#9 C:\xampp\htdocs\newhepc\system\CodeIgniter.php(497): CodeIgniter\CodeIgniter->runController(Object(App\Controllers\HomeController))
#10 C:\xampp\htdocs\newhepc\system\CodeIgniter.php(366): CodeIgniter\CodeIgniter->handleRequest(NULL, Object(Config\Cache), false)
#11 C:\xampp\htdocs\newhepc\public\index.php(67): CodeIgniter\CodeIgniter->run()
#12 {main}
CRITICAL - 2023-07-28 01:39:15 --> Table 'new_hepc.banner' doesn't exist
in SYSTEMPATH\Database\MySQLi\Connection.php on line 295.
 1 SYSTEMPATH\Database\MySQLi\Connection.php(295): mysqli->query('SELECT *
FROM `banner`
WHERE `Status` != \'0\'
AND `censor` != \'0\'', 0)
 2 SYSTEMPATH\Database\BaseConnection.php(692): CodeIgniter\Database\MySQLi\Connection->execute('SELECT *
FROM `banner`
WHERE `Status` != \'0\'
AND `censor` != \'0\'')
 3 SYSTEMPATH\Database\BaseConnection.php(606): CodeIgniter\Database\BaseConnection->simpleQuery('SELECT *
FROM `banner`
WHERE `Status` != \'0\'
AND `censor` != \'0\'')
 4 SYSTEMPATH\Database\BaseBuilder.php(1616): CodeIgniter\Database\BaseConnection->query('SELECT *
FROM `banner`
WHERE `Status` != :Status:
AND `censor` != :censor:', [...], false)
 5 SYSTEMPATH\Model.php(241): CodeIgniter\Database\BaseBuilder->get()
 6 SYSTEMPATH\BaseModel.php(618): CodeIgniter\Model->doFindAll(0, 0)
 7 APPPATH\Services\bannerService.php(16): CodeIgniter\BaseModel->findAll()
 8 APPPATH\Controllers\HomeController.php(25): App\Services\bannerService->getBannersForHomePage()
 9 SYSTEMPATH\CodeIgniter.php(932): App\Controllers\HomeController->index()
10 SYSTEMPATH\CodeIgniter.php(497): CodeIgniter\CodeIgniter->runController(Object(App\Controllers\HomeController))
11 SYSTEMPATH\CodeIgniter.php(366): CodeIgniter\CodeIgniter->handleRequest(null, Object(Config\Cache), false)
12 FCPATH\index.php(67): CodeIgniter\CodeIgniter->run()
ERROR - 2023-07-28 01:39:15 --> mysqli_sql_exception: Table 'new_hepc.banner' doesn't exist in C:\xampp\htdocs\newhepc\system\Database\MySQLi\Connection.php:295
Stack trace:
#0 C:\xampp\htdocs\newhepc\system\Database\MySQLi\Connection.php(295): mysqli->query('SELECT *\nFROM `...', 0)
#1 C:\xampp\htdocs\newhepc\system\Database\BaseConnection.php(692): CodeIgniter\Database\MySQLi\Connection->execute('SELECT *\nFROM `...')
#2 C:\xampp\htdocs\newhepc\system\Database\BaseConnection.php(606): CodeIgniter\Database\BaseConnection->simpleQuery('SELECT *\nFROM `...')
#3 C:\xampp\htdocs\newhepc\system\Database\BaseBuilder.php(1616): CodeIgniter\Database\BaseConnection->query('SELECT *\nFROM `...', Array, false)
#4 C:\xampp\htdocs\newhepc\system\Model.php(241): CodeIgniter\Database\BaseBuilder->get()
#5 C:\xampp\htdocs\newhepc\system\BaseModel.php(618): CodeIgniter\Model->doFindAll(0, 0)
#6 C:\xampp\htdocs\newhepc\app\Services\bannerService.php(16): CodeIgniter\BaseModel->findAll()
#7 C:\xampp\htdocs\newhepc\app\Controllers\HomeController.php(25): App\Services\bannerService->getBannersForHomePage()
#8 C:\xampp\htdocs\newhepc\system\CodeIgniter.php(932): App\Controllers\HomeController->index()
#9 C:\xampp\htdocs\newhepc\system\CodeIgniter.php(497): CodeIgniter\CodeIgniter->runController(Object(App\Controllers\HomeController))
#10 C:\xampp\htdocs\newhepc\system\CodeIgniter.php(366): CodeIgniter\CodeIgniter->handleRequest(NULL, Object(Config\Cache), false)
#11 C:\xampp\htdocs\newhepc\public\index.php(67): CodeIgniter\CodeIgniter->run()
#12 {main}
CRITICAL - 2023-07-28 01:39:15 --> Table 'new_hepc.banner' doesn't exist
in SYSTEMPATH\Database\MySQLi\Connection.php on line 295.
 1 SYSTEMPATH\Database\MySQLi\Connection.php(295): mysqli->query('SELECT *
FROM `banner`
WHERE `Status` != \'0\'
AND `censor` != \'0\'', 0)
 2 SYSTEMPATH\Database\BaseConnection.php(692): CodeIgniter\Database\MySQLi\Connection->execute('SELECT *
FROM `banner`
WHERE `Status` != \'0\'
AND `censor` != \'0\'')
 3 SYSTEMPATH\Database\BaseConnection.php(606): CodeIgniter\Database\BaseConnection->simpleQuery('SELECT *
FROM `banner`
WHERE `Status` != \'0\'
AND `censor` != \'0\'')
 4 SYSTEMPATH\Database\BaseBuilder.php(1616): CodeIgniter\Database\BaseConnection->query('SELECT *
FROM `banner`
WHERE `Status` != :Status:
AND `censor` != :censor:', [...], false)
 5 SYSTEMPATH\Model.php(241): CodeIgniter\Database\BaseBuilder->get()
 6 SYSTEMPATH\BaseModel.php(618): CodeIgniter\Model->doFindAll(0, 0)
 7 APPPATH\Services\bannerService.php(16): CodeIgniter\BaseModel->findAll()
 8 APPPATH\Controllers\HomeController.php(25): App\Services\bannerService->getBannersForHomePage()
 9 SYSTEMPATH\CodeIgniter.php(932): App\Controllers\HomeController->index()
10 SYSTEMPATH\CodeIgniter.php(497): CodeIgniter\CodeIgniter->runController(Object(App\Controllers\HomeController))
11 SYSTEMPATH\CodeIgniter.php(366): CodeIgniter\CodeIgniter->handleRequest(null, Object(Config\Cache), false)
12 FCPATH\index.php(67): CodeIgniter\CodeIgniter->run()
ERROR - 2023-07-28 01:39:16 --> mysqli_sql_exception: Table 'new_hepc.banner' doesn't exist in C:\xampp\htdocs\newhepc\system\Database\MySQLi\Connection.php:295
Stack trace:
#0 C:\xampp\htdocs\newhepc\system\Database\MySQLi\Connection.php(295): mysqli->query('SELECT *\nFROM `...', 0)
#1 C:\xampp\htdocs\newhepc\system\Database\BaseConnection.php(692): CodeIgniter\Database\MySQLi\Connection->execute('SELECT *\nFROM `...')
#2 C:\xampp\htdocs\newhepc\system\Database\BaseConnection.php(606): CodeIgniter\Database\BaseConnection->simpleQuery('SELECT *\nFROM `...')
#3 C:\xampp\htdocs\newhepc\system\Database\BaseBuilder.php(1616): CodeIgniter\Database\BaseConnection->query('SELECT *\nFROM `...', Array, false)
#4 C:\xampp\htdocs\newhepc\system\Model.php(241): CodeIgniter\Database\BaseBuilder->get()
#5 C:\xampp\htdocs\newhepc\system\BaseModel.php(618): CodeIgniter\Model->doFindAll(0, 0)
#6 C:\xampp\htdocs\newhepc\app\Services\bannerService.php(16): CodeIgniter\BaseModel->findAll()
#7 C:\xampp\htdocs\newhepc\app\Controllers\HomeController.php(25): App\Services\bannerService->getBannersForHomePage()
#8 C:\xampp\htdocs\newhepc\system\CodeIgniter.php(932): App\Controllers\HomeController->index()
#9 C:\xampp\htdocs\newhepc\system\CodeIgniter.php(497): CodeIgniter\CodeIgniter->runController(Object(App\Controllers\HomeController))
#10 C:\xampp\htdocs\newhepc\system\CodeIgniter.php(366): CodeIgniter\CodeIgniter->handleRequest(NULL, Object(Config\Cache), false)
#11 C:\xampp\htdocs\newhepc\public\index.php(67): CodeIgniter\CodeIgniter->run()
#12 {main}
CRITICAL - 2023-07-28 01:39:16 --> Table 'new_hepc.banner' doesn't exist
in SYSTEMPATH\Database\MySQLi\Connection.php on line 295.
 1 SYSTEMPATH\Database\MySQLi\Connection.php(295): mysqli->query('SELECT *
FROM `banner`
WHERE `Status` != \'0\'
AND `censor` != \'0\'', 0)
 2 SYSTEMPATH\Database\BaseConnection.php(692): CodeIgniter\Database\MySQLi\Connection->execute('SELECT *
FROM `banner`
WHERE `Status` != \'0\'
AND `censor` != \'0\'')
 3 SYSTEMPATH\Database\BaseConnection.php(606): CodeIgniter\Database\BaseConnection->simpleQuery('SELECT *
FROM `banner`
WHERE `Status` != \'0\'
AND `censor` != \'0\'')
 4 SYSTEMPATH\Database\BaseBuilder.php(1616): CodeIgniter\Database\BaseConnection->query('SELECT *
FROM `banner`
WHERE `Status` != :Status:
AND `censor` != :censor:', [...], false)
 5 SYSTEMPATH\Model.php(241): CodeIgniter\Database\BaseBuilder->get()
 6 SYSTEMPATH\BaseModel.php(618): CodeIgniter\Model->doFindAll(0, 0)
 7 APPPATH\Services\bannerService.php(16): CodeIgniter\BaseModel->findAll()
 8 APPPATH\Controllers\HomeController.php(25): App\Services\bannerService->getBannersForHomePage()
 9 SYSTEMPATH\CodeIgniter.php(932): App\Controllers\HomeController->index()
10 SYSTEMPATH\CodeIgniter.php(497): CodeIgniter\CodeIgniter->runController(Object(App\Controllers\HomeController))
11 SYSTEMPATH\CodeIgniter.php(366): CodeIgniter\CodeIgniter->handleRequest(null, Object(Config\Cache), false)
12 FCPATH\index.php(67): CodeIgniter\CodeIgniter->run()
ERROR - 2023-07-28 01:39:16 --> mysqli_sql_exception: Table 'new_hepc.banner' doesn't exist in C:\xampp\htdocs\newhepc\system\Database\MySQLi\Connection.php:295
Stack trace:
#0 C:\xampp\htdocs\newhepc\system\Database\MySQLi\Connection.php(295): mysqli->query('SELECT *\nFROM `...', 0)
#1 C:\xampp\htdocs\newhepc\system\Database\BaseConnection.php(692): CodeIgniter\Database\MySQLi\Connection->execute('SELECT *\nFROM `...')
#2 C:\xampp\htdocs\newhepc\system\Database\BaseConnection.php(606): CodeIgniter\Database\BaseConnection->simpleQuery('SELECT *\nFROM `...')
#3 C:\xampp\htdocs\newhepc\system\Database\BaseBuilder.php(1616): CodeIgniter\Database\BaseConnection->query('SELECT *\nFROM `...', Array, false)
#4 C:\xampp\htdocs\newhepc\system\Model.php(241): CodeIgniter\Database\BaseBuilder->get()
#5 C:\xampp\htdocs\newhepc\system\BaseModel.php(618): CodeIgniter\Model->doFindAll(0, 0)
#6 C:\xampp\htdocs\newhepc\app\Services\bannerService.php(16): CodeIgniter\BaseModel->findAll()
#7 C:\xampp\htdocs\newhepc\app\Controllers\HomeController.php(25): App\Services\bannerService->getBannersForHomePage()
#8 C:\xampp\htdocs\newhepc\system\CodeIgniter.php(932): App\Controllers\HomeController->index()
#9 C:\xampp\htdocs\newhepc\system\CodeIgniter.php(497): CodeIgniter\CodeIgniter->runController(Object(App\Controllers\HomeController))
#10 C:\xampp\htdocs\newhepc\system\CodeIgniter.php(366): CodeIgniter\CodeIgniter->handleRequest(NULL, Object(Config\Cache), false)
#11 C:\xampp\htdocs\newhepc\public\index.php(67): CodeIgniter\CodeIgniter->run()
#12 {main}
CRITICAL - 2023-07-28 01:39:16 --> Table 'new_hepc.banner' doesn't exist
in SYSTEMPATH\Database\MySQLi\Connection.php on line 295.
 1 SYSTEMPATH\Database\MySQLi\Connection.php(295): mysqli->query('SELECT *
FROM `banner`
WHERE `Status` != \'0\'
AND `censor` != \'0\'', 0)
 2 SYSTEMPATH\Database\BaseConnection.php(692): CodeIgniter\Database\MySQLi\Connection->execute('SELECT *
FROM `banner`
WHERE `Status` != \'0\'
AND `censor` != \'0\'')
 3 SYSTEMPATH\Database\BaseConnection.php(606): CodeIgniter\Database\BaseConnection->simpleQuery('SELECT *
FROM `banner`
WHERE `Status` != \'0\'
AND `censor` != \'0\'')
 4 SYSTEMPATH\Database\BaseBuilder.php(1616): CodeIgniter\Database\BaseConnection->query('SELECT *
FROM `banner`
WHERE `Status` != :Status:
AND `censor` != :censor:', [...], false)
 5 SYSTEMPATH\Model.php(241): CodeIgniter\Database\BaseBuilder->get()
 6 SYSTEMPATH\BaseModel.php(618): CodeIgniter\Model->doFindAll(0, 0)
 7 APPPATH\Services\bannerService.php(16): CodeIgniter\BaseModel->findAll()
 8 APPPATH\Controllers\HomeController.php(25): App\Services\bannerService->getBannersForHomePage()
 9 SYSTEMPATH\CodeIgniter.php(932): App\Controllers\HomeController->index()
10 SYSTEMPATH\CodeIgniter.php(497): CodeIgniter\CodeIgniter->runController(Object(App\Controllers\HomeController))
11 SYSTEMPATH\CodeIgniter.php(366): CodeIgniter\CodeIgniter->handleRequest(null, Object(Config\Cache), false)
12 FCPATH\index.php(67): CodeIgniter\CodeIgniter->run()
ERROR - 2023-07-28 01:39:16 --> mysqli_sql_exception: Table 'new_hepc.banner' doesn't exist in C:\xampp\htdocs\newhepc\system\Database\MySQLi\Connection.php:295
Stack trace:
#0 C:\xampp\htdocs\newhepc\system\Database\MySQLi\Connection.php(295): mysqli->query('SELECT *\nFROM `...', 0)
#1 C:\xampp\htdocs\newhepc\system\Database\BaseConnection.php(692): CodeIgniter\Database\MySQLi\Connection->execute('SELECT *\nFROM `...')
#2 C:\xampp\htdocs\newhepc\system\Database\BaseConnection.php(606): CodeIgniter\Database\BaseConnection->simpleQuery('SELECT *\nFROM `...')
#3 C:\xampp\htdocs\newhepc\system\Database\BaseBuilder.php(1616): CodeIgniter\Database\BaseConnection->query('SELECT *\nFROM `...', Array, false)
#4 C:\xampp\htdocs\newhepc\system\Model.php(241): CodeIgniter\Database\BaseBuilder->get()
#5 C:\xampp\htdocs\newhepc\system\BaseModel.php(618): CodeIgniter\Model->doFindAll(0, 0)
#6 C:\xampp\htdocs\newhepc\app\Services\bannerService.php(16): CodeIgniter\BaseModel->findAll()
#7 C:\xampp\htdocs\newhepc\app\Controllers\HomeController.php(25): App\Services\bannerService->getBannersForHomePage()
#8 C:\xampp\htdocs\newhepc\system\CodeIgniter.php(932): App\Controllers\HomeController->index()
#9 C:\xampp\htdocs\newhepc\system\CodeIgniter.php(497): CodeIgniter\CodeIgniter->runController(Object(App\Controllers\HomeController))
#10 C:\xampp\htdocs\newhepc\system\CodeIgniter.php(366): CodeIgniter\CodeIgniter->handleRequest(NULL, Object(Config\Cache), false)
#11 C:\xampp\htdocs\newhepc\public\index.php(67): CodeIgniter\CodeIgniter->run()
#12 {main}
CRITICAL - 2023-07-28 01:39:16 --> Table 'new_hepc.banner' doesn't exist
in SYSTEMPATH\Database\MySQLi\Connection.php on line 295.
 1 SYSTEMPATH\Database\MySQLi\Connection.php(295): mysqli->query('SELECT *
FROM `banner`
WHERE `Status` != \'0\'
AND `censor` != \'0\'', 0)
 2 SYSTEMPATH\Database\BaseConnection.php(692): CodeIgniter\Database\MySQLi\Connection->execute('SELECT *
FROM `banner`
WHERE `Status` != \'0\'
AND `censor` != \'0\'')
 3 SYSTEMPATH\Database\BaseConnection.php(606): CodeIgniter\Database\BaseConnection->simpleQuery('SELECT *
FROM `banner`
WHERE `Status` != \'0\'
AND `censor` != \'0\'')
 4 SYSTEMPATH\Database\BaseBuilder.php(1616): CodeIgniter\Database\BaseConnection->query('SELECT *
FROM `banner`
WHERE `Status` != :Status:
AND `censor` != :censor:', [...], false)
 5 SYSTEMPATH\Model.php(241): CodeIgniter\Database\BaseBuilder->get()
 6 SYSTEMPATH\BaseModel.php(618): CodeIgniter\Model->doFindAll(0, 0)
 7 APPPATH\Services\bannerService.php(16): CodeIgniter\BaseModel->findAll()
 8 APPPATH\Controllers\HomeController.php(25): App\Services\bannerService->getBannersForHomePage()
 9 SYSTEMPATH\CodeIgniter.php(932): App\Controllers\HomeController->index()
10 SYSTEMPATH\CodeIgniter.php(497): CodeIgniter\CodeIgniter->runController(Object(App\Controllers\HomeController))
11 SYSTEMPATH\CodeIgniter.php(366): CodeIgniter\CodeIgniter->handleRequest(null, Object(Config\Cache), false)
12 FCPATH\index.php(67): CodeIgniter\CodeIgniter->run()
ERROR - 2023-07-28 01:39:17 --> mysqli_sql_exception: Table 'new_hepc.banner' doesn't exist in C:\xampp\htdocs\newhepc\system\Database\MySQLi\Connection.php:295
Stack trace:
#0 C:\xampp\htdocs\newhepc\system\Database\MySQLi\Connection.php(295): mysqli->query('SELECT *\nFROM `...', 0)
#1 C:\xampp\htdocs\newhepc\system\Database\BaseConnection.php(692): CodeIgniter\Database\MySQLi\Connection->execute('SELECT *\nFROM `...')
#2 C:\xampp\htdocs\newhepc\system\Database\BaseConnection.php(606): CodeIgniter\Database\BaseConnection->simpleQuery('SELECT *\nFROM `...')
#3 C:\xampp\htdocs\newhepc\system\Database\BaseBuilder.php(1616): CodeIgniter\Database\BaseConnection->query('SELECT *\nFROM `...', Array, false)
#4 C:\xampp\htdocs\newhepc\system\Model.php(241): CodeIgniter\Database\BaseBuilder->get()
#5 C:\xampp\htdocs\newhepc\system\BaseModel.php(618): CodeIgniter\Model->doFindAll(0, 0)
#6 C:\xampp\htdocs\newhepc\app\Services\bannerService.php(16): CodeIgniter\BaseModel->findAll()
#7 C:\xampp\htdocs\newhepc\app\Controllers\HomeController.php(25): App\Services\bannerService->getBannersForHomePage()
#8 C:\xampp\htdocs\newhepc\system\CodeIgniter.php(932): App\Controllers\HomeController->index()
#9 C:\xampp\htdocs\newhepc\system\CodeIgniter.php(497): CodeIgniter\CodeIgniter->runController(Object(App\Controllers\HomeController))
#10 C:\xampp\htdocs\newhepc\system\CodeIgniter.php(366): CodeIgniter\CodeIgniter->handleRequest(NULL, Object(Config\Cache), false)
#11 C:\xampp\htdocs\newhepc\public\index.php(67): CodeIgniter\CodeIgniter->run()
#12 {main}
CRITICAL - 2023-07-28 01:39:17 --> Table 'new_hepc.banner' doesn't exist
in SYSTEMPATH\Database\MySQLi\Connection.php on line 295.
 1 SYSTEMPATH\Database\MySQLi\Connection.php(295): mysqli->query('SELECT *
FROM `banner`
WHERE `Status` != \'0\'
AND `censor` != \'0\'', 0)
 2 SYSTEMPATH\Database\BaseConnection.php(692): CodeIgniter\Database\MySQLi\Connection->execute('SELECT *
FROM `banner`
WHERE `Status` != \'0\'
AND `censor` != \'0\'')
 3 SYSTEMPATH\Database\BaseConnection.php(606): CodeIgniter\Database\BaseConnection->simpleQuery('SELECT *
FROM `banner`
WHERE `Status` != \'0\'
AND `censor` != \'0\'')
 4 SYSTEMPATH\Database\BaseBuilder.php(1616): CodeIgniter\Database\BaseConnection->query('SELECT *
FROM `banner`
WHERE `Status` != :Status:
AND `censor` != :censor:', [...], false)
 5 SYSTEMPATH\Model.php(241): CodeIgniter\Database\BaseBuilder->get()
 6 SYSTEMPATH\BaseModel.php(618): CodeIgniter\Model->doFindAll(0, 0)
 7 APPPATH\Services\bannerService.php(16): CodeIgniter\BaseModel->findAll()
 8 APPPATH\Controllers\HomeController.php(25): App\Services\bannerService->getBannersForHomePage()
 9 SYSTEMPATH\CodeIgniter.php(932): App\Controllers\HomeController->index()
10 SYSTEMPATH\CodeIgniter.php(497): CodeIgniter\CodeIgniter->runController(Object(App\Controllers\HomeController))
11 SYSTEMPATH\CodeIgniter.php(366): CodeIgniter\CodeIgniter->handleRequest(null, Object(Config\Cache), false)
12 FCPATH\index.php(67): CodeIgniter\CodeIgniter->run()
ERROR - 2023-07-28 01:39:17 --> mysqli_sql_exception: Table 'new_hepc.banner' doesn't exist in C:\xampp\htdocs\newhepc\system\Database\MySQLi\Connection.php:295
Stack trace:
#0 C:\xampp\htdocs\newhepc\system\Database\MySQLi\Connection.php(295): mysqli->query('SELECT *\nFROM `...', 0)
#1 C:\xampp\htdocs\newhepc\system\Database\BaseConnection.php(692): CodeIgniter\Database\MySQLi\Connection->execute('SELECT *\nFROM `...')
#2 C:\xampp\htdocs\newhepc\system\Database\BaseConnection.php(606): CodeIgniter\Database\BaseConnection->simpleQuery('SELECT *\nFROM `...')
#3 C:\xampp\htdocs\newhepc\system\Database\BaseBuilder.php(1616): CodeIgniter\Database\BaseConnection->query('SELECT *\nFROM `...', Array, false)
#4 C:\xampp\htdocs\newhepc\system\Model.php(241): CodeIgniter\Database\BaseBuilder->get()
#5 C:\xampp\htdocs\newhepc\system\BaseModel.php(618): CodeIgniter\Model->doFindAll(0, 0)
#6 C:\xampp\htdocs\newhepc\app\Services\bannerService.php(16): CodeIgniter\BaseModel->findAll()
#7 C:\xampp\htdocs\newhepc\app\Controllers\HomeController.php(25): App\Services\bannerService->getBannersForHomePage()
#8 C:\xampp\htdocs\newhepc\system\CodeIgniter.php(932): App\Controllers\HomeController->index()
#9 C:\xampp\htdocs\newhepc\system\CodeIgniter.php(497): CodeIgniter\CodeIgniter->runController(Object(App\Controllers\HomeController))
#10 C:\xampp\htdocs\newhepc\system\CodeIgniter.php(366): CodeIgniter\CodeIgniter->handleRequest(NULL, Object(Config\Cache), false)
#11 C:\xampp\htdocs\newhepc\public\index.php(67): CodeIgniter\CodeIgniter->run()
#12 {main}
CRITICAL - 2023-07-28 01:39:17 --> Table 'new_hepc.banner' doesn't exist
in SYSTEMPATH\Database\MySQLi\Connection.php on line 295.
 1 SYSTEMPATH\Database\MySQLi\Connection.php(295): mysqli->query('SELECT *
FROM `banner`
WHERE `Status` != \'0\'
AND `censor` != \'0\'', 0)
 2 SYSTEMPATH\Database\BaseConnection.php(692): CodeIgniter\Database\MySQLi\Connection->execute('SELECT *
FROM `banner`
WHERE `Status` != \'0\'
AND `censor` != \'0\'')
 3 SYSTEMPATH\Database\BaseConnection.php(606): CodeIgniter\Database\BaseConnection->simpleQuery('SELECT *
FROM `banner`
WHERE `Status` != \'0\'
AND `censor` != \'0\'')
 4 SYSTEMPATH\Database\BaseBuilder.php(1616): CodeIgniter\Database\BaseConnection->query('SELECT *
FROM `banner`
WHERE `Status` != :Status:
AND `censor` != :censor:', [...], false)
 5 SYSTEMPATH\Model.php(241): CodeIgniter\Database\BaseBuilder->get()
 6 SYSTEMPATH\BaseModel.php(618): CodeIgniter\Model->doFindAll(0, 0)
 7 APPPATH\Services\bannerService.php(16): CodeIgniter\BaseModel->findAll()
 8 APPPATH\Controllers\HomeController.php(25): App\Services\bannerService->getBannersForHomePage()
 9 SYSTEMPATH\CodeIgniter.php(932): App\Controllers\HomeController->index()
10 SYSTEMPATH\CodeIgniter.php(497): CodeIgniter\CodeIgniter->runController(Object(App\Controllers\HomeController))
11 SYSTEMPATH\CodeIgniter.php(366): CodeIgniter\CodeIgniter->handleRequest(null, Object(Config\Cache), false)
12 FCPATH\index.php(67): CodeIgniter\CodeIgniter->run()
ERROR - 2023-07-28 01:39:18 --> mysqli_sql_exception: Table 'new_hepc.banner' doesn't exist in C:\xampp\htdocs\newhepc\system\Database\MySQLi\Connection.php:295
Stack trace:
#0 C:\xampp\htdocs\newhepc\system\Database\MySQLi\Connection.php(295): mysqli->query('SELECT *\nFROM `...', 0)
#1 C:\xampp\htdocs\newhepc\system\Database\BaseConnection.php(692): CodeIgniter\Database\MySQLi\Connection->execute('SELECT *\nFROM `...')
#2 C:\xampp\htdocs\newhepc\system\Database\BaseConnection.php(606): CodeIgniter\Database\BaseConnection->simpleQuery('SELECT *\nFROM `...')
#3 C:\xampp\htdocs\newhepc\system\Database\BaseBuilder.php(1616): CodeIgniter\Database\BaseConnection->query('SELECT *\nFROM `...', Array, false)
#4 C:\xampp\htdocs\newhepc\system\Model.php(241): CodeIgniter\Database\BaseBuilder->get()
#5 C:\xampp\htdocs\newhepc\system\BaseModel.php(618): CodeIgniter\Model->doFindAll(0, 0)
#6 C:\xampp\htdocs\newhepc\app\Services\bannerService.php(16): CodeIgniter\BaseModel->findAll()
#7 C:\xampp\htdocs\newhepc\app\Controllers\HomeController.php(25): App\Services\bannerService->getBannersForHomePage()
#8 C:\xampp\htdocs\newhepc\system\CodeIgniter.php(932): App\Controllers\HomeController->index()
#9 C:\xampp\htdocs\newhepc\system\CodeIgniter.php(497): CodeIgniter\CodeIgniter->runController(Object(App\Controllers\HomeController))
#10 C:\xampp\htdocs\newhepc\system\CodeIgniter.php(366): CodeIgniter\CodeIgniter->handleRequest(NULL, Object(Config\Cache), false)
#11 C:\xampp\htdocs\newhepc\public\index.php(67): CodeIgniter\CodeIgniter->run()
#12 {main}
CRITICAL - 2023-07-28 01:39:18 --> Table 'new_hepc.banner' doesn't exist
in SYSTEMPATH\Database\MySQLi\Connection.php on line 295.
 1 SYSTEMPATH\Database\MySQLi\Connection.php(295): mysqli->query('SELECT *
FROM `banner`
WHERE `Status` != \'0\'
AND `censor` != \'0\'', 0)
 2 SYSTEMPATH\Database\BaseConnection.php(692): CodeIgniter\Database\MySQLi\Connection->execute('SELECT *
FROM `banner`
WHERE `Status` != \'0\'
AND `censor` != \'0\'')
 3 SYSTEMPATH\Database\BaseConnection.php(606): CodeIgniter\Database\BaseConnection->simpleQuery('SELECT *
FROM `banner`
WHERE `Status` != \'0\'
AND `censor` != \'0\'')
 4 SYSTEMPATH\Database\BaseBuilder.php(1616): CodeIgniter\Database\BaseConnection->query('SELECT *
FROM `banner`
WHERE `Status` != :Status:
AND `censor` != :censor:', [...], false)
 5 SYSTEMPATH\Model.php(241): CodeIgniter\Database\BaseBuilder->get()
 6 SYSTEMPATH\BaseModel.php(618): CodeIgniter\Model->doFindAll(0, 0)
 7 APPPATH\Services\bannerService.php(16): CodeIgniter\BaseModel->findAll()
 8 APPPATH\Controllers\HomeController.php(25): App\Services\bannerService->getBannersForHomePage()
 9 SYSTEMPATH\CodeIgniter.php(932): App\Controllers\HomeController->index()
10 SYSTEMPATH\CodeIgniter.php(497): CodeIgniter\CodeIgniter->runController(Object(App\Controllers\HomeController))
11 SYSTEMPATH\CodeIgniter.php(366): CodeIgniter\CodeIgniter->handleRequest(null, Object(Config\Cache), false)
12 FCPATH\index.php(67): CodeIgniter\CodeIgniter->run()
ERROR - 2023-07-28 01:39:18 --> mysqli_sql_exception: Table 'new_hepc.banner' doesn't exist in C:\xampp\htdocs\newhepc\system\Database\MySQLi\Connection.php:295
Stack trace:
#0 C:\xampp\htdocs\newhepc\system\Database\MySQLi\Connection.php(295): mysqli->query('SELECT *\nFROM `...', 0)
#1 C:\xampp\htdocs\newhepc\system\Database\BaseConnection.php(692): CodeIgniter\Database\MySQLi\Connection->execute('SELECT *\nFROM `...')
#2 C:\xampp\htdocs\newhepc\system\Database\BaseConnection.php(606): CodeIgniter\Database\BaseConnection->simpleQuery('SELECT *\nFROM `...')
#3 C:\xampp\htdocs\newhepc\system\Database\BaseBuilder.php(1616): CodeIgniter\Database\BaseConnection->query('SELECT *\nFROM `...', Array, false)
#4 C:\xampp\htdocs\newhepc\system\Model.php(241): CodeIgniter\Database\BaseBuilder->get()
#5 C:\xampp\htdocs\newhepc\system\BaseModel.php(618): CodeIgniter\Model->doFindAll(0, 0)
#6 C:\xampp\htdocs\newhepc\app\Services\bannerService.php(16): CodeIgniter\BaseModel->findAll()
#7 C:\xampp\htdocs\newhepc\app\Controllers\HomeController.php(25): App\Services\bannerService->getBannersForHomePage()
#8 C:\xampp\htdocs\newhepc\system\CodeIgniter.php(932): App\Controllers\HomeController->index()
#9 C:\xampp\htdocs\newhepc\system\CodeIgniter.php(497): CodeIgniter\CodeIgniter->runController(Object(App\Controllers\HomeController))
#10 C:\xampp\htdocs\newhepc\system\CodeIgniter.php(366): CodeIgniter\CodeIgniter->handleRequest(NULL, Object(Config\Cache), false)
#11 C:\xampp\htdocs\newhepc\public\index.php(67): CodeIgniter\CodeIgniter->run()
#12 {main}
CRITICAL - 2023-07-28 01:39:18 --> Table 'new_hepc.banner' doesn't exist
in SYSTEMPATH\Database\MySQLi\Connection.php on line 295.
 1 SYSTEMPATH\Database\MySQLi\Connection.php(295): mysqli->query('SELECT *
FROM `banner`
WHERE `Status` != \'0\'
AND `censor` != \'0\'', 0)
 2 SYSTEMPATH\Database\BaseConnection.php(692): CodeIgniter\Database\MySQLi\Connection->execute('SELECT *
FROM `banner`
WHERE `Status` != \'0\'
AND `censor` != \'0\'')
 3 SYSTEMPATH\Database\BaseConnection.php(606): CodeIgniter\Database\BaseConnection->simpleQuery('SELECT *
FROM `banner`
WHERE `Status` != \'0\'
AND `censor` != \'0\'')
 4 SYSTEMPATH\Database\BaseBuilder.php(1616): CodeIgniter\Database\BaseConnection->query('SELECT *
FROM `banner`
WHERE `Status` != :Status:
AND `censor` != :censor:', [...], false)
 5 SYSTEMPATH\Model.php(241): CodeIgniter\Database\BaseBuilder->get()
 6 SYSTEMPATH\BaseModel.php(618): CodeIgniter\Model->doFindAll(0, 0)
 7 APPPATH\Services\bannerService.php(16): CodeIgniter\BaseModel->findAll()
 8 APPPATH\Controllers\HomeController.php(25): App\Services\bannerService->getBannersForHomePage()
 9 SYSTEMPATH\CodeIgniter.php(932): App\Controllers\HomeController->index()
10 SYSTEMPATH\CodeIgniter.php(497): CodeIgniter\CodeIgniter->runController(Object(App\Controllers\HomeController))
11 SYSTEMPATH\CodeIgniter.php(366): CodeIgniter\CodeIgniter->handleRequest(null, Object(Config\Cache), false)
12 FCPATH\index.php(67): CodeIgniter\CodeIgniter->run()
CRITICAL - 2023-07-28 02:51:56 --> Invalid file: "layouts/header.php"
in SYSTEMPATH\Exceptions\FrameworkException.php on line 33.
 1 SYSTEMPATH\View\View.php(212): CodeIgniter\Exceptions\FrameworkException::forInvalidFile('layouts/header.php')
 2 SYSTEMPATH\Common.php(1180): CodeIgniter\View\View->render('layouts/header', [], true)
 3 APPPATH\Controllers\BaseController.php(61): view('layouts/header')
 4 APPPATH\Controllers\HomeController.php(31): App\Controllers\BaseController->loadLayout([...], 'HEPC', 'pages/home', [...], [], [])
 5 SYSTEMPATH\CodeIgniter.php(932): App\Controllers\HomeController->index()
 6 SYSTEMPATH\CodeIgniter.php(497): CodeIgniter\CodeIgniter->runController(Object(App\Controllers\HomeController))
 7 SYSTEMPATH\CodeIgniter.php(366): CodeIgniter\CodeIgniter->handleRequest(null, Object(Config\Cache), false)
 8 FCPATH\index.php(67): CodeIgniter\CodeIgniter->run()
CRITICAL - 2023-07-28 03:02:24 --> Invalid file: "layouts/banner.php"
in SYSTEMPATH\Exceptions\FrameworkException.php on line 33.
 1 SYSTEMPATH\View\View.php(212): CodeIgniter\Exceptions\FrameworkException::forInvalidFile('layouts/banner.php')
 2 SYSTEMPATH\Common.php(1180): CodeIgniter\View\View->render('layouts/banner', [], true)
 3 APPPATH\Views\publicPage\pages\introducePage.php(1): view('layouts/banner', [...])
 4 SYSTEMPATH\View\View.php(224): include('C:\\xampp\\htdocs\\newhepc\\app\\Views\\publicPage\\pages\\introducePage.php')
 5 SYSTEMPATH\View\View.php(227): CodeIgniter\View\View->CodeIgniter\View\{closure}()
 6 SYSTEMPATH\Common.php(1180): CodeIgniter\View\View->render('publicPage/pages/introducePage', [], true)
 7 APPPATH\Controllers\BaseController.php(62): view('publicPage/pages/introducePage', [...])
 8 APPPATH\Controllers\BaseController.php(76): App\Controllers\BaseController->loadLayout([...], 'Sơ đồ tổ chức', 'publicPage/pages/introducePage', [...], [], [])
 9 APPPATH\Controllers\IntroduceController.php(24): App\Controllers\BaseController->checkPageExits([...], 'publicPage/pages/introducePage', [...])
10 SYSTEMPATH\CodeIgniter.php(932): App\Controllers\IntroduceController->showIntroduce('So-do-to-chuc')
11 SYSTEMPATH\CodeIgniter.php(497): CodeIgniter\CodeIgniter->runController(Object(App\Controllers\IntroduceController))
12 SYSTEMPATH\CodeIgniter.php(366): CodeIgniter\CodeIgniter->handleRequest(null, Object(Config\Cache), false)
13 FCPATH\index.php(67): CodeIgniter\CodeIgniter->run()
CRITICAL - 2023-07-28 03:06:04 --> Invalid file: "masterPage.php"
in SYSTEMPATH\Exceptions\FrameworkException.php on line 33.
 1 SYSTEMPATH\View\View.php(212): CodeIgniter\Exceptions\FrameworkException::forInvalidFile('masterPage.php')
 2 SYSTEMPATH\Common.php(1180): CodeIgniter\View\View->render('masterPage', [], true)
 3 APPPATH\Controllers\LoginController.php(28): view('masterPage', [...])
 4 SYSTEMPATH\CodeIgniter.php(932): App\Controllers\LoginController->index()
 5 SYSTEMPATH\CodeIgniter.php(497): CodeIgniter\CodeIgniter->runController(Object(App\Controllers\LoginController))
 6 SYSTEMPATH\CodeIgniter.php(366): CodeIgniter\CodeIgniter->handleRequest(null, Object(Config\Cache), false)
 7 FCPATH\index.php(67): CodeIgniter\CodeIgniter->run()
CRITICAL - 2023-07-28 03:08:05 --> Class "load404page" not found
in SYSTEMPATH\CodeIgniter.php on line 904.
 1 SYSTEMPATH\CodeIgniter.php(960): CodeIgniter\CodeIgniter->createController()
 2 SYSTEMPATH\CodeIgniter.php(385): CodeIgniter\CodeIgniter->display404errors(Object(CodeIgniter\Exceptions\PageNotFoundException))
 3 FCPATH\index.php(67): CodeIgniter\CodeIgniter->run()
CRITICAL - 2023-07-28 03:10:13 --> Class "load404page" not found
in SYSTEMPATH\CodeIgniter.php on line 904.
 1 SYSTEMPATH\CodeIgniter.php(960): CodeIgniter\CodeIgniter->createController()
 2 SYSTEMPATH\CodeIgniter.php(385): CodeIgniter\CodeIgniter->display404errors(Object(CodeIgniter\Exceptions\PageNotFoundException))
 3 FCPATH\index.php(67): CodeIgniter\CodeIgniter->run()
CRITICAL - 2023-07-28 03:12:24 --> Cannot instantiate abstract class App\Controllers\BaseController
in SYSTEMPATH\CodeIgniter.php on line 904.
 1 SYSTEMPATH\CodeIgniter.php(960): CodeIgniter\CodeIgniter->createController()
 2 SYSTEMPATH\CodeIgniter.php(385): CodeIgniter\CodeIgniter->display404errors(Object(CodeIgniter\Exceptions\PageNotFoundException))
 3 FCPATH\index.php(67): CodeIgniter\CodeIgniter->run()
CRITICAL - 2023-07-28 03:18:28 --> Invalid file: "public/pages/404.php"
in SYSTEMPATH\Exceptions\FrameworkException.php on line 33.
 1 SYSTEMPATH\View\View.php(212): CodeIgniter\Exceptions\FrameworkException::forInvalidFile('public/pages/404.php')
 2 SYSTEMPATH\Common.php(1180): CodeIgniter\View\View->render('public/pages/404', [], true)
 3 APPPATH\Config\Routes.php(20): view('public/pages/404')
 4 SYSTEMPATH\CodeIgniter.php(952): CodeIgniter\Router\RouteCollection::Config\{closure}('Can\'t find a route for \'get: d025\'.')
 5 SYSTEMPATH\CodeIgniter.php(385): CodeIgniter\CodeIgniter->display404errors(Object(CodeIgniter\Exceptions\PageNotFoundException))
 6 FCPATH\index.php(67): CodeIgniter\CodeIgniter->run()
CRITICAL - 2023-07-28 03:37:17 --> Can't use function return value in write context
in APPPATH\Controllers\LoginController.php on line 44.
 1 [internal function]: CodeIgniter\Debug\Exceptions->shutdownHandler()
CRITICAL - 2023-07-28 03:40:56 --> Invalid file: "publicPagepages/404.php"
in SYSTEMPATH\Exceptions\FrameworkException.php on line 33.
 1 SYSTEMPATH\View\View.php(212): CodeIgniter\Exceptions\FrameworkException::forInvalidFile('publicPagepages/404.php')
 2 SYSTEMPATH\Common.php(1180): CodeIgniter\View\View->render('publicPagepages/404', [], true)
 3 APPPATH\Controllers\BaseController.php(62): view('publicPagepages/404', [])
 4 APPPATH\Controllers\BaseController.php(84): App\Controllers\BaseController->loadLayout([...], 'HEPC', 'publicPagepages/404', [], [], [])
 5 APPPATH\Controllers\HTDController.php(43): App\Controllers\BaseController->load404page()
 6 SYSTEMPATH\CodeIgniter.php(932): App\Controllers\HTDController->getNewsOfCatalogueHTD('fsfs')
 7 SYSTEMPATH\CodeIgniter.php(497): CodeIgniter\CodeIgniter->runController(Object(App\Controllers\HTDController))
 8 SYSTEMPATH\CodeIgniter.php(366): CodeIgniter\CodeIgniter->handleRequest(null, Object(Config\Cache), false)
 9 FCPATH\index.php(67): CodeIgniter\CodeIgniter->run()
CRITICAL - 2023-07-28 03:51:36 --> The route for "/dang-nhap" cannot be found.
in SYSTEMPATH\HTTP\RedirectResponse.php on line 60.
 1 SYSTEMPATH\HTTP\RedirectResponse.php(60): CodeIgniter\HTTP\Exceptions\HTTPException::forInvalidRedirectRoute('/dang-nhap')
 2 SYSTEMPATH\Common.php(876): CodeIgniter\HTTP\RedirectResponse->route(false)
 3 APPPATH\Filters\authenicatorFilter.php(15): redirect('/dang-nhap')
 4 SYSTEMPATH\Filters\Filters.php(173): App\Filters\authenicatorFilter->before(Object(CodeIgniter\HTTP\IncomingRequest), null)
 5 SYSTEMPATH\CodeIgniter.php(471): CodeIgniter\Filters\Filters->run('admin/quan-tri', 'before')
 6 SYSTEMPATH\CodeIgniter.php(366): CodeIgniter\CodeIgniter->handleRequest(null, Object(Config\Cache), false)
 7 FCPATH\index.php(67): CodeIgniter\CodeIgniter->run()
CRITICAL - 2023-07-28 03:52:38 --> The route for "/dang-nhap" cannot be found.
in SYSTEMPATH\HTTP\RedirectResponse.php on line 60.
 1 SYSTEMPATH\HTTP\RedirectResponse.php(60): CodeIgniter\HTTP\Exceptions\HTTPException::forInvalidRedirectRoute('/dang-nhap')
 2 SYSTEMPATH\Common.php(876): CodeIgniter\HTTP\RedirectResponse->route(false)
 3 APPPATH\Filters\authenicatorFilter.php(15): redirect('/dang-nhap')
 4 SYSTEMPATH\Filters\Filters.php(173): App\Filters\authenicatorFilter->before(Object(CodeIgniter\HTTP\IncomingRequest), null)
 5 SYSTEMPATH\CodeIgniter.php(471): CodeIgniter\Filters\Filters->run('admin/quan-tri', 'before')
 6 SYSTEMPATH\CodeIgniter.php(366): CodeIgniter\CodeIgniter->handleRequest(null, Object(Config\Cache), false)
 7 FCPATH\index.php(67): CodeIgniter\CodeIgniter->run()
CRITICAL - 2023-07-28 03:54:50 --> The route for "/dang-nhap" cannot be found.
in SYSTEMPATH\HTTP\RedirectResponse.php on line 60.
 1 SYSTEMPATH\HTTP\RedirectResponse.php(60): CodeIgniter\HTTP\Exceptions\HTTPException::forInvalidRedirectRoute('/dang-nhap')
 2 SYSTEMPATH\Common.php(876): CodeIgniter\HTTP\RedirectResponse->route(false)
 3 APPPATH\Filters\authenicatorFilter.php(15): redirect('/dang-nhap')
 4 SYSTEMPATH\Filters\Filters.php(173): App\Filters\authenicatorFilter->before(Object(CodeIgniter\HTTP\IncomingRequest), null)
 5 SYSTEMPATH\CodeIgniter.php(471): CodeIgniter\Filters\Filters->run('admin/quan-tri', 'before')
 6 SYSTEMPATH\CodeIgniter.php(366): CodeIgniter\CodeIgniter->handleRequest(null, Object(Config\Cache), false)
 7 FCPATH\index.php(67): CodeIgniter\CodeIgniter->run()
CRITICAL - 2023-07-28 03:55:21 --> The route for "./dang-nhap" cannot be found.
in SYSTEMPATH\HTTP\RedirectResponse.php on line 60.
 1 SYSTEMPATH\HTTP\RedirectResponse.php(60): CodeIgniter\HTTP\Exceptions\HTTPException::forInvalidRedirectRoute('./dang-nhap')
 2 SYSTEMPATH\Common.php(876): CodeIgniter\HTTP\RedirectResponse->route(false)
 3 APPPATH\Filters\authenicatorFilter.php(15): redirect('./dang-nhap')
 4 SYSTEMPATH\Filters\Filters.php(173): App\Filters\authenicatorFilter->before(Object(CodeIgniter\HTTP\IncomingRequest), null)
 5 SYSTEMPATH\CodeIgniter.php(471): CodeIgniter\Filters\Filters->run('admin/quan-tri', 'before')
 6 SYSTEMPATH\CodeIgniter.php(366): CodeIgniter\CodeIgniter->handleRequest(null, Object(Config\Cache), false)
 7 FCPATH\index.php(67): CodeIgniter\CodeIgniter->run()
CRITICAL - 2023-07-28 03:55:28 --> The route for "../dang-nhap" cannot be found.
in SYSTEMPATH\HTTP\RedirectResponse.php on line 60.
 1 SYSTEMPATH\HTTP\RedirectResponse.php(60): CodeIgniter\HTTP\Exceptions\HTTPException::forInvalidRedirectRoute('../dang-nhap')
 2 SYSTEMPATH\Common.php(876): CodeIgniter\HTTP\RedirectResponse->route(false)
 3 APPPATH\Filters\authenicatorFilter.php(15): redirect('../dang-nhap')
 4 SYSTEMPATH\Filters\Filters.php(173): App\Filters\authenicatorFilter->before(Object(CodeIgniter\HTTP\IncomingRequest), null)
 5 SYSTEMPATH\CodeIgniter.php(471): CodeIgniter\Filters\Filters->run('admin/quan-tri', 'before')
 6 SYSTEMPATH\CodeIgniter.php(366): CodeIgniter\CodeIgniter->handleRequest(null, Object(Config\Cache), false)
 7 FCPATH\index.php(67): CodeIgniter\CodeIgniter->run()
CRITICAL - 2023-07-28 03:56:16 --> The route for "/dang-nhap" cannot be found.
in SYSTEMPATH\HTTP\RedirectResponse.php on line 60.
 1 SYSTEMPATH\HTTP\RedirectResponse.php(60): CodeIgniter\HTTP\Exceptions\HTTPException::forInvalidRedirectRoute('/dang-nhap')
 2 SYSTEMPATH\Common.php(876): CodeIgniter\HTTP\RedirectResponse->route(false)
 3 APPPATH\Filters\authenicatorFilter.php(15): redirect('/dang-nhap')
 4 SYSTEMPATH\Filters\Filters.php(173): App\Filters\authenicatorFilter->before(Object(CodeIgniter\HTTP\IncomingRequest), null)
 5 SYSTEMPATH\CodeIgniter.php(471): CodeIgniter\Filters\Filters->run('admin/quan-tri', 'before')
 6 SYSTEMPATH\CodeIgniter.php(366): CodeIgniter\CodeIgniter->handleRequest(null, Object(Config\Cache), false)
 7 FCPATH\index.php(67): CodeIgniter\CodeIgniter->run()
CRITICAL - 2023-07-28 04:13:21 --> Invalid file: "App\Views\layouts\pagination.php"
in SYSTEMPATH\Exceptions\FrameworkException.php on line 33.
 1 SYSTEMPATH\View\View.php(212): CodeIgniter\Exceptions\FrameworkException::forInvalidFile('App\\Views\\layouts\\pagination.php')
 2 SYSTEMPATH\Pager\Pager.php(126): CodeIgniter\View\View->render('App\\Views\\layouts\\pagination', null, false)
 3 SYSTEMPATH\Pager\Pager.php(83): CodeIgniter\Pager\Pager->displayLinks('default', 'custom_pagination')
 4 APPPATH\Views\publicPage\subMasterPage.php(11): CodeIgniter\Pager\Pager->links('default', 'custom_pagination')
 5 SYSTEMPATH\View\View.php(224): include('C:\\xampp\\htdocs\\newhepc\\app\\Views\\publicPage\\subMasterPage.php')
 6 SYSTEMPATH\View\View.php(227): CodeIgniter\View\View->CodeIgniter\View\{closure}()
 7 SYSTEMPATH\Common.php(1180): CodeIgniter\View\View->render('publicPage/subMasterPage', [], true)
 8 APPPATH\Controllers\BaseController.php(62): view('publicPage/subMasterPage', [...])
 9 APPPATH\Controllers\TimeTableController.php(23): App\Controllers\BaseController->loadLayout([...], 'Thời khóa biểu', 'publicPage/subMasterPage', [...], [], [])
10 SYSTEMPATH\CodeIgniter.php(932): App\Controllers\TimeTableController->index()
11 SYSTEMPATH\CodeIgniter.php(497): CodeIgniter\CodeIgniter->runController(Object(App\Controllers\TimeTableController))
12 SYSTEMPATH\CodeIgniter.php(366): CodeIgniter\CodeIgniter->handleRequest(null, Object(Config\Cache), false)
13 FCPATH\index.php(67): CodeIgniter\CodeIgniter->run()
CRITICAL - 2023-07-28 06:58:16 --> Invalid file: "adminPage/leftMenu.php"
in SYSTEMPATH\Exceptions\FrameworkException.php on line 33.
 1 SYSTEMPATH\View\View.php(212): CodeIgniter\Exceptions\FrameworkException::forInvalidFile('adminPage/leftMenu.php')
 2 SYSTEMPATH\Common.php(1180): CodeIgniter\View\View->render('adminPage/leftMenu', [], true)
 3 APPPATH\Controllers\BaseController.php(91): view('adminPage/leftMenu')
 4 APPPATH\Controllers\Admin_HomeController.php(18): App\Controllers\BaseController->loadAdminLayout([...], 'Trang chủ', 'adminPage/masterPage', [], [], [])
 5 SYSTEMPATH\CodeIgniter.php(932): App\Controllers\Admin_HomeController->index()
 6 SYSTEMPATH\CodeIgniter.php(497): CodeIgniter\CodeIgniter->runController(Object(App\Controllers\Admin_HomeController))
 7 SYSTEMPATH\CodeIgniter.php(366): CodeIgniter\CodeIgniter->handleRequest(null, Object(Config\Cache), false)
 8 FCPATH\index.php(67): CodeIgniter\CodeIgniter->run()
CRITICAL - 2023-07-28 06:58:50 --> Trying to access array offset on value of type null
in APPPATH\Views\adminPage\layouts\leftMenu.php on line 11.
 1 APPPATH\Views\adminPage\layouts\leftMenu.php(11): CodeIgniter\Debug\Exceptions->errorHandler(2, 'Trying to access array offset on value of type null', 'C:\\xampp\\htdocs\\newhepc\\app\\Views\\adminPage\\layouts\\leftMenu.php', 11)
 2 SYSTEMPATH\View\View.php(224): include('C:\\xampp\\htdocs\\newhepc\\app\\Views\\adminPage\\layouts\\leftMenu.php')
 3 SYSTEMPATH\View\View.php(227): CodeIgniter\View\View->CodeIgniter\View\{closure}()
 4 SYSTEMPATH\Common.php(1180): CodeIgniter\View\View->render('adminPage/layouts/leftMenu', [], true)
 5 APPPATH\Controllers\BaseController.php(91): view('adminPage/layouts/leftMenu')
 6 APPPATH\Controllers\Admin_HomeController.php(18): App\Controllers\BaseController->loadAdminLayout([...], 'Trang chủ', 'adminPage/masterPage', [], [], [])
 7 SYSTEMPATH\CodeIgniter.php(932): App\Controllers\Admin_HomeController->index()
 8 SYSTEMPATH\CodeIgniter.php(497): CodeIgniter\CodeIgniter->runController(Object(App\Controllers\Admin_HomeController))
 9 SYSTEMPATH\CodeIgniter.php(366): CodeIgniter\CodeIgniter->handleRequest(null, Object(Config\Cache), false)
10 FCPATH\index.php(67): CodeIgniter\CodeIgniter->run()
CRITICAL - 2023-07-28 06:59:09 --> Undefined variable $page
in APPPATH\Views\publicPage\masterPage.php on line 25.
 1 APPPATH\Views\publicPage\masterPage.php(25): CodeIgniter\Debug\Exceptions->errorHandler(2, 'Undefined variable $page', 'C:\\xampp\\htdocs\\newhepc\\app\\Views\\publicPage\\masterPage.php', 25)
 2 SYSTEMPATH\View\View.php(224): include('C:\\xampp\\htdocs\\newhepc\\app\\Views\\publicPage\\masterPage.php')
 3 SYSTEMPATH\View\View.php(227): CodeIgniter\View\View->CodeIgniter\View\{closure}()
 4 SYSTEMPATH\Common.php(1180): CodeIgniter\View\View->render('publicPage/masterPage', [], true)
 5 APPPATH\Controllers\Admin_HomeController.php(19): view('publicPage/masterPage', [...])
 6 SYSTEMPATH\CodeIgniter.php(932): App\Controllers\Admin_HomeController->index()
 7 SYSTEMPATH\CodeIgniter.php(497): CodeIgniter\CodeIgniter->runController(Object(App\Controllers\Admin_HomeController))
 8 SYSTEMPATH\CodeIgniter.php(366): CodeIgniter\CodeIgniter->handleRequest(null, Object(Config\Cache), false)
 9 FCPATH\index.php(67): CodeIgniter\CodeIgniter->run()
CRITICAL - 2023-07-28 06:59:43 --> Undefined variable $page
in APPPATH\Views\publicPage\masterPage.php on line 25.
 1 APPPATH\Views\publicPage\masterPage.php(25): CodeIgniter\Debug\Exceptions->errorHandler(2, 'Undefined variable $page', 'C:\\xampp\\htdocs\\newhepc\\app\\Views\\publicPage\\masterPage.php', 25)
 2 SYSTEMPATH\View\View.php(224): include('C:\\xampp\\htdocs\\newhepc\\app\\Views\\publicPage\\masterPage.php')
 3 SYSTEMPATH\View\View.php(227): CodeIgniter\View\View->CodeIgniter\View\{closure}()
 4 SYSTEMPATH\Common.php(1180): CodeIgniter\View\View->render('publicPage/masterPage', [], true)
 5 APPPATH\Controllers\Admin_HomeController.php(19): view('publicPage/masterPage', [...])
 6 SYSTEMPATH\CodeIgniter.php(932): App\Controllers\Admin_HomeController->index()
 7 SYSTEMPATH\CodeIgniter.php(497): CodeIgniter\CodeIgniter->runController(Object(App\Controllers\Admin_HomeController))
 8 SYSTEMPATH\CodeIgniter.php(366): CodeIgniter\CodeIgniter->handleRequest(null, Object(Config\Cache), false)
 9 FCPATH\index.php(67): CodeIgniter\CodeIgniter->run()
CRITICAL - 2023-07-28 07:00:06 --> Undefined variable $cssLib
in APPPATH\Views\adminPage\masterPage.php on line 18.
 1 APPPATH\Views\adminPage\masterPage.php(18): CodeIgniter\Debug\Exceptions->errorHandler(2, 'Undefined variable $cssLib', 'C:\\xampp\\htdocs\\newhepc\\app\\Views\\adminPage\\masterPage.php', 18)
 2 SYSTEMPATH\View\View.php(224): include('C:\\xampp\\htdocs\\newhepc\\app\\Views\\adminPage\\masterPage.php')
 3 SYSTEMPATH\View\View.php(227): CodeIgniter\View\View->CodeIgniter\View\{closure}()
 4 SYSTEMPATH\Common.php(1180): CodeIgniter\View\View->render('adminPage/masterPage', [], true)
 5 APPPATH\Controllers\Admin_HomeController.php(19): view('adminPage/masterPage', [...])
 6 SYSTEMPATH\CodeIgniter.php(932): App\Controllers\Admin_HomeController->index()
 7 SYSTEMPATH\CodeIgniter.php(497): CodeIgniter\CodeIgniter->runController(Object(App\Controllers\Admin_HomeController))
 8 SYSTEMPATH\CodeIgniter.php(366): CodeIgniter\CodeIgniter->handleRequest(null, Object(Config\Cache), false)
 9 FCPATH\index.php(67): CodeIgniter\CodeIgniter->run()
CRITICAL - 2023-07-28 08:07:04 --> Undefined variable $cssLib
in APPPATH\Views\adminPage\masterPage.php on line 18.
 1 APPPATH\Views\adminPage\masterPage.php(18): CodeIgniter\Debug\Exceptions->errorHandler(2, 'Undefined variable $cssLib', 'C:\\xampp\\htdocs\\newhepc\\app\\Views\\adminPage\\masterPage.php', 18)
 2 SYSTEMPATH\View\View.php(224): include('C:\\xampp\\htdocs\\newhepc\\app\\Views\\adminPage\\masterPage.php')
 3 SYSTEMPATH\View\View.php(227): CodeIgniter\View\View->CodeIgniter\View\{closure}()
 4 SYSTEMPATH\Common.php(1180): CodeIgniter\View\View->render('adminPage/masterPage', [], true)
 5 APPPATH\Controllers\Admin_HomeController.php(21): view('adminPage/masterPage', [...])
 6 SYSTEMPATH\CodeIgniter.php(932): App\Controllers\Admin_HomeController->index()
 7 SYSTEMPATH\CodeIgniter.php(497): CodeIgniter\CodeIgniter->runController(Object(App\Controllers\Admin_HomeController))
 8 SYSTEMPATH\CodeIgniter.php(366): CodeIgniter\CodeIgniter->handleRequest(null, Object(Config\Cache), false)
 9 FCPATH\index.php(67): CodeIgniter\CodeIgniter->run()
CRITICAL - 2023-07-28 08:07:15 --> Undefined variable $cssLib
in APPPATH\Views\adminPage\masterPage.php on line 18.
 1 APPPATH\Views\adminPage\masterPage.php(18): CodeIgniter\Debug\Exceptions->errorHandler(2, 'Undefined variable $cssLib', 'C:\\xampp\\htdocs\\newhepc\\app\\Views\\adminPage\\masterPage.php', 18)
 2 SYSTEMPATH\View\View.php(224): include('C:\\xampp\\htdocs\\newhepc\\app\\Views\\adminPage\\masterPage.php')
 3 SYSTEMPATH\View\View.php(227): CodeIgniter\View\View->CodeIgniter\View\{closure}()
 4 SYSTEMPATH\Common.php(1180): CodeIgniter\View\View->render('adminPage/masterPage', [], true)
 5 APPPATH\Controllers\Admin_HomeController.php(21): view('adminPage/masterPage', [...])
 6 SYSTEMPATH\CodeIgniter.php(932): App\Controllers\Admin_HomeController->index()
 7 SYSTEMPATH\CodeIgniter.php(497): CodeIgniter\CodeIgniter->runController(Object(App\Controllers\Admin_HomeController))
 8 SYSTEMPATH\CodeIgniter.php(366): CodeIgniter\CodeIgniter->handleRequest(null, Object(Config\Cache), false)
 9 FCPATH\index.php(67): CodeIgniter\CodeIgniter->run()
CRITICAL - 2023-07-28 08:07:25 --> Undefined variable $cssLib
in APPPATH\Views\adminPage\masterPage.php on line 18.
 1 APPPATH\Views\adminPage\masterPage.php(18): CodeIgniter\Debug\Exceptions->errorHandler(2, 'Undefined variable $cssLib', 'C:\\xampp\\htdocs\\newhepc\\app\\Views\\adminPage\\masterPage.php', 18)
 2 SYSTEMPATH\View\View.php(224): include('C:\\xampp\\htdocs\\newhepc\\app\\Views\\adminPage\\masterPage.php')
 3 SYSTEMPATH\View\View.php(227): CodeIgniter\View\View->CodeIgniter\View\{closure}()
 4 SYSTEMPATH\Common.php(1180): CodeIgniter\View\View->render('adminPage/masterPage', [], true)
 5 APPPATH\Controllers\Admin_HomeController.php(21): view('adminPage/masterPage', [...])
 6 SYSTEMPATH\CodeIgniter.php(932): App\Controllers\Admin_HomeController->index()
 7 SYSTEMPATH\CodeIgniter.php(497): CodeIgniter\CodeIgniter->runController(Object(App\Controllers\Admin_HomeController))
 8 SYSTEMPATH\CodeIgniter.php(366): CodeIgniter\CodeIgniter->handleRequest(null, Object(Config\Cache), false)
 9 FCPATH\index.php(67): CodeIgniter\CodeIgniter->run()
CRITICAL - 2023-07-28 08:08:19 --> Invalid file: "popups/changePassword.php"
in SYSTEMPATH\Exceptions\FrameworkException.php on line 33.
 1 SYSTEMPATH\View\View.php(212): CodeIgniter\Exceptions\FrameworkException::forInvalidFile('popups/changePassword.php')
 2 SYSTEMPATH\Common.php(1180): CodeIgniter\View\View->render('popups/changePassword', [], true)
 3 APPPATH\Views\adminPage\masterPage.php(34): view('popups/changePassword')
 4 SYSTEMPATH\View\View.php(224): include('C:\\xampp\\htdocs\\newhepc\\app\\Views\\adminPage\\masterPage.php')
 5 SYSTEMPATH\View\View.php(227): CodeIgniter\View\View->CodeIgniter\View\{closure}()
 6 SYSTEMPATH\Common.php(1180): CodeIgniter\View\View->render('adminPage/masterPage', [], true)
 7 APPPATH\Controllers\Admin_HomeController.php(19): view('adminPage/masterPage', [...])
 8 SYSTEMPATH\CodeIgniter.php(932): App\Controllers\Admin_HomeController->index()
 9 SYSTEMPATH\CodeIgniter.php(497): CodeIgniter\CodeIgniter->runController(Object(App\Controllers\Admin_HomeController))
10 SYSTEMPATH\CodeIgniter.php(366): CodeIgniter\CodeIgniter->handleRequest(null, Object(Config\Cache), false)
11 FCPATH\index.php(67): CodeIgniter\CodeIgniter->run()
