CRITICAL - 2023-07-29 09:39:58 --> Invalid file: "message/message.php"
in SYSTEMPATH\Exceptions\FrameworkException.php on line 33.
 1 SYSTEMPATH\View\View.php(212): CodeIgniter\Exceptions\FrameworkException::forInvalidFile('message/message.php')
 2 SYSTEMPATH\Common.php(1180): CodeIgniter\View\View->render('message/message', [], true)
 3 APPPATH\Views\adminPage\pages\userPage.php(5): view('message/message')
 4 SYSTEMPATH\View\View.php(224): include('C:\\xampp\\htdocs\\newhepc\\app\\Views\\adminPage\\pages\\userPage.php')
 5 SYSTEMPATH\View\View.php(227): CodeIgniter\View\View->CodeIgniter\View\{closure}()
 6 SYSTEMPATH\Common.php(1180): CodeIgniter\View\View->render('adminPage/pages/userPage', [], true)
 7 APPPATH\Controllers\BaseController.php(93): view('adminPage/pages/userPage', [])
 8 APPPATH\Controllers\Admin_UserController.php(16): App\Controllers\BaseController->loadAdminLayout([...], 'Tài khoản', 'adminPage/pages/userPage', [], [], [])
 9 SYSTEMPATH\CodeIgniter.php(932): App\Controllers\Admin_UserController->index()
10 SYSTEMPATH\CodeIgniter.php(497): CodeIgniter\CodeIgniter->runController(Object(App\Controllers\Admin_UserController))
11 SYSTEMPATH\CodeIgniter.php(366): CodeIgniter\CodeIgniter->handleRequest(null, Object(Config\Cache), false)
12 FCPATH\index.php(67): CodeIgniter\CodeIgniter->run()
CRITICAL - 2023-07-29 10:27:50 --> view(): Argument #1 ($name) must be of type string, null given, called in C:\xampp\htdocs\newhepc\app\Controllers\BaseController.php on line 93
in SYSTEMPATH\Common.php on line 1168.
 1 APPPATH\Controllers\BaseController.php(93): view(null, [])
 2 APPPATH\Controllers\Admin_HomeController.php(16): App\Controllers\BaseController->loadAdminLayout([...], 'Trang chủ', null, [], [], [])
 3 SYSTEMPATH\CodeIgniter.php(932): App\Controllers\Admin_HomeController->index()
 4 SYSTEMPATH\CodeIgniter.php(497): CodeIgniter\CodeIgniter->runController(Object(App\Controllers\Admin_HomeController))
 5 SYSTEMPATH\CodeIgniter.php(366): CodeIgniter\CodeIgniter->handleRequest(null, Object(Config\Cache), false)
 6 FCPATH\index.php(67): CodeIgniter\CodeIgniter->run()
CRITICAL - 2023-07-29 10:28:08 --> view(): Argument #1 ($name) must be of type string, null given, called in C:\xampp\htdocs\newhepc\app\Controllers\BaseController.php on line 93
in SYSTEMPATH\Common.php on line 1168.
 1 APPPATH\Controllers\BaseController.php(93): view(null, [])
 2 APPPATH\Controllers\Admin_HomeController.php(16): App\Controllers\BaseController->loadAdminLayout([...], 'Trang chủ', null, [], [], [])
 3 SYSTEMPATH\CodeIgniter.php(932): App\Controllers\Admin_HomeController->index()
 4 SYSTEMPATH\CodeIgniter.php(497): CodeIgniter\CodeIgniter->runController(Object(App\Controllers\Admin_HomeController))
 5 SYSTEMPATH\CodeIgniter.php(366): CodeIgniter\CodeIgniter->handleRequest(null, Object(Config\Cache), false)
 6 FCPATH\index.php(67): CodeIgniter\CodeIgniter->run()
CRITICAL - 2023-07-29 10:33:35 --> view(): Argument #1 ($name) must be of type string, null given, called in C:\xampp\htdocs\newhepc\app\Controllers\BaseController.php on line 93
in SYSTEMPATH\Common.php on line 1168.
 1 APPPATH\Controllers\BaseController.php(93): view(null, [])
 2 APPPATH\Controllers\Admin_HomeController.php(16): App\Controllers\BaseController->loadAdminLayout([...], 'Trang chủ', null, [], [], [])
 3 SYSTEMPATH\CodeIgniter.php(932): App\Controllers\Admin_HomeController->index()
 4 SYSTEMPATH\CodeIgniter.php(497): CodeIgniter\CodeIgniter->runController(Object(App\Controllers\Admin_HomeController))
 5 SYSTEMPATH\CodeIgniter.php(366): CodeIgniter\CodeIgniter->handleRequest(null, Object(Config\Cache), false)
 6 FCPATH\index.php(67): CodeIgniter\CodeIgniter->run()
CRITICAL - 2023-07-29 10:34:17 --> Invalid file: ".php"
in SYSTEMPATH\Exceptions\FrameworkException.php on line 33.
 1 SYSTEMPATH\View\View.php(212): CodeIgniter\Exceptions\FrameworkException::forInvalidFile('.php')
 2 SYSTEMPATH\Common.php(1180): CodeIgniter\View\View->render('', [], true)
 3 APPPATH\Controllers\BaseController.php(93): view('', [])
 4 APPPATH\Controllers\Admin_HomeController.php(16): App\Controllers\BaseController->loadAdminLayout([...], 'Trang chủ', '', [], [], [])
 5 SYSTEMPATH\CodeIgniter.php(932): App\Controllers\Admin_HomeController->index()
 6 SYSTEMPATH\CodeIgniter.php(497): CodeIgniter\CodeIgniter->runController(Object(App\Controllers\Admin_HomeController))
 7 SYSTEMPATH\CodeIgniter.php(366): CodeIgniter\CodeIgniter->handleRequest(null, Object(Config\Cache), false)
 8 FCPATH\index.php(67): CodeIgniter\CodeIgniter->run()
CRITICAL - 2023-07-29 11:49:02 --> Class "App\Filters\managemnetFilter" not found
in SYSTEMPATH\Filters\Filters.php on line 166.
 1 SYSTEMPATH\CodeIgniter.php(471): CodeIgniter\Filters\Filters->run('admin/management/user', 'before')
 2 SYSTEMPATH\CodeIgniter.php(366): CodeIgniter\CodeIgniter->handleRequest(null, Object(Config\Cache), false)
 3 FCPATH\index.php(67): CodeIgniter\CodeIgniter->run()
CRITICAL - 2023-07-29 11:49:29 --> Class "App\Filters\managemnetFilter" not found
in SYSTEMPATH\Filters\Filters.php on line 166.
 1 SYSTEMPATH\CodeIgniter.php(471): CodeIgniter\Filters\Filters->run('admin/management/user', 'before')
 2 SYSTEMPATH\CodeIgniter.php(366): CodeIgniter\CodeIgniter->handleRequest(null, Object(Config\Cache), false)
 3 FCPATH\index.php(67): CodeIgniter\CodeIgniter->run()
CRITICAL - 2023-07-29 11:49:55 --> Class "App\Filters\managemnetFilter" not found
in SYSTEMPATH\Filters\Filters.php on line 166.
 1 SYSTEMPATH\CodeIgniter.php(471): CodeIgniter\Filters\Filters->run('admin/management/user', 'before')
 2 SYSTEMPATH\CodeIgniter.php(366): CodeIgniter\CodeIgniter->handleRequest(null, Object(Config\Cache), false)
 3 FCPATH\index.php(67): CodeIgniter\CodeIgniter->run()
CRITICAL - 2023-07-29 11:50:30 --> The route for "/admin" cannot be found.
in SYSTEMPATH\HTTP\RedirectResponse.php on line 60.
 1 SYSTEMPATH\HTTP\RedirectResponse.php(60): CodeIgniter\HTTP\Exceptions\HTTPException::forInvalidRedirectRoute('/admin')
 2 SYSTEMPATH\Common.php(876): CodeIgniter\HTTP\RedirectResponse->route(false)
 3 APPPATH\Filters\managemnetFilter.php(15): redirect('/admin')
 4 SYSTEMPATH\Filters\Filters.php(173): App\Filters\managemnetFilter->before(Object(CodeIgniter\HTTP\IncomingRequest), null)
 5 SYSTEMPATH\CodeIgniter.php(471): CodeIgniter\Filters\Filters->run('admin/management/user', 'before')
 6 SYSTEMPATH\CodeIgniter.php(366): CodeIgniter\CodeIgniter->handleRequest(null, Object(Config\Cache), false)
 7 FCPATH\index.php(67): CodeIgniter\CodeIgniter->run()
ERROR - 2023-07-29 12:18:21 --> mysqli_sql_exception: Unknown column 'user.q' in 'on clause' in C:\xampp\htdocs\newhepc\system\Database\MySQLi\Connection.php:295
Stack trace:
#0 C:\xampp\htdocs\newhepc\system\Database\MySQLi\Connection.php(295): mysqli->query('SELECT *\nFROM `...', 0)
#1 C:\xampp\htdocs\newhepc\system\Database\BaseConnection.php(692): CodeIgniter\Database\MySQLi\Connection->execute('SELECT *\nFROM `...')
#2 C:\xampp\htdocs\newhepc\system\Database\BaseConnection.php(606): CodeIgniter\Database\BaseConnection->simpleQuery('SELECT *\nFROM `...')
#3 C:\xampp\htdocs\newhepc\system\Database\BaseBuilder.php(1616): CodeIgniter\Database\BaseConnection->query('SELECT *\nFROM `...', Array, false)
#4 C:\xampp\htdocs\newhepc\system\Model.php(241): CodeIgniter\Database\BaseBuilder->get()
#5 C:\xampp\htdocs\newhepc\system\BaseModel.php(618): CodeIgniter\Model->doFindAll(0, 0)
#6 C:\xampp\htdocs\newhepc\app\Services\admin_userService.php(16): CodeIgniter\BaseModel->findAll()
#7 C:\xampp\htdocs\newhepc\app\Controllers\Admin_UserController.php(22): App\Services\admin_userService->getAllUser()
#8 C:\xampp\htdocs\newhepc\system\CodeIgniter.php(932): App\Controllers\Admin_UserController->index()
#9 C:\xampp\htdocs\newhepc\system\CodeIgniter.php(497): CodeIgniter\CodeIgniter->runController(Object(App\Controllers\Admin_UserController))
#10 C:\xampp\htdocs\newhepc\system\CodeIgniter.php(366): CodeIgniter\CodeIgniter->handleRequest(NULL, Object(Config\Cache), false)
#11 C:\xampp\htdocs\newhepc\public\index.php(67): CodeIgniter\CodeIgniter->run()
#12 {main}
CRITICAL - 2023-07-29 12:18:21 --> Unknown column 'user.q' in 'on clause'
in SYSTEMPATH\Database\MySQLi\Connection.php on line 295.
 1 SYSTEMPATH\Database\MySQLi\Connection.php(295): mysqli->query('SELECT *
FROM `user`
JOIN `phanquyen` ON `phanquyen`.`id_q`=`user`.`q`', 0)
 2 SYSTEMPATH\Database\BaseConnection.php(692): CodeIgniter\Database\MySQLi\Connection->execute('SELECT *
FROM `user`
JOIN `phanquyen` ON `phanquyen`.`id_q`=`user`.`q`')
 3 SYSTEMPATH\Database\BaseConnection.php(606): CodeIgniter\Database\BaseConnection->simpleQuery('SELECT *
FROM `user`
JOIN `phanquyen` ON `phanquyen`.`id_q`=`user`.`q`')
 4 SYSTEMPATH\Database\BaseBuilder.php(1616): CodeIgniter\Database\BaseConnection->query('SELECT *
FROM `user`
JOIN `phanquyen` ON `phanquyen`.`id_q`=`user`.`q`', [], false)
 5 SYSTEMPATH\Model.php(241): CodeIgniter\Database\BaseBuilder->get()
 6 SYSTEMPATH\BaseModel.php(618): CodeIgniter\Model->doFindAll(0, 0)
 7 APPPATH\Services\admin_userService.php(16): CodeIgniter\BaseModel->findAll()
 8 APPPATH\Controllers\Admin_UserController.php(22): App\Services\admin_userService->getAllUser()
 9 SYSTEMPATH\CodeIgniter.php(932): App\Controllers\Admin_UserController->index()
10 SYSTEMPATH\CodeIgniter.php(497): CodeIgniter\CodeIgniter->runController(Object(App\Controllers\Admin_UserController))
11 SYSTEMPATH\CodeIgniter.php(366): CodeIgniter\CodeIgniter->handleRequest(null, Object(Config\Cache), false)
12 FCPATH\index.php(67): CodeIgniter\CodeIgniter->run()
CRITICAL - 2023-07-29 12:18:37 --> Undefined array key "user.name"
in APPPATH\Views\adminPage\pages\userPage.php on line 33.
 1 APPPATH\Views\adminPage\pages\userPage.php(33): CodeIgniter\Debug\Exceptions->errorHandler(2, 'Undefined array key "user.name"', 'C:\\xampp\\htdocs\\newhepc\\app\\Views\\adminPage\\pages\\userPage.php', 33)
 2 SYSTEMPATH\View\View.php(224): include('C:\\xampp\\htdocs\\newhepc\\app\\Views\\adminPage\\pages\\userPage.php')
 3 SYSTEMPATH\View\View.php(227): CodeIgniter\View\View->CodeIgniter\View\{closure}()
 4 SYSTEMPATH\Common.php(1180): CodeIgniter\View\View->render('adminPage/pages/userPage', [], true)
 5 APPPATH\Controllers\BaseController.php(93): view('adminPage/pages/userPage', [...])
 6 APPPATH\Controllers\Admin_UserController.php(23): App\Controllers\BaseController->loadAdminLayout([...], 'Tài khoản', 'adminPage/pages/userPage', [...], [...], [...])
 7 SYSTEMPATH\CodeIgniter.php(932): App\Controllers\Admin_UserController->index()
 8 SYSTEMPATH\CodeIgniter.php(497): CodeIgniter\CodeIgniter->runController(Object(App\Controllers\Admin_UserController))
 9 SYSTEMPATH\CodeIgniter.php(366): CodeIgniter\CodeIgniter->handleRequest(null, Object(Config\Cache), false)
10 FCPATH\index.php(67): CodeIgniter\CodeIgniter->run()
CRITICAL - 2023-07-29 12:18:56 --> Undefined array key "phanquyen.name"
in APPPATH\Views\adminPage\pages\userPage.php on line 36.
 1 APPPATH\Views\adminPage\pages\userPage.php(36): CodeIgniter\Debug\Exceptions->errorHandler(2, 'Undefined array key "phanquyen.name"', 'C:\\xampp\\htdocs\\newhepc\\app\\Views\\adminPage\\pages\\userPage.php', 36)
 2 SYSTEMPATH\View\View.php(224): include('C:\\xampp\\htdocs\\newhepc\\app\\Views\\adminPage\\pages\\userPage.php')
 3 SYSTEMPATH\View\View.php(227): CodeIgniter\View\View->CodeIgniter\View\{closure}()
 4 SYSTEMPATH\Common.php(1180): CodeIgniter\View\View->render('adminPage/pages/userPage', [], true)
 5 APPPATH\Controllers\BaseController.php(93): view('adminPage/pages/userPage', [...])
 6 APPPATH\Controllers\Admin_UserController.php(23): App\Controllers\BaseController->loadAdminLayout([...], 'Tài khoản', 'adminPage/pages/userPage', [...], [...], [...])
 7 SYSTEMPATH\CodeIgniter.php(932): App\Controllers\Admin_UserController->index()
 8 SYSTEMPATH\CodeIgniter.php(497): CodeIgniter\CodeIgniter->runController(Object(App\Controllers\Admin_UserController))
 9 SYSTEMPATH\CodeIgniter.php(366): CodeIgniter\CodeIgniter->handleRequest(null, Object(Config\Cache), false)
10 FCPATH\index.php(67): CodeIgniter\CodeIgniter->run()
CRITICAL - 2023-07-29 12:22:18 --> Undefined array key "phanquyen.name"
in APPPATH\Views\adminPage\pages\userPage.php on line 36.
 1 APPPATH\Views\adminPage\pages\userPage.php(36): CodeIgniter\Debug\Exceptions->errorHandler(2, 'Undefined array key "phanquyen.name"', 'C:\\xampp\\htdocs\\newhepc\\app\\Views\\adminPage\\pages\\userPage.php', 36)
 2 SYSTEMPATH\View\View.php(224): include('C:\\xampp\\htdocs\\newhepc\\app\\Views\\adminPage\\pages\\userPage.php')
 3 SYSTEMPATH\View\View.php(227): CodeIgniter\View\View->CodeIgniter\View\{closure}()
 4 SYSTEMPATH\Common.php(1180): CodeIgniter\View\View->render('adminPage/pages/userPage', [], true)
 5 APPPATH\Controllers\BaseController.php(93): view('adminPage/pages/userPage', [...])
 6 APPPATH\Controllers\Admin_UserController.php(23): App\Controllers\BaseController->loadAdminLayout([...], 'Tài khoản', 'adminPage/pages/userPage', [...], [...], [...])
 7 SYSTEMPATH\CodeIgniter.php(932): App\Controllers\Admin_UserController->index()
 8 SYSTEMPATH\CodeIgniter.php(497): CodeIgniter\CodeIgniter->runController(Object(App\Controllers\Admin_UserController))
 9 SYSTEMPATH\CodeIgniter.php(366): CodeIgniter\CodeIgniter->handleRequest(null, Object(Config\Cache), false)
10 FCPATH\index.php(67): CodeIgniter\CodeIgniter->run()
