CRITICAL - 2023-08-13 11:42:50 --> Constant expression contains invalid operations
in APPPATH\Common\encryptLibary.php on line 4.
 1 [internal function]: CodeIgniter\Debug\Exceptions->shutdownHandler()
CRITICAL - 2023-08-13 11:51:31 --> Call to protected App\Common\encryptLibary::__construct() from scope App\Controllers\Admin_VideoController
in APPPATH\Controllers\Admin_VideoController.php on line 18.
 1 SYSTEMPATH\CodeIgniter.php(904): App\Controllers\Admin_VideoController->__construct()
 2 SYSTEMPATH\CodeIgniter.php(488): CodeIgniter\CodeIgniter->createController()
 3 SYSTEMPATH\CodeIgniter.php(366): CodeIgniter\CodeIgniter->handleRequest(null, Object(Config\Cache), false)
 4 FCPATH\index.php(67): CodeIgniter\CodeIgniter->run()
CRITICAL - 2023-08-13 11:59:47 --> Undefined array key "anh"
in APPPATH\Views\adminPage\pages\picturePage.php on line 41.
 1 APPPATH\Views\adminPage\pages\picturePage.php(41): CodeIgniter\Debug\Exceptions->errorHandler(2, 'Undefined array key "anh"', 'C:\\xampp\\htdocs\\newhepc\\app\\Views\\adminPage\\pages\\picturePage.php', 41)
 2 SYSTEMPATH\View\View.php(224): include('C:\\xampp\\htdocs\\newhepc\\app\\Views\\adminPage\\pages\\picturePage.php')
 3 SYSTEMPATH\View\View.php(227): CodeIgniter\View\View->CodeIgniter\View\{closure}()
 4 SYSTEMPATH\Common.php(1180): CodeIgniter\View\View->render('adminPage/pages/picturePage', [], true)
 5 APPPATH\Controllers\BaseController.php(104): view('adminPage/pages/picturePage', [...])
 6 APPPATH\Controllers\Admin_PictureController.php(34): App\Controllers\BaseController->loadAdminLayout([...], 'Ảnh hoạt động', 'adminPage/pages/picturePage', [...], [...], [...])
 7 SYSTEMPATH\CodeIgniter.php(932): App\Controllers\Admin_PictureController->index()
 8 SYSTEMPATH\CodeIgniter.php(497): CodeIgniter\CodeIgniter->runController(Object(App\Controllers\Admin_PictureController))
 9 SYSTEMPATH\CodeIgniter.php(366): CodeIgniter\CodeIgniter->handleRequest(null, Object(Config\Cache), false)
10 FCPATH\index.php(67): CodeIgniter\CodeIgniter->run()
CRITICAL - 2023-08-13 12:00:55 --> Undefined array key "anh"
in APPPATH\Views\adminPage\pages\picturePage.php on line 52.
 1 APPPATH\Views\adminPage\pages\picturePage.php(52): CodeIgniter\Debug\Exceptions->errorHandler(2, 'Undefined array key "anh"', 'C:\\xampp\\htdocs\\newhepc\\app\\Views\\adminPage\\pages\\picturePage.php', 52)
 2 SYSTEMPATH\View\View.php(224): include('C:\\xampp\\htdocs\\newhepc\\app\\Views\\adminPage\\pages\\picturePage.php')
 3 SYSTEMPATH\View\View.php(227): CodeIgniter\View\View->CodeIgniter\View\{closure}()
 4 SYSTEMPATH\Common.php(1180): CodeIgniter\View\View->render('adminPage/pages/picturePage', [], true)
 5 APPPATH\Controllers\BaseController.php(104): view('adminPage/pages/picturePage', [...])
 6 APPPATH\Controllers\Admin_PictureController.php(34): App\Controllers\BaseController->loadAdminLayout([...], 'Ảnh hoạt động', 'adminPage/pages/picturePage', [...], [...], [...])
 7 SYSTEMPATH\CodeIgniter.php(932): App\Controllers\Admin_PictureController->index()
 8 SYSTEMPATH\CodeIgniter.php(497): CodeIgniter\CodeIgniter->runController(Object(App\Controllers\Admin_PictureController))
 9 SYSTEMPATH\CodeIgniter.php(366): CodeIgniter\CodeIgniter->handleRequest(null, Object(Config\Cache), false)
10 FCPATH\index.php(67): CodeIgniter\CodeIgniter->run()
CRITICAL - 2023-08-13 12:01:12 --> openssl_encrypt(): Unknown cipher algorithm
in APPPATH\Views\adminPage\pages\picturePage.php on line 59.
 1 [internal function]: CodeIgniter\Debug\Exceptions->errorHandler(2, 'openssl_encrypt(): Unknown cipher algorithm', 'C:\\xampp\\htdocs\\newhepc\\app\\Views\\adminPage\\pages\\picturePage.php', 59)
 2 APPPATH\Views\adminPage\pages\picturePage.php(59): openssl_encrypt(Object(SensitiveParameterValue), '16', Object(SensitiveParameterValue), 0, '554')
 3 SYSTEMPATH\View\View.php(224): include('C:\\xampp\\htdocs\\newhepc\\app\\Views\\adminPage\\pages\\picturePage.php')
 4 SYSTEMPATH\View\View.php(227): CodeIgniter\View\View->CodeIgniter\View\{closure}()
 5 SYSTEMPATH\Common.php(1180): CodeIgniter\View\View->render('adminPage/pages/picturePage', [], true)
 6 APPPATH\Controllers\BaseController.php(104): view('adminPage/pages/picturePage', [...])
 7 APPPATH\Controllers\Admin_PictureController.php(34): App\Controllers\BaseController->loadAdminLayout([...], 'Ảnh hoạt động', 'adminPage/pages/picturePage', [...], [...], [...])
 8 SYSTEMPATH\CodeIgniter.php(932): App\Controllers\Admin_PictureController->index()
 9 SYSTEMPATH\CodeIgniter.php(497): CodeIgniter\CodeIgniter->runController(Object(App\Controllers\Admin_PictureController))
10 SYSTEMPATH\CodeIgniter.php(366): CodeIgniter\CodeIgniter->handleRequest(null, Object(Config\Cache), false)
11 FCPATH\index.php(67): CodeIgniter\CodeIgniter->run()
CRITICAL - 2023-08-13 12:01:34 --> openssl_encrypt(): Unknown cipher algorithm
in APPPATH\Views\adminPage\pages\picturePage.php on line 59.
 1 [internal function]: CodeIgniter\Debug\Exceptions->errorHandler(2, 'openssl_encrypt(): Unknown cipher algorithm', 'C:\\xampp\\htdocs\\newhepc\\app\\Views\\adminPage\\pages\\picturePage.php', 59)
 2 APPPATH\Views\adminPage\pages\picturePage.php(59): openssl_encrypt(Object(SensitiveParameterValue), '16', Object(SensitiveParameterValue), 0, '554')
 3 SYSTEMPATH\View\View.php(224): include('C:\\xampp\\htdocs\\newhepc\\app\\Views\\adminPage\\pages\\picturePage.php')
 4 SYSTEMPATH\View\View.php(227): CodeIgniter\View\View->CodeIgniter\View\{closure}()
 5 SYSTEMPATH\Common.php(1180): CodeIgniter\View\View->render('adminPage/pages/picturePage', [], true)
 6 APPPATH\Controllers\BaseController.php(104): view('adminPage/pages/picturePage', [...])
 7 APPPATH\Controllers\Admin_PictureController.php(34): App\Controllers\BaseController->loadAdminLayout([...], 'Ảnh hoạt động', 'adminPage/pages/picturePage', [...], [...], [...])
 8 SYSTEMPATH\CodeIgniter.php(932): App\Controllers\Admin_PictureController->index()
 9 SYSTEMPATH\CodeIgniter.php(497): CodeIgniter\CodeIgniter->runController(Object(App\Controllers\Admin_PictureController))
10 SYSTEMPATH\CodeIgniter.php(366): CodeIgniter\CodeIgniter->handleRequest(null, Object(Config\Cache), false)
11 FCPATH\index.php(67): CodeIgniter\CodeIgniter->run()
CRITICAL - 2023-08-13 12:03:37 --> openssl_encrypt(): IV passed is only 3 bytes long, cipher expects an IV of precisely 16 bytes, padding with \0
in APPPATH\Views\adminPage\pages\picturePage.php on line 59.
 1 [internal function]: CodeIgniter\Debug\Exceptions->errorHandler(2, 'openssl_encrypt(): IV passed is only 3 bytes long, cipher expects an IV of precisely 16 bytes, padding with \\0', 'C:\\xampp\\htdocs\\newhepc\\app\\Views\\adminPage\\pages\\picturePage.php', 59)
 2 APPPATH\Views\adminPage\pages\picturePage.php(59): openssl_encrypt(Object(SensitiveParameterValue), 'AES-128-CTR', Object(SensitiveParameterValue), 0, '554')
 3 SYSTEMPATH\View\View.php(224): include('C:\\xampp\\htdocs\\newhepc\\app\\Views\\adminPage\\pages\\picturePage.php')
 4 SYSTEMPATH\View\View.php(227): CodeIgniter\View\View->CodeIgniter\View\{closure}()
 5 SYSTEMPATH\Common.php(1180): CodeIgniter\View\View->render('adminPage/pages/picturePage', [], true)
 6 APPPATH\Controllers\BaseController.php(104): view('adminPage/pages/picturePage', [...])
 7 APPPATH\Controllers\Admin_PictureController.php(34): App\Controllers\BaseController->loadAdminLayout([...], 'Ảnh hoạt động', 'adminPage/pages/picturePage', [...], [...], [...])
 8 SYSTEMPATH\CodeIgniter.php(932): App\Controllers\Admin_PictureController->index()
 9 SYSTEMPATH\CodeIgniter.php(497): CodeIgniter\CodeIgniter->runController(Object(App\Controllers\Admin_PictureController))
10 SYSTEMPATH\CodeIgniter.php(366): CodeIgniter\CodeIgniter->handleRequest(null, Object(Config\Cache), false)
11 FCPATH\index.php(67): CodeIgniter\CodeIgniter->run()
CRITICAL - 2023-08-13 12:15:31 --> openssl_encrypt(): Unknown cipher algorithm
in APPPATH\Views\adminPage\pages\picturePage.php on line 58.
 1 [internal function]: CodeIgniter\Debug\Exceptions->errorHandler(2, 'openssl_encrypt(): Unknown cipher algorithm', 'C:\\xampp\\htdocs\\newhepc\\app\\Views\\adminPage\\pages\\picturePage.php', 58)
 2 APPPATH\Views\adminPage\pages\picturePage.php(58): openssl_encrypt(Object(SensitiveParameterValue), '16', Object(SensitiveParameterValue), 0, '0cb7a3966911af88')
 3 SYSTEMPATH\View\View.php(224): include('C:\\xampp\\htdocs\\newhepc\\app\\Views\\adminPage\\pages\\picturePage.php')
 4 SYSTEMPATH\View\View.php(227): CodeIgniter\View\View->CodeIgniter\View\{closure}()
 5 SYSTEMPATH\Common.php(1180): CodeIgniter\View\View->render('adminPage/pages/picturePage', [], true)
 6 APPPATH\Controllers\BaseController.php(104): view('adminPage/pages/picturePage', [...])
 7 APPPATH\Controllers\Admin_PictureController.php(34): App\Controllers\BaseController->loadAdminLayout([...], 'Ảnh hoạt động', 'adminPage/pages/picturePage', [...], [...], [...])
 8 SYSTEMPATH\CodeIgniter.php(932): App\Controllers\Admin_PictureController->index()
 9 SYSTEMPATH\CodeIgniter.php(497): CodeIgniter\CodeIgniter->runController(Object(App\Controllers\Admin_PictureController))
10 SYSTEMPATH\CodeIgniter.php(366): CodeIgniter\CodeIgniter->handleRequest(null, Object(Config\Cache), false)
11 FCPATH\index.php(67): CodeIgniter\CodeIgniter->run()
CRITICAL - 2023-08-13 12:17:23 --> openssl_encrypt(): Unknown cipher algorithm
in APPPATH\Views\adminPage\pages\picturePage.php on line 58.
 1 [internal function]: CodeIgniter\Debug\Exceptions->errorHandler(2, 'openssl_encrypt(): Unknown cipher algorithm', 'C:\\xampp\\htdocs\\newhepc\\app\\Views\\adminPage\\pages\\picturePage.php', 58)
 2 APPPATH\Views\adminPage\pages\picturePage.php(58): openssl_encrypt(Object(SensitiveParameterValue), '16', Object(SensitiveParameterValue), 0, '0cb7a3966911af88')
 3 SYSTEMPATH\View\View.php(224): include('C:\\xampp\\htdocs\\newhepc\\app\\Views\\adminPage\\pages\\picturePage.php')
 4 SYSTEMPATH\View\View.php(227): CodeIgniter\View\View->CodeIgniter\View\{closure}()
 5 SYSTEMPATH\Common.php(1180): CodeIgniter\View\View->render('adminPage/pages/picturePage', [], true)
 6 APPPATH\Controllers\BaseController.php(104): view('adminPage/pages/picturePage', [...])
 7 APPPATH\Controllers\Admin_PictureController.php(34): App\Controllers\BaseController->loadAdminLayout([...], 'Ảnh hoạt động', 'adminPage/pages/picturePage', [...], [...], [...])
 8 SYSTEMPATH\CodeIgniter.php(932): App\Controllers\Admin_PictureController->index()
 9 SYSTEMPATH\CodeIgniter.php(497): CodeIgniter\CodeIgniter->runController(Object(App\Controllers\Admin_PictureController))
10 SYSTEMPATH\CodeIgniter.php(366): CodeIgniter\CodeIgniter->handleRequest(null, Object(Config\Cache), false)
11 FCPATH\index.php(67): CodeIgniter\CodeIgniter->run()
CRITICAL - 2023-08-13 12:33:22 --> Undefined array key "id"
in APPPATH\Services\admin_anhService.php on line 66.
 1 APPPATH\Services\admin_anhService.php(66): CodeIgniter\Debug\Exceptions->errorHandler(2, 'Undefined array key "id"', 'C:\\xampp\\htdocs\\newhepc\\app\\Services\\admin_anhService.php', 66)
 2 APPPATH\Controllers\Admin_PictureController.php(46): App\Services\admin_anhService->updatePicture(Object(CodeIgniter\HTTP\IncomingRequest))
 3 SYSTEMPATH\CodeIgniter.php(932): App\Controllers\Admin_PictureController->updatePicture()
 4 SYSTEMPATH\CodeIgniter.php(497): CodeIgniter\CodeIgniter->runController(Object(App\Controllers\Admin_PictureController))
 5 SYSTEMPATH\CodeIgniter.php(366): CodeIgniter\CodeIgniter->handleRequest(null, Object(Config\Cache), false)
 6 FCPATH\index.php(67): CodeIgniter\CodeIgniter->run()
CRITICAL - 2023-08-13 12:33:58 --> Undefined array key "id_anh"
in APPPATH\Services\admin_anhService.php on line 66.
 1 APPPATH\Services\admin_anhService.php(66): CodeIgniter\Debug\Exceptions->errorHandler(2, 'Undefined array key "id_anh"', 'C:\\xampp\\htdocs\\newhepc\\app\\Services\\admin_anhService.php', 66)
 2 APPPATH\Controllers\Admin_PictureController.php(46): App\Services\admin_anhService->updatePicture(Object(CodeIgniter\HTTP\IncomingRequest))
 3 SYSTEMPATH\CodeIgniter.php(932): App\Controllers\Admin_PictureController->updatePicture()
 4 SYSTEMPATH\CodeIgniter.php(497): CodeIgniter\CodeIgniter->runController(Object(App\Controllers\Admin_PictureController))
 5 SYSTEMPATH\CodeIgniter.php(366): CodeIgniter\CodeIgniter->handleRequest(null, Object(Config\Cache), false)
 6 FCPATH\index.php(67): CodeIgniter\CodeIgniter->run()
ERROR - 2023-08-13 12:35:01 --> mysqli_sql_exception: Unknown column 'anh' in 'field list' in C:\xampp\htdocs\newhepc\system\Database\MySQLi\Connection.php:295
Stack trace:
#0 C:\xampp\htdocs\newhepc\system\Database\MySQLi\Connection.php(295): mysqli->query('UPDATE `fileanh...', 0)
#1 C:\xampp\htdocs\newhepc\system\Database\BaseConnection.php(692): CodeIgniter\Database\MySQLi\Connection->execute('UPDATE `fileanh...')
#2 C:\xampp\htdocs\newhepc\system\Database\BaseConnection.php(606): CodeIgniter\Database\BaseConnection->simpleQuery('UPDATE `fileanh...')
#3 C:\xampp\htdocs\newhepc\system\Database\BaseBuilder.php(2476): CodeIgniter\Database\BaseConnection->query('UPDATE `fileanh...', Array, false)
#4 C:\xampp\htdocs\newhepc\system\Model.php(396): CodeIgniter\Database\BaseBuilder->update()
#5 C:\xampp\htdocs\newhepc\system\BaseModel.php(943): CodeIgniter\Model->doUpdate(Array, Array)
#6 C:\xampp\htdocs\newhepc\system\Model.php(756): CodeIgniter\BaseModel->update(Array, Array)
#7 C:\xampp\htdocs\newhepc\app\Services\admin_anhService.php(67): CodeIgniter\Model->update('1', Array)
#8 C:\xampp\htdocs\newhepc\app\Controllers\Admin_PictureController.php(46): App\Services\admin_anhService->updatePicture(Object(CodeIgniter\HTTP\IncomingRequest))
#9 C:\xampp\htdocs\newhepc\system\CodeIgniter.php(932): App\Controllers\Admin_PictureController->updatePicture()
#10 C:\xampp\htdocs\newhepc\system\CodeIgniter.php(497): CodeIgniter\CodeIgniter->runController(Object(App\Controllers\Admin_PictureController))
#11 C:\xampp\htdocs\newhepc\system\CodeIgniter.php(366): CodeIgniter\CodeIgniter->handleRequest(NULL, Object(Config\Cache), false)
#12 C:\xampp\htdocs\newhepc\public\index.php(67): CodeIgniter\CodeIgniter->run()
#13 {main}
CRITICAL - 2023-08-13 12:35:01 --> Unknown column 'anh' in 'field list'
in SYSTEMPATH\Database\MySQLi\Connection.php on line 295.
 1 SYSTEMPATH\Database\MySQLi\Connection.php(295): mysqli->query('UPDATE `fileanh` SET `anh` = \'https://lh3.googleusercontent.com/pw/AIL4fc8kGkMDVr-nlIkyq95ZW_ingDsHr714SEnYfUX45l0zOhKfMKIZIZH_oNuBnMM4FftIFi1xvrE1FpgtZp6T9P5IXmiiHeXNjFMMgBk1aCh2NkaUJC_xly12yy02d1w5odWSBYX_Dd3H5kOfBX2DKl5x29meGWojl9iTt9XZQ18nPcKelPUgxcI9mxmyHudZWKN7L5wufLQxevw36HDnsh6OlOYt7CA01XtbrQYbosWBOyrYlSMYMxJafiCXRllnw8EUjYN5WBbZ9vAEuiR5MiBEJeSMRnDVqe8OddAf4TYjoZmwuoba19etoCGRC29lX_m9E_UZbX27817jxRZ6_MZsPrBagxcVxpJOsBpZcgszpyvKY3f2U4piXDYvXbB293VFayuEz8gBsgLTHEbyIsrbu_6M47X4QafIAeUjaLW-YS_rfkXmk-rwTWBboc2tftEHlUbceMaTUmXNQ3TJP3cfk_o-57FsxR6LjEULxqFYmeBoloatuu4S3UXcyYODWH97mOVwHpJFemzbJGwpjzg1Ma0JFRWj7GyVopLR_cKS3rMMkWFHCWRpvdOm8FZdOmXrVX_GeDDqDX6atTEYV3ddlNd6VLKGZPp_AhdM0Shc4Y0coCHuiaEuCGMEnUJ7ROCk9D1NRZQNfc8rwD4WEICJEsnZqQQ5en6K0_46hlok1KkEa9uaL61ASR66X8fT8pYaHkFQoVCoH28hRbQGmc1pYRIqZ0VninhOo2zQXmR0YuU-feyw3wf1UBJjqsoE6pUulJ8sCYA9oyu6TZHKI_PTDQSaqL60Xt6imNRoalBQeYsnMYmyfXbzPSu__7IXj8zXsedjEG0qi7PCAfnfBRdz0ZJInJ21m1EVpdR6u60BZImeKmcTFVwxOM3Y8G1k-erMlwz4uba6Qfqh_EDVBsnNOF-2MyM4H-YMMPhTpE9iVW2l26nX3Ui5vZcdvHi0gdyM-Rncip44rH4xnAl4tP1__ZJNikylOG-Q8j-nYnfMzcuUQJkiEuO4uM3Phn0pOXail8kuM8T2asEGC8iEXltpLFEZOU0AyLkL=w1366-h646-s-no?authuser=0\', `id_p` = \'3\', `status_anh` = \'1\', `censor_anh` = \'1\'
WHERE `fileanh`.`id_anh` IN (\'1\')', 0)
 2 SYSTEMPATH\Database\BaseConnection.php(692): CodeIgniter\Database\MySQLi\Connection->execute('UPDATE `fileanh` SET `anh` = \'https://lh3.googleusercontent.com/pw/AIL4fc8kGkMDVr-nlIkyq95ZW_ingDsHr714SEnYfUX45l0zOhKfMKIZIZH_oNuBnMM4FftIFi1xvrE1FpgtZp6T9P5IXmiiHeXNjFMMgBk1aCh2NkaUJC_xly12yy02d1w5odWSBYX_Dd3H5kOfBX2DKl5x29meGWojl9iTt9XZQ18nPcKelPUgxcI9mxmyHudZWKN7L5wufLQxevw36HDnsh6OlOYt7CA01XtbrQYbosWBOyrYlSMYMxJafiCXRllnw8EUjYN5WBbZ9vAEuiR5MiBEJeSMRnDVqe8OddAf4TYjoZmwuoba19etoCGRC29lX_m9E_UZbX27817jxRZ6_MZsPrBagxcVxpJOsBpZcgszpyvKY3f2U4piXDYvXbB293VFayuEz8gBsgLTHEbyIsrbu_6M47X4QafIAeUjaLW-YS_rfkXmk-rwTWBboc2tftEHlUbceMaTUmXNQ3TJP3cfk_o-57FsxR6LjEULxqFYmeBoloatuu4S3UXcyYODWH97mOVwHpJFemzbJGwpjzg1Ma0JFRWj7GyVopLR_cKS3rMMkWFHCWRpvdOm8FZdOmXrVX_GeDDqDX6atTEYV3ddlNd6VLKGZPp_AhdM0Shc4Y0coCHuiaEuCGMEnUJ7ROCk9D1NRZQNfc8rwD4WEICJEsnZqQQ5en6K0_46hlok1KkEa9uaL61ASR66X8fT8pYaHkFQoVCoH28hRbQGmc1pYRIqZ0VninhOo2zQXmR0YuU-feyw3wf1UBJjqsoE6pUulJ8sCYA9oyu6TZHKI_PTDQSaqL60Xt6imNRoalBQeYsnMYmyfXbzPSu__7IXj8zXsedjEG0qi7PCAfnfBRdz0ZJInJ21m1EVpdR6u60BZImeKmcTFVwxOM3Y8G1k-erMlwz4uba6Qfqh_EDVBsnNOF-2MyM4H-YMMPhTpE9iVW2l26nX3Ui5vZcdvHi0gdyM-Rncip44rH4xnAl4tP1__ZJNikylOG-Q8j-nYnfMzcuUQJkiEuO4uM3Phn0pOXail8kuM8T2asEGC8iEXltpLFEZOU0AyLkL=w1366-h646-s-no?authuser=0\', `id_p` = \'3\', `status_anh` = \'1\', `censor_anh` = \'1\'
WHERE `fileanh`.`id_anh` IN (\'1\')')
 3 SYSTEMPATH\Database\BaseConnection.php(606): CodeIgniter\Database\BaseConnection->simpleQuery('UPDATE `fileanh` SET `anh` = \'https://lh3.googleusercontent.com/pw/AIL4fc8kGkMDVr-nlIkyq95ZW_ingDsHr714SEnYfUX45l0zOhKfMKIZIZH_oNuBnMM4FftIFi1xvrE1FpgtZp6T9P5IXmiiHeXNjFMMgBk1aCh2NkaUJC_xly12yy02d1w5odWSBYX_Dd3H5kOfBX2DKl5x29meGWojl9iTt9XZQ18nPcKelPUgxcI9mxmyHudZWKN7L5wufLQxevw36HDnsh6OlOYt7CA01XtbrQYbosWBOyrYlSMYMxJafiCXRllnw8EUjYN5WBbZ9vAEuiR5MiBEJeSMRnDVqe8OddAf4TYjoZmwuoba19etoCGRC29lX_m9E_UZbX27817jxRZ6_MZsPrBagxcVxpJOsBpZcgszpyvKY3f2U4piXDYvXbB293VFayuEz8gBsgLTHEbyIsrbu_6M47X4QafIAeUjaLW-YS_rfkXmk-rwTWBboc2tftEHlUbceMaTUmXNQ3TJP3cfk_o-57FsxR6LjEULxqFYmeBoloatuu4S3UXcyYODWH97mOVwHpJFemzbJGwpjzg1Ma0JFRWj7GyVopLR_cKS3rMMkWFHCWRpvdOm8FZdOmXrVX_GeDDqDX6atTEYV3ddlNd6VLKGZPp_AhdM0Shc4Y0coCHuiaEuCGMEnUJ7ROCk9D1NRZQNfc8rwD4WEICJEsnZqQQ5en6K0_46hlok1KkEa9uaL61ASR66X8fT8pYaHkFQoVCoH28hRbQGmc1pYRIqZ0VninhOo2zQXmR0YuU-feyw3wf1UBJjqsoE6pUulJ8sCYA9oyu6TZHKI_PTDQSaqL60Xt6imNRoalBQeYsnMYmyfXbzPSu__7IXj8zXsedjEG0qi7PCAfnfBRdz0ZJInJ21m1EVpdR6u60BZImeKmcTFVwxOM3Y8G1k-erMlwz4uba6Qfqh_EDVBsnNOF-2MyM4H-YMMPhTpE9iVW2l26nX3Ui5vZcdvHi0gdyM-Rncip44rH4xnAl4tP1__ZJNikylOG-Q8j-nYnfMzcuUQJkiEuO4uM3Phn0pOXail8kuM8T2asEGC8iEXltpLFEZOU0AyLkL=w1366-h646-s-no?authuser=0\', `id_p` = \'3\', `status_anh` = \'1\', `censor_anh` = \'1\'
WHERE `fileanh`.`id_anh` IN (\'1\')')
 4 SYSTEMPATH\Database\BaseBuilder.php(2476): CodeIgniter\Database\BaseConnection->query('UPDATE `fileanh` SET `anh` = :anh:, `id_p` = :id_p:, `status_anh` = :status_anh:, `censor_anh` = :censor_anh:
WHERE `fileanh`.`id_anh` IN :fileanh.id_anh:', [...], false)
 5 SYSTEMPATH\Model.php(396): CodeIgniter\Database\BaseBuilder->update()
 6 SYSTEMPATH\BaseModel.php(943): CodeIgniter\Model->doUpdate([...], [...])
 7 SYSTEMPATH\Model.php(756): CodeIgniter\BaseModel->update([...], [...])
 8 APPPATH\Services\admin_anhService.php(67): CodeIgniter\Model->update('1', [...])
 9 APPPATH\Controllers\Admin_PictureController.php(46): App\Services\admin_anhService->updatePicture(Object(CodeIgniter\HTTP\IncomingRequest))
10 SYSTEMPATH\CodeIgniter.php(932): App\Controllers\Admin_PictureController->updatePicture()
11 SYSTEMPATH\CodeIgniter.php(497): CodeIgniter\CodeIgniter->runController(Object(App\Controllers\Admin_PictureController))
12 SYSTEMPATH\CodeIgniter.php(366): CodeIgniter\CodeIgniter->handleRequest(null, Object(Config\Cache), false)
13 FCPATH\index.php(67): CodeIgniter\CodeIgniter->run()
