<<<<<<< Updated upstream
CRITICAL - 2023-07-27 08:57:52 --> Undefined array key "email"
in APPPATH\Services\userService.php on line 29.
 1 APPPATH\Services\userService.php(29): CodeIgniter\Debug\Exceptions->errorHandler(2, 'Undefined array key "email"', 'C:\\xampp\\htdocs\\newhepc\\app\\Services\\userService.php', 29)
 2 APPPATH\Controllers\LoginController.php(33): App\Services\userService->login(Object(CodeIgniter\HTTP\IncomingRequest))
 3 SYSTEMPATH\CodeIgniter.php(932): App\Controllers\LoginController->login()
 4 SYSTEMPATH\CodeIgniter.php(497): CodeIgniter\CodeIgniter->runController(Object(App\Controllers\LoginController))
 5 SYSTEMPATH\CodeIgniter.php(366): CodeIgniter\CodeIgniter->handleRequest(null, Object(Config\Cache), false)
 6 FCPATH\index.php(67): CodeIgniter\CodeIgniter->run()
CRITICAL - 2023-07-27 08:58:30 --> Undefined array key "messages"
in APPPATH\Controllers\LoginController.php on line 38.
 1 APPPATH\Controllers\LoginController.php(38): CodeIgniter\Debug\Exceptions->errorHandler(2, 'Undefined array key "messages"', 'C:\\xampp\\htdocs\\newhepc\\app\\Controllers\\LoginController.php', 38)
 2 SYSTEMPATH\CodeIgniter.php(932): App\Controllers\LoginController->login()
 3 SYSTEMPATH\CodeIgniter.php(497): CodeIgniter\CodeIgniter->runController(Object(App\Controllers\LoginController))
 4 SYSTEMPATH\CodeIgniter.php(366): CodeIgniter\CodeIgniter->handleRequest(null, Object(Config\Cache), false)
 5 FCPATH\index.php(67): CodeIgniter\CodeIgniter->run()
CRITICAL - 2023-07-27 09:05:52 --> Undefined variable $success
in APPPATH\Views\alerts\alert.php on line 24.
 1 APPPATH\Views\alerts\alert.php(24): CodeIgniter\Debug\Exceptions->errorHandler(2, 'Undefined variable $success', 'C:\\xampp\\htdocs\\newhepc\\app\\Views\\alerts\\alert.php', 24)
 2 SYSTEMPATH\View\View.php(224): include('C:\\xampp\\htdocs\\newhepc\\app\\Views\\alerts\\alert.php')
 3 SYSTEMPATH\View\View.php(227): CodeIgniter\View\View->CodeIgniter\View\{closure}()
 4 SYSTEMPATH\Common.php(1180): CodeIgniter\View\View->render('alerts/alert', [], true)
 5 APPPATH\Views\pages\login.php(4): view('alerts/alert')
 6 SYSTEMPATH\View\View.php(224): include('C:\\xampp\\htdocs\\newhepc\\app\\Views\\pages\\login.php')
 7 SYSTEMPATH\View\View.php(227): CodeIgniter\View\View->CodeIgniter\View\{closure}()
 8 SYSTEMPATH\Common.php(1180): CodeIgniter\View\View->render('pages/login', [], true)
 9 APPPATH\Controllers\LoginController.php(24): view('pages/login')
10 SYSTEMPATH\CodeIgniter.php(932): App\Controllers\LoginController->index()
11 SYSTEMPATH\CodeIgniter.php(497): CodeIgniter\CodeIgniter->runController(Object(App\Controllers\LoginController))
12 SYSTEMPATH\CodeIgniter.php(366): CodeIgniter\CodeIgniter->handleRequest(null, Object(Config\Cache), false)
13 FCPATH\index.php(67): CodeIgniter\CodeIgniter->run()
=======
CRITICAL - 2023-07-27 01:40:43 --> Call to undefined method App\Services\cmphongbanService::getCatalogueByID()
in APPPATH\Controllers\UnionController.php on line 20.
 1 SYSTEMPATH\CodeIgniter.php(932): App\Controllers\UnionController->index()
 2 SYSTEMPATH\CodeIgniter.php(497): CodeIgniter\CodeIgniter->runController(Object(App\Controllers\UnionController))
 3 SYSTEMPATH\CodeIgniter.php(366): CodeIgniter\CodeIgniter->handleRequest(null, Object(Config\Cache), false)
 4 FCPATH\index.php(67): CodeIgniter\CodeIgniter->run()
CRITICAL - 2023-07-27 02:03:39 --> Trying to access array offset on value of type null
in APPPATH\Controllers\DTController.php on line 26.
 1 APPPATH\Controllers\DTController.php(26): CodeIgniter\Debug\Exceptions->errorHandler(2, 'Trying to access array offset on value of type null', 'C:\\xampp\\htdocs\\newhepc\\app\\Controllers\\DTController.php', 26)
 2 SYSTEMPATH\CodeIgniter.php(932): App\Controllers\DTController->index()
 3 SYSTEMPATH\CodeIgniter.php(497): CodeIgniter\CodeIgniter->runController(Object(App\Controllers\DTController))
 4 SYSTEMPATH\CodeIgniter.php(366): CodeIgniter\CodeIgniter->handleRequest(null, Object(Config\Cache), false)
 5 FCPATH\index.php(67): CodeIgniter\CodeIgniter->run()
CRITICAL - 2023-07-27 02:03:50 --> Trying to access array offset on value of type null
in APPPATH\Controllers\DTController.php on line 26.
 1 APPPATH\Controllers\DTController.php(26): CodeIgniter\Debug\Exceptions->errorHandler(2, 'Trying to access array offset on value of type null', 'C:\\xampp\\htdocs\\newhepc\\app\\Controllers\\DTController.php', 26)
 2 SYSTEMPATH\CodeIgniter.php(932): App\Controllers\DTController->index()
 3 SYSTEMPATH\CodeIgniter.php(497): CodeIgniter\CodeIgniter->runController(Object(App\Controllers\DTController))
 4 SYSTEMPATH\CodeIgniter.php(366): CodeIgniter\CodeIgniter->handleRequest(null, Object(Config\Cache), false)
 5 FCPATH\index.php(67): CodeIgniter\CodeIgniter->run()
CRITICAL - 2023-07-27 02:03:53 --> Trying to access array offset on value of type null
in APPPATH\Controllers\DTController.php on line 26.
 1 APPPATH\Controllers\DTController.php(26): CodeIgniter\Debug\Exceptions->errorHandler(2, 'Trying to access array offset on value of type null', 'C:\\xampp\\htdocs\\newhepc\\app\\Controllers\\DTController.php', 26)
 2 SYSTEMPATH\CodeIgniter.php(932): App\Controllers\DTController->index()
 3 SYSTEMPATH\CodeIgniter.php(497): CodeIgniter\CodeIgniter->runController(Object(App\Controllers\DTController))
 4 SYSTEMPATH\CodeIgniter.php(366): CodeIgniter\CodeIgniter->handleRequest(null, Object(Config\Cache), false)
 5 FCPATH\index.php(67): CodeIgniter\CodeIgniter->run()
>>>>>>> Stashed changes
