CRITICAL - 2023-07-24 08:58:27 --> Call to undefined method App\Models\cmPhongBanModel::getCatalogues
in SYSTEMPATH\Model.php on line 838.
 1 APPPATH\Controllers\UnionController.php(25): CodeIgniter\Model->__call('getCatalogues', [...])
 2 SYSTEMPATH\CodeIgniter.php(932): App\Controllers\UnionController->index()
 3 SYSTEMPATH\CodeIgniter.php(497): CodeIgniter\CodeIgniter->runController(Object(App\Controllers\UnionController))
 4 SYSTEMPATH\CodeIgniter.php(366): CodeIgniter\CodeIgniter->handleRequest(null, Object(Config\Cache), false)
 5 FCPATH\index.php(67): CodeIgniter\CodeIgniter->run()
CRITICAL - 2023-07-24 08:58:51 --> Call to undefined method App\Models\cmPhongBanModel::getCatalogues
in SYSTEMPATH\Model.php on line 838.
 1 APPPATH\Controllers\UnionController.php(25): CodeIgniter\Model->__call('getCatalogues', [...])
 2 SYSTEMPATH\CodeIgniter.php(932): App\Controllers\UnionController->index()
 3 SYSTEMPATH\CodeIgniter.php(497): CodeIgniter\CodeIgniter->runController(Object(App\Controllers\UnionController))
 4 SYSTEMPATH\CodeIgniter.php(366): CodeIgniter\CodeIgniter->handleRequest(null, Object(Config\Cache), false)
 5 FCPATH\index.php(67): CodeIgniter\CodeIgniter->run()
CRITICAL - 2023-07-24 08:59:08 --> Call to undefined method App\Models\cmPhongBanModel::getCatalogues
in SYSTEMPATH\Model.php on line 838.
 1 APPPATH\Controllers\UnionController.php(25): CodeIgniter\Model->__call('getCatalogues', [...])
 2 SYSTEMPATH\CodeIgniter.php(932): App\Controllers\UnionController->index()
 3 SYSTEMPATH\CodeIgniter.php(497): CodeIgniter\CodeIgniter->runController(Object(App\Controllers\UnionController))
 4 SYSTEMPATH\CodeIgniter.php(366): CodeIgniter\CodeIgniter->handleRequest(null, Object(Config\Cache), false)
 5 FCPATH\index.php(67): CodeIgniter\CodeIgniter->run()
