CRITICAL - 2023-08-12 11:04:39 --> Undefined variable $unseen_contact
in APPPATH\Views\adminPage\layouts\leftMenu.php on line 75.
 1 APPPATH\Views\adminPage\layouts\leftMenu.php(75): CodeIgniter\Debug\Exceptions->errorHandler(2, 'Undefined variable $unseen_contact', 'C:\\xampp\\htdocs\\newhepc\\app\\Views\\adminPage\\layouts\\leftMenu.php', 75)
 2 SYSTEMPATH\View\View.php(224): include('C:\\xampp\\htdocs\\newhepc\\app\\Views\\adminPage\\layouts\\leftMenu.php')
 3 SYSTEMPATH\View\View.php(227): CodeIgniter\View\View->CodeIgniter\View\{closure}()
 4 SYSTEMPATH\Common.php(1180): CodeIgniter\View\View->render('adminPage/layouts/leftMenu', [], true)
 5 APPPATH\Controllers\BaseController.php(99): view('adminPage/layouts/leftMenu', [...])
 6 APPPATH\Controllers\Admin_HomeController.php(16): App\Controllers\BaseController->loadAdminLayout([...], 'Trang chủ', 'adminPage/Pages/homePage', [], [], [])
 7 SYSTEMPATH\CodeIgniter.php(932): App\Controllers\Admin_HomeController->index()
 8 SYSTEMPATH\CodeIgniter.php(497): CodeIgniter\CodeIgniter->runController(Object(App\Controllers\Admin_HomeController))
 9 SYSTEMPATH\CodeIgniter.php(366): CodeIgniter\CodeIgniter->handleRequest(null, Object(Config\Cache), false)
10 FCPATH\index.php(67): CodeIgniter\CodeIgniter->run()
CRITICAL - 2023-08-12 11:08:36 --> Invalid file: "adminPage/pages/contactPage.php"
in SYSTEMPATH\Exceptions\FrameworkException.php on line 33.
 1 SYSTEMPATH\View\View.php(212): CodeIgniter\Exceptions\FrameworkException::forInvalidFile('adminPage/pages/contactPage.php')
 2 SYSTEMPATH\Common.php(1180): CodeIgniter\View\View->render('adminPage/pages/contactPage', [], true)
 3 APPPATH\Controllers\BaseController.php(104): view('adminPage/pages/contactPage', [])
 4 APPPATH\Controllers\Admin_ContactController.php(23): App\Controllers\BaseController->loadAdminLayout([...], 'Chuyên mục', 'adminPage/pages/contactPage', [], [...], [...])
 5 SYSTEMPATH\CodeIgniter.php(932): App\Controllers\Admin_ContactController->index()
 6 SYSTEMPATH\CodeIgniter.php(497): CodeIgniter\CodeIgniter->runController(Object(App\Controllers\Admin_ContactController))
 7 SYSTEMPATH\CodeIgniter.php(366): CodeIgniter\CodeIgniter->handleRequest(null, Object(Config\Cache), false)
 8 FCPATH\index.php(67): CodeIgniter\CodeIgniter->run()
CRITICAL - 2023-08-12 11:13:55 --> Undefined variable $history
in APPPATH\Views\adminPage\pages\contactPage.php on line 22.
 1 APPPATH\Views\adminPage\pages\contactPage.php(22): CodeIgniter\Debug\Exceptions->errorHandler(2, 'Undefined variable $history', 'C:\\xampp\\htdocs\\newhepc\\app\\Views\\adminPage\\pages\\contactPage.php', 22)
 2 SYSTEMPATH\View\View.php(224): include('C:\\xampp\\htdocs\\newhepc\\app\\Views\\adminPage\\pages\\contactPage.php')
 3 SYSTEMPATH\View\View.php(227): CodeIgniter\View\View->CodeIgniter\View\{closure}()
 4 SYSTEMPATH\Common.php(1180): CodeIgniter\View\View->render('adminPage/pages/contactPage', [], true)
 5 APPPATH\Controllers\BaseController.php(104): view('adminPage/pages/contactPage', [])
 6 APPPATH\Controllers\Admin_ContactController.php(23): App\Controllers\BaseController->loadAdminLayout([...], 'Chuyên mục', 'adminPage/pages/contactPage', [], [...], [...])
 7 SYSTEMPATH\CodeIgniter.php(932): App\Controllers\Admin_ContactController->index()
 8 SYSTEMPATH\CodeIgniter.php(497): CodeIgniter\CodeIgniter->runController(Object(App\Controllers\Admin_ContactController))
 9 SYSTEMPATH\CodeIgniter.php(366): CodeIgniter\CodeIgniter->handleRequest(null, Object(Config\Cache), false)
10 FCPATH\index.php(67): CodeIgniter\CodeIgniter->run()
CRITICAL - 2023-08-12 11:16:14 --> foreach() argument must be of type array|object, int given
in APPPATH\Views\adminPage\pages\contactPage.php on line 22.
 1 APPPATH\Views\adminPage\pages\contactPage.php(22): CodeIgniter\Debug\Exceptions->errorHandler(2, 'foreach() argument must be of type array|object, int given', 'C:\\xampp\\htdocs\\newhepc\\app\\Views\\adminPage\\pages\\contactPage.php', 22)
 2 SYSTEMPATH\View\View.php(224): include('C:\\xampp\\htdocs\\newhepc\\app\\Views\\adminPage\\pages\\contactPage.php')
 3 SYSTEMPATH\View\View.php(227): CodeIgniter\View\View->CodeIgniter\View\{closure}()
 4 SYSTEMPATH\Common.php(1180): CodeIgniter\View\View->render('adminPage/pages/contactPage', [], true)
 5 APPPATH\Controllers\BaseController.php(104): view('adminPage/pages/contactPage', [...])
 6 APPPATH\Controllers\Admin_ContactController.php(24): App\Controllers\BaseController->loadAdminLayout([...], 'Chuyên mục', 'adminPage/pages/contactPage', [...], [...], [...])
 7 SYSTEMPATH\CodeIgniter.php(932): App\Controllers\Admin_ContactController->index()
 8 SYSTEMPATH\CodeIgniter.php(497): CodeIgniter\CodeIgniter->runController(Object(App\Controllers\Admin_ContactController))
 9 SYSTEMPATH\CodeIgniter.php(366): CodeIgniter\CodeIgniter->handleRequest(null, Object(Config\Cache), false)
10 FCPATH\index.php(67): CodeIgniter\CodeIgniter->run()
CRITICAL - 2023-08-12 11:19:52 --> Undefined variable $n
in APPPATH\Views\adminPage\pages\contactPage.php on line 37.
 1 APPPATH\Views\adminPage\pages\contactPage.php(37): CodeIgniter\Debug\Exceptions->errorHandler(2, 'Undefined variable $n', 'C:\\xampp\\htdocs\\newhepc\\app\\Views\\adminPage\\pages\\contactPage.php', 37)
 2 SYSTEMPATH\View\View.php(224): include('C:\\xampp\\htdocs\\newhepc\\app\\Views\\adminPage\\pages\\contactPage.php')
 3 SYSTEMPATH\View\View.php(227): CodeIgniter\View\View->CodeIgniter\View\{closure}()
 4 SYSTEMPATH\Common.php(1180): CodeIgniter\View\View->render('adminPage/pages/contactPage', [], true)
 5 APPPATH\Controllers\BaseController.php(104): view('adminPage/pages/contactPage', [...])
 6 APPPATH\Controllers\Admin_ContactController.php(24): App\Controllers\BaseController->loadAdminLayout([...], 'Chuyên mục', 'adminPage/pages/contactPage', [...], [...], [...])
 7 SYSTEMPATH\CodeIgniter.php(932): App\Controllers\Admin_ContactController->index()
 8 SYSTEMPATH\CodeIgniter.php(497): CodeIgniter\CodeIgniter->runController(Object(App\Controllers\Admin_ContactController))
 9 SYSTEMPATH\CodeIgniter.php(366): CodeIgniter\CodeIgniter->handleRequest(null, Object(Config\Cache), false)
10 FCPATH\index.php(67): CodeIgniter\CodeIgniter->run()
CRITICAL - 2023-08-12 11:31:43 --> Undefined variable $n
in APPPATH\Views\adminPage\pages\contactPage.php on line 48.
 1 APPPATH\Views\adminPage\pages\contactPage.php(48): CodeIgniter\Debug\Exceptions->errorHandler(2, 'Undefined variable $n', 'C:\\xampp\\htdocs\\newhepc\\app\\Views\\adminPage\\pages\\contactPage.php', 48)
 2 SYSTEMPATH\View\View.php(224): include('C:\\xampp\\htdocs\\newhepc\\app\\Views\\adminPage\\pages\\contactPage.php')
 3 SYSTEMPATH\View\View.php(227): CodeIgniter\View\View->CodeIgniter\View\{closure}()
 4 SYSTEMPATH\Common.php(1180): CodeIgniter\View\View->render('adminPage/pages/contactPage', [], true)
 5 APPPATH\Controllers\BaseController.php(104): view('adminPage/pages/contactPage', [...])
 6 APPPATH\Controllers\Admin_ContactController.php(24): App\Controllers\BaseController->loadAdminLayout([...], 'Liên hệ', 'adminPage/pages/contactPage', [...], [...], [...])
 7 SYSTEMPATH\CodeIgniter.php(932): App\Controllers\Admin_ContactController->index()
 8 SYSTEMPATH\CodeIgniter.php(497): CodeIgniter\CodeIgniter->runController(Object(App\Controllers\Admin_ContactController))
 9 SYSTEMPATH\CodeIgniter.php(366): CodeIgniter\CodeIgniter->handleRequest(null, Object(Config\Cache), false)
10 FCPATH\index.php(67): CodeIgniter\CodeIgniter->run()
CRITICAL - 2023-08-12 11:47:25 --> Undefined variable $title
in APPPATH\Views\adminPage\pages\contactDetail.php on line 4.
 1 APPPATH\Views\adminPage\pages\contactDetail.php(4): CodeIgniter\Debug\Exceptions->errorHandler(2, 'Undefined variable $title', 'C:\\xampp\\htdocs\\newhepc\\app\\Views\\adminPage\\pages\\contactDetail.php', 4)
 2 SYSTEMPATH\View\View.php(224): include('C:\\xampp\\htdocs\\newhepc\\app\\Views\\adminPage\\pages\\contactDetail.php')
 3 SYSTEMPATH\View\View.php(227): CodeIgniter\View\View->CodeIgniter\View\{closure}()
 4 SYSTEMPATH\Common.php(1180): CodeIgniter\View\View->render('adminPage/pages/contactDetail', [], true)
 5 APPPATH\Controllers\BaseController.php(104): view('adminPage/pages/contactDetail', [...])
 6 APPPATH\Controllers\Admin_ContactController.php(39): App\Controllers\BaseController->loadAdminLayout([...], 'Liên hệ', 'adminPage/pages/contactDetail', [...], [], [])
 7 SYSTEMPATH\CodeIgniter.php(932): App\Controllers\Admin_ContactController->loadContactDetailPage('1')
 8 SYSTEMPATH\CodeIgniter.php(497): CodeIgniter\CodeIgniter->runController(Object(App\Controllers\Admin_ContactController))
 9 SYSTEMPATH\CodeIgniter.php(366): CodeIgniter\CodeIgniter->handleRequest(null, Object(Config\Cache), false)
10 FCPATH\index.php(67): CodeIgniter\CodeIgniter->run()
