CRITICAL - 2023-07-25 12:33:58 --> Too few arguments to function App\Services\cmphongbanService::getCatalogueByLink(), 1 passed in C:\xampp\htdocs\newhepc\app\Controllers\UnionController.php on line 33 and exactly 2 expected
in APPPATH\Services\cmphongbanService.php on line 21.
 1 APPPATH\Controllers\UnionController.php(33): App\Services\cmphongbanService->getCatalogueByLink('hfud')
 2 SYSTEMPATH\CodeIgniter.php(932): App\Controllers\UnionController->getNewsOfCatalogueUnion('hfud')
 3 SYSTEMPATH\CodeIgniter.php(497): CodeIgniter\CodeIgniter->runController(Object(App\Controllers\UnionController))
 4 SYSTEMPATH\CodeIgniter.php(366): CodeIgniter\CodeIgniter->handleRequest(null, Object(Config\Cache), false)
 5 FCPATH\index.php(67): CodeIgniter\CodeIgniter->run()
CRITICAL - 2023-07-25 12:35:03 --> Too few arguments to function App\Controllers\UnionController::getNewsOfCatalogueUnion(), 1 passed in C:\xampp\htdocs\newhepc\system\CodeIgniter.php on line 932 and exactly 2 expected
in APPPATH\Controllers\UnionController.php on line 31.
 1 SYSTEMPATH\CodeIgniter.php(932): App\Controllers\UnionController->getNewsOfCatalogueUnion('hfud')
 2 SYSTEMPATH\CodeIgniter.php(497): CodeIgniter\CodeIgniter->runController(Object(App\Controllers\UnionController))
 3 SYSTEMPATH\CodeIgniter.php(366): CodeIgniter\CodeIgniter->handleRequest(null, Object(Config\Cache), false)
 4 FCPATH\index.php(67): CodeIgniter\CodeIgniter->run()
CRITICAL - 2023-07-25 12:37:31 --> Trying to access array offset on value of type null
in APPPATH\Controllers\BaseController.php on line 75.
 1 APPPATH\Controllers\BaseController.php(75): CodeIgniter\Debug\Exceptions->errorHandler(2, 'Trying to access array offset on value of type null', 'C:\\xampp\\htdocs\\newhepc\\app\\Controllers\\BaseController.php', 75)
 2 APPPATH\Controllers\NewPaperController.php(35): App\Controllers\BaseController->checkPageExits(null, 'subMasterPage', [...])
 3 SYSTEMPATH\CodeIgniter.php(932): App\Controllers\NewPaperController->getNewPaperDetail('fhdufhsa')
 4 SYSTEMPATH\CodeIgniter.php(497): CodeIgniter\CodeIgniter->runController(Object(App\Controllers\NewPaperController))
 5 SYSTEMPATH\CodeIgniter.php(366): CodeIgniter\CodeIgniter->handleRequest(null, Object(Config\Cache), false)
 6 FCPATH\index.php(67): CodeIgniter\CodeIgniter->run()
CRITICAL - 2023-07-25 12:44:28 --> Array to string conversion
in APPPATH\Controllers\UnionController.php on line 41.
 1 APPPATH\Controllers\UnionController.php(41): CodeIgniter\Debug\Exceptions->errorHandler(2, 'Array to string conversion', 'C:\\xampp\\htdocs\\newhepc\\app\\Controllers\\UnionController.php', 41)
 2 SYSTEMPATH\CodeIgniter.php(932): App\Controllers\UnionController->getNewsOfCatalogueUnion([...])
 3 SYSTEMPATH\CodeIgniter.php(497): CodeIgniter\CodeIgniter->runController(Object(App\Controllers\UnionController))
 4 SYSTEMPATH\CodeIgniter.php(366): CodeIgniter\CodeIgniter->handleRequest(null, Object(Config\Cache), false)
 5 FCPATH\index.php(67): CodeIgniter\CodeIgniter->run()
CRITICAL - 2023-07-25 12:44:47 --> Array to string conversion
in APPPATH\Controllers\UnionController.php on line 41.
 1 APPPATH\Controllers\UnionController.php(41): CodeIgniter\Debug\Exceptions->errorHandler(2, 'Array to string conversion', 'C:\\xampp\\htdocs\\newhepc\\app\\Controllers\\UnionController.php', 41)
 2 SYSTEMPATH\CodeIgniter.php(932): App\Controllers\UnionController->getNewsOfCatalogueUnion([...])
 3 SYSTEMPATH\CodeIgniter.php(497): CodeIgniter\CodeIgniter->runController(Object(App\Controllers\UnionController))
 4 SYSTEMPATH\CodeIgniter.php(366): CodeIgniter\CodeIgniter->handleRequest(null, Object(Config\Cache), false)
 5 FCPATH\index.php(67): CodeIgniter\CodeIgniter->run()
CRITICAL - 2023-07-25 13:09:16 --> Trying to access array offset on value of type null
in APPPATH\Controllers\UnionController.php on line 34.
 1 APPPATH\Controllers\UnionController.php(34): CodeIgniter\Debug\Exceptions->errorHandler(2, 'Trying to access array offset on value of type null', 'C:\\xampp\\htdocs\\newhepc\\app\\Controllers\\UnionController.php', 34)
 2 SYSTEMPATH\CodeIgniter.php(932): App\Controllers\UnionController->getNewsOfCatalogueUnion('Gioi-thieu-ve-cong-doan-HEPC')
 3 SYSTEMPATH\CodeIgniter.php(497): CodeIgniter\CodeIgniter->runController(Object(App\Controllers\UnionController))
 4 SYSTEMPATH\CodeIgniter.php(366): CodeIgniter\CodeIgniter->handleRequest(null, Object(Config\Cache), false)
 5 FCPATH\index.php(67): CodeIgniter\CodeIgniter->run()
CRITICAL - 2023-07-25 13:09:38 --> Trying to access array offset on value of type null
in APPPATH\Controllers\UnionController.php on line 34.
 1 APPPATH\Controllers\UnionController.php(34): CodeIgniter\Debug\Exceptions->errorHandler(2, 'Trying to access array offset on value of type null', 'C:\\xampp\\htdocs\\newhepc\\app\\Controllers\\UnionController.php', 34)
 2 SYSTEMPATH\CodeIgniter.php(932): App\Controllers\UnionController->getNewsOfCatalogueUnion('Gioi-thieu-ve-cong-doan-HEPC')
 3 SYSTEMPATH\CodeIgniter.php(497): CodeIgniter\CodeIgniter->runController(Object(App\Controllers\UnionController))
 4 SYSTEMPATH\CodeIgniter.php(366): CodeIgniter\CodeIgniter->handleRequest(null, Object(Config\Cache), false)
 5 FCPATH\index.php(67): CodeIgniter\CodeIgniter->run()
CRITICAL - 2023-07-25 13:09:43 --> Trying to access array offset on value of type null
in APPPATH\Controllers\UnionController.php on line 34.
 1 APPPATH\Controllers\UnionController.php(34): CodeIgniter\Debug\Exceptions->errorHandler(2, 'Trying to access array offset on value of type null', 'C:\\xampp\\htdocs\\newhepc\\app\\Controllers\\UnionController.php', 34)
 2 SYSTEMPATH\CodeIgniter.php(932): App\Controllers\UnionController->getNewsOfCatalogueUnion('Gioi-thieu-ve-cong-doan-HEPC')
 3 SYSTEMPATH\CodeIgniter.php(497): CodeIgniter\CodeIgniter->runController(Object(App\Controllers\UnionController))
 4 SYSTEMPATH\CodeIgniter.php(366): CodeIgniter\CodeIgniter->handleRequest(null, Object(Config\Cache), false)
 5 FCPATH\index.php(67): CodeIgniter\CodeIgniter->run()
ERROR - 2023-07-25 13:15:30 --> mysqli_sql_exception: Column 'status' in where clause is ambiguous in C:\xampp\htdocs\newhepc\system\Database\MySQLi\Connection.php:295
Stack trace:
#0 C:\xampp\htdocs\newhepc\system\Database\MySQLi\Connection.php(295): mysqli->query('SELECT *\nFROM `...', 0)
#1 C:\xampp\htdocs\newhepc\system\Database\BaseConnection.php(692): CodeIgniter\Database\MySQLi\Connection->execute('SELECT *\nFROM `...')
#2 C:\xampp\htdocs\newhepc\system\Database\BaseConnection.php(606): CodeIgniter\Database\BaseConnection->simpleQuery('SELECT *\nFROM `...')
#3 C:\xampp\htdocs\newhepc\system\Database\BaseBuilder.php(1616): CodeIgniter\Database\BaseConnection->query('SELECT *\nFROM `...', Array, false)
#4 C:\xampp\htdocs\newhepc\system\Model.php(268): CodeIgniter\Database\BaseBuilder->get()
#5 C:\xampp\htdocs\newhepc\system\BaseModel.php(656): CodeIgniter\Model->doFirst()
#6 C:\xampp\htdocs\newhepc\app\Services\baivietService.php(31): CodeIgniter\BaseModel->first()
#7 C:\xampp\htdocs\newhepc\app\Controllers\UnionController.php(34): App\Services\baivietService->getNewDetailByID_PB('16', 'Gioi-thieu-ve-c...')
#8 C:\xampp\htdocs\newhepc\system\CodeIgniter.php(932): App\Controllers\UnionController->getNewsOfCatalogueUnion('Gioi-thieu-ve-c...')
#9 C:\xampp\htdocs\newhepc\system\CodeIgniter.php(497): CodeIgniter\CodeIgniter->runController(Object(App\Controllers\UnionController))
#10 C:\xampp\htdocs\newhepc\system\CodeIgniter.php(366): CodeIgniter\CodeIgniter->handleRequest(NULL, Object(Config\Cache), false)
#11 C:\xampp\htdocs\newhepc\public\index.php(67): CodeIgniter\CodeIgniter->run()
#12 {main}
CRITICAL - 2023-07-25 13:15:30 --> Column 'status' in where clause is ambiguous
in SYSTEMPATH\Database\MySQLi\Connection.php on line 295.
 1 SYSTEMPATH\Database\MySQLi\Connection.php(295): mysqli->query('SELECT *
FROM `baiviet`
JOIN `cmphongban` ON `baiviet`.`id_cmpb`=`cmphongban`.`id_cmpb`
WHERE `id_pb` = \'16\'
AND `link_description` = \'Gioi-thieu-ve-cong-doan-HEPC\'
AND `status` != \'0\'
AND `censor` != \'0\'
 LIMIT 1', 0)
 2 SYSTEMPATH\Database\BaseConnection.php(692): CodeIgniter\Database\MySQLi\Connection->execute('SELECT *
FROM `baiviet`
JOIN `cmphongban` ON `baiviet`.`id_cmpb`=`cmphongban`.`id_cmpb`
WHERE `id_pb` = \'16\'
AND `link_description` = \'Gioi-thieu-ve-cong-doan-HEPC\'
AND `status` != \'0\'
AND `censor` != \'0\'
 LIMIT 1')
 3 SYSTEMPATH\Database\BaseConnection.php(606): CodeIgniter\Database\BaseConnection->simpleQuery('SELECT *
FROM `baiviet`
JOIN `cmphongban` ON `baiviet`.`id_cmpb`=`cmphongban`.`id_cmpb`
WHERE `id_pb` = \'16\'
AND `link_description` = \'Gioi-thieu-ve-cong-doan-HEPC\'
AND `status` != \'0\'
AND `censor` != \'0\'
 LIMIT 1')
 4 SYSTEMPATH\Database\BaseBuilder.php(1616): CodeIgniter\Database\BaseConnection->query('SELECT *
FROM `baiviet`
JOIN `cmphongban` ON `baiviet`.`id_cmpb`=`cmphongban`.`id_cmpb`
WHERE `id_pb` = :id_pb:
AND `link_description` = :link_description:
AND `status` != :status:
AND `censor` != :censor:
 LIMIT 1', [...], false)
 5 SYSTEMPATH\Model.php(268): CodeIgniter\Database\BaseBuilder->get()
 6 SYSTEMPATH\BaseModel.php(656): CodeIgniter\Model->doFirst()
 7 APPPATH\Services\baivietService.php(31): CodeIgniter\BaseModel->first()
 8 APPPATH\Controllers\UnionController.php(34): App\Services\baivietService->getNewDetailByID_PB('16', 'Gioi-thieu-ve-cong-doan-HEPC')
 9 SYSTEMPATH\CodeIgniter.php(932): App\Controllers\UnionController->getNewsOfCatalogueUnion('Gioi-thieu-ve-cong-doan-HEPC')
10 SYSTEMPATH\CodeIgniter.php(497): CodeIgniter\CodeIgniter->runController(Object(App\Controllers\UnionController))
11 SYSTEMPATH\CodeIgniter.php(366): CodeIgniter\CodeIgniter->handleRequest(null, Object(Config\Cache), false)
12 FCPATH\index.php(67): CodeIgniter\CodeIgniter->run()
ERROR - 2023-07-25 13:15:36 --> mysqli_sql_exception: Column 'status' in where clause is ambiguous in C:\xampp\htdocs\newhepc\system\Database\MySQLi\Connection.php:295
Stack trace:
#0 C:\xampp\htdocs\newhepc\system\Database\MySQLi\Connection.php(295): mysqli->query('SELECT *\nFROM `...', 0)
#1 C:\xampp\htdocs\newhepc\system\Database\BaseConnection.php(692): CodeIgniter\Database\MySQLi\Connection->execute('SELECT *\nFROM `...')
#2 C:\xampp\htdocs\newhepc\system\Database\BaseConnection.php(606): CodeIgniter\Database\BaseConnection->simpleQuery('SELECT *\nFROM `...')
#3 C:\xampp\htdocs\newhepc\system\Database\BaseBuilder.php(1616): CodeIgniter\Database\BaseConnection->query('SELECT *\nFROM `...', Array, false)
#4 C:\xampp\htdocs\newhepc\system\Model.php(268): CodeIgniter\Database\BaseBuilder->get()
#5 C:\xampp\htdocs\newhepc\system\BaseModel.php(656): CodeIgniter\Model->doFirst()
#6 C:\xampp\htdocs\newhepc\app\Services\baivietService.php(31): CodeIgniter\BaseModel->first()
#7 C:\xampp\htdocs\newhepc\app\Controllers\UnionController.php(34): App\Services\baivietService->getNewDetailByID_PB('16', 'Gioi-thieu-ve-c...')
#8 C:\xampp\htdocs\newhepc\system\CodeIgniter.php(932): App\Controllers\UnionController->getNewsOfCatalogueUnion('Gioi-thieu-ve-c...')
#9 C:\xampp\htdocs\newhepc\system\CodeIgniter.php(497): CodeIgniter\CodeIgniter->runController(Object(App\Controllers\UnionController))
#10 C:\xampp\htdocs\newhepc\system\CodeIgniter.php(366): CodeIgniter\CodeIgniter->handleRequest(NULL, Object(Config\Cache), false)
#11 C:\xampp\htdocs\newhepc\public\index.php(67): CodeIgniter\CodeIgniter->run()
#12 {main}
CRITICAL - 2023-07-25 13:15:36 --> Column 'status' in where clause is ambiguous
in SYSTEMPATH\Database\MySQLi\Connection.php on line 295.
 1 SYSTEMPATH\Database\MySQLi\Connection.php(295): mysqli->query('SELECT *
FROM `baiviet`
JOIN `cmphongban` ON `baiviet`.`id_cmpb`=`cmphongban`.`id_cmpb`
WHERE `id_pb` = \'16\'
AND `link_description` = \'Gioi-thieu-ve-cong-doan-HEPC\'
AND `status` != \'0\'
AND `censor` != \'0\'
 LIMIT 1', 0)
 2 SYSTEMPATH\Database\BaseConnection.php(692): CodeIgniter\Database\MySQLi\Connection->execute('SELECT *
FROM `baiviet`
JOIN `cmphongban` ON `baiviet`.`id_cmpb`=`cmphongban`.`id_cmpb`
WHERE `id_pb` = \'16\'
AND `link_description` = \'Gioi-thieu-ve-cong-doan-HEPC\'
AND `status` != \'0\'
AND `censor` != \'0\'
 LIMIT 1')
 3 SYSTEMPATH\Database\BaseConnection.php(606): CodeIgniter\Database\BaseConnection->simpleQuery('SELECT *
FROM `baiviet`
JOIN `cmphongban` ON `baiviet`.`id_cmpb`=`cmphongban`.`id_cmpb`
WHERE `id_pb` = \'16\'
AND `link_description` = \'Gioi-thieu-ve-cong-doan-HEPC\'
AND `status` != \'0\'
AND `censor` != \'0\'
 LIMIT 1')
 4 SYSTEMPATH\Database\BaseBuilder.php(1616): CodeIgniter\Database\BaseConnection->query('SELECT *
FROM `baiviet`
JOIN `cmphongban` ON `baiviet`.`id_cmpb`=`cmphongban`.`id_cmpb`
WHERE `id_pb` = :id_pb:
AND `link_description` = :link_description:
AND `status` != :status:
AND `censor` != :censor:
 LIMIT 1', [...], false)
 5 SYSTEMPATH\Model.php(268): CodeIgniter\Database\BaseBuilder->get()
 6 SYSTEMPATH\BaseModel.php(656): CodeIgniter\Model->doFirst()
 7 APPPATH\Services\baivietService.php(31): CodeIgniter\BaseModel->first()
 8 APPPATH\Controllers\UnionController.php(34): App\Services\baivietService->getNewDetailByID_PB('16', 'Gioi-thieu-ve-cong-doan-HEPC')
 9 SYSTEMPATH\CodeIgniter.php(932): App\Controllers\UnionController->getNewsOfCatalogueUnion('Gioi-thieu-ve-cong-doan-HEPC')
10 SYSTEMPATH\CodeIgniter.php(497): CodeIgniter\CodeIgniter->runController(Object(App\Controllers\UnionController))
11 SYSTEMPATH\CodeIgniter.php(366): CodeIgniter\CodeIgniter->handleRequest(null, Object(Config\Cache), false)
12 FCPATH\index.php(67): CodeIgniter\CodeIgniter->run()
