CRITICAL - 2023-08-11 03:06:56 --> Allowed fields must be specified for model: "App\Models\baivietModel"
in SYSTEMPATH\BaseModel.php on line 1242.
 1 SYSTEMPATH\BaseModel.php(1242): CodeIgniter\Database\Exceptions\DataException::forInvalidAllowedFields('App\\Models\\baivietModel')
 2 SYSTEMPATH\BaseModel.php(919): CodeIgniter\BaseModel->doProtectFields([...])
 3 SYSTEMPATH\Model.php(756): CodeIgniter\BaseModel->update([...], [...])
 4 APPPATH\Services\baivietService.php(64): CodeIgniter\Model->update('5833', [...])
 5 APPPATH\Controllers\IntroduceController.php(18): App\Services\baivietService->getNewDetail(92, 'So-do-to-chuc')
 6 SYSTEMPATH\CodeIgniter.php(932): App\Controllers\IntroduceController->showIntroduce('So-do-to-chuc')
 7 SYSTEMPATH\CodeIgniter.php(497): CodeIgniter\CodeIgniter->runController(Object(App\Controllers\IntroduceController))
 8 SYSTEMPATH\CodeIgniter.php(366): CodeIgniter\CodeIgniter->handleRequest(null, Object(Config\Cache), false)
 9 FCPATH\index.php(67): CodeIgniter\CodeIgniter->run()
CRITICAL - 2023-08-11 03:07:40 --> Allowed fields must be specified for model: "App\Models\baivietModel"
in SYSTEMPATH\BaseModel.php on line 1242.
 1 SYSTEMPATH\BaseModel.php(1242): CodeIgniter\Database\Exceptions\DataException::forInvalidAllowedFields('App\\Models\\baivietModel')
 2 SYSTEMPATH\BaseModel.php(919): CodeIgniter\BaseModel->doProtectFields([...])
 3 SYSTEMPATH\Model.php(756): CodeIgniter\BaseModel->update([...], [...])
 4 APPPATH\Services\baivietService.php(64): CodeIgniter\Model->update('5833', [...])
 5 APPPATH\Controllers\IntroduceController.php(18): App\Services\baivietService->getNewDetail(92, 'So-do-to-chuc')
 6 SYSTEMPATH\CodeIgniter.php(932): App\Controllers\IntroduceController->showIntroduce('So-do-to-chuc')
 7 SYSTEMPATH\CodeIgniter.php(497): CodeIgniter\CodeIgniter->runController(Object(App\Controllers\IntroduceController))
 8 SYSTEMPATH\CodeIgniter.php(366): CodeIgniter\CodeIgniter->handleRequest(null, Object(Config\Cache), false)
 9 FCPATH\index.php(67): CodeIgniter\CodeIgniter->run()
CRITICAL - 2023-08-11 03:08:23 --> Allowed fields must be specified for model: "App\Models\baivietModel"
in SYSTEMPATH\BaseModel.php on line 1242.
 1 SYSTEMPATH\BaseModel.php(1242): CodeIgniter\Database\Exceptions\DataException::forInvalidAllowedFields('App\\Models\\baivietModel')
 2 SYSTEMPATH\BaseModel.php(919): CodeIgniter\BaseModel->doProtectFields([...])
 3 SYSTEMPATH\Model.php(756): CodeIgniter\BaseModel->update([...], [...])
 4 APPPATH\Services\baivietService.php(65): CodeIgniter\Model->update('5833', [...])
 5 APPPATH\Controllers\IntroduceController.php(18): App\Services\baivietService->getNewDetail(92, 'So-do-to-chuc')
 6 SYSTEMPATH\CodeIgniter.php(932): App\Controllers\IntroduceController->showIntroduce('So-do-to-chuc')
 7 SYSTEMPATH\CodeIgniter.php(497): CodeIgniter\CodeIgniter->runController(Object(App\Controllers\IntroduceController))
 8 SYSTEMPATH\CodeIgniter.php(366): CodeIgniter\CodeIgniter->handleRequest(null, Object(Config\Cache), false)
 9 FCPATH\index.php(67): CodeIgniter\CodeIgniter->run()
CRITICAL - 2023-08-11 03:09:51 --> Allowed fields must be specified for model: "App\Models\baivietModel"
in SYSTEMPATH\BaseModel.php on line 1242.
 1 SYSTEMPATH\BaseModel.php(1242): CodeIgniter\Database\Exceptions\DataException::forInvalidAllowedFields('App\\Models\\baivietModel')
 2 SYSTEMPATH\BaseModel.php(919): CodeIgniter\BaseModel->doProtectFields([...])
 3 SYSTEMPATH\Model.php(756): CodeIgniter\BaseModel->update([...], [...])
 4 APPPATH\Services\baivietService.php(65): CodeIgniter\Model->update('5833', [...])
 5 APPPATH\Controllers\IntroduceController.php(18): App\Services\baivietService->getNewDetail(92, 'So-do-to-chuc')
 6 SYSTEMPATH\CodeIgniter.php(932): App\Controllers\IntroduceController->showIntroduce('So-do-to-chuc')
 7 SYSTEMPATH\CodeIgniter.php(497): CodeIgniter\CodeIgniter->runController(Object(App\Controllers\IntroduceController))
 8 SYSTEMPATH\CodeIgniter.php(366): CodeIgniter\CodeIgniter->handleRequest(null, Object(Config\Cache), false)
 9 FCPATH\index.php(67): CodeIgniter\CodeIgniter->run()
CRITICAL - 2023-08-11 06:21:47 --> Call to a member function getAnouncementForRightMenu() on null
in APPPATH\Controllers\ContactController.php on line 22.
 1 SYSTEMPATH\CodeIgniter.php(932): App\Controllers\ContactController->index()
 2 SYSTEMPATH\CodeIgniter.php(497): CodeIgniter\CodeIgniter->runController(Object(App\Controllers\ContactController))
 3 SYSTEMPATH\CodeIgniter.php(366): CodeIgniter\CodeIgniter->handleRequest(null, Object(Config\Cache), false)
 4 FCPATH\index.php(67): CodeIgniter\CodeIgniter->run()
