CRITICAL - 2023-08-14 01:04:31 --> Undefined variable $n
in APPPATH\Views\adminPage\pages\videoPage-update.php on line 18.
 1 APPPATH\Views\adminPage\pages\videoPage-update.php(18): CodeIgniter\Debug\Exceptions->errorHandler(2, 'Undefined variable $n', 'C:\\xampp\\htdocs\\newhepc\\app\\Views\\adminPage\\pages\\videoPage-update.php', 18)
 2 SYSTEMPATH\View\View.php(224): include('C:\\xampp\\htdocs\\newhepc\\app\\Views\\adminPage\\pages\\videoPage-update.php')
 3 SYSTEMPATH\View\View.php(227): CodeIgniter\View\View->CodeIgniter\View\{closure}()
 4 SYSTEMPATH\Common.php(1180): CodeIgniter\View\View->render('adminPage/pages/videoPage-update', [], true)
 5 APPPATH\Controllers\BaseController.php(104): view('adminPage/pages/videoPage-update', [...])
 6 APPPATH\Controllers\Admin_VideoController.php(55): App\Controllers\BaseController->loadAdminLayout([...], 'Video', 'adminPage/pages/videoPage-update', [...], [...], [...])
 7 SYSTEMPATH\CodeIgniter.php(932): App\Controllers\Admin_VideoController->updateVideoPage('1')
 8 SYSTEMPATH\CodeIgniter.php(497): CodeIgniter\CodeIgniter->runController(Object(App\Controllers\Admin_VideoController))
 9 SYSTEMPATH\CodeIgniter.php(366): CodeIgniter\CodeIgniter->handleRequest(null, Object(Config\Cache), false)
10 FCPATH\index.php(67): CodeIgniter\CodeIgniter->run()
CRITICAL - 2023-08-14 01:04:44 --> Undefined variable $encrypt
in APPPATH\Views\adminPage\pages\videoPage-update.php on line 18.
 1 APPPATH\Views\adminPage\pages\videoPage-update.php(18): CodeIgniter\Debug\Exceptions->errorHandler(2, 'Undefined variable $encrypt', 'C:\\xampp\\htdocs\\newhepc\\app\\Views\\adminPage\\pages\\videoPage-update.php', 18)
 2 SYSTEMPATH\View\View.php(224): include('C:\\xampp\\htdocs\\newhepc\\app\\Views\\adminPage\\pages\\videoPage-update.php')
 3 SYSTEMPATH\View\View.php(227): CodeIgniter\View\View->CodeIgniter\View\{closure}()
 4 SYSTEMPATH\Common.php(1180): CodeIgniter\View\View->render('adminPage/pages/videoPage-update', [], true)
 5 APPPATH\Controllers\BaseController.php(104): view('adminPage/pages/videoPage-update', [...])
 6 APPPATH\Controllers\Admin_VideoController.php(55): App\Controllers\BaseController->loadAdminLayout([...], 'Video', 'adminPage/pages/videoPage-update', [...], [...], [...])
 7 SYSTEMPATH\CodeIgniter.php(932): App\Controllers\Admin_VideoController->updateVideoPage('1')
 8 SYSTEMPATH\CodeIgniter.php(497): CodeIgniter\CodeIgniter->runController(Object(App\Controllers\Admin_VideoController))
 9 SYSTEMPATH\CodeIgniter.php(366): CodeIgniter\CodeIgniter->handleRequest(null, Object(Config\Cache), false)
10 FCPATH\index.php(67): CodeIgniter\CodeIgniter->run()
CRITICAL - 2023-08-14 01:08:06 --> Undefined variable $video
in APPPATH\Views\adminPage\pages\userPage.php on line 55.
 1 APPPATH\Views\adminPage\pages\userPage.php(55): CodeIgniter\Debug\Exceptions->errorHandler(2, 'Undefined variable $video', 'C:\\xampp\\htdocs\\newhepc\\app\\Views\\adminPage\\pages\\userPage.php', 55)
 2 SYSTEMPATH\View\View.php(224): include('C:\\xampp\\htdocs\\newhepc\\app\\Views\\adminPage\\pages\\userPage.php')
 3 SYSTEMPATH\View\View.php(227): CodeIgniter\View\View->CodeIgniter\View\{closure}()
 4 SYSTEMPATH\Common.php(1180): CodeIgniter\View\View->render('adminPage/pages/userPage', [], true)
 5 APPPATH\Controllers\BaseController.php(104): view('adminPage/pages/userPage', [...])
 6 APPPATH\Controllers\Admin_UserController.php(34): App\Controllers\BaseController->loadAdminLayout([...], 'Tài khoản', 'adminPage/pages/userPage', [...], [...], [...])
 7 SYSTEMPATH\CodeIgniter.php(932): App\Controllers\Admin_UserController->index()
 8 SYSTEMPATH\CodeIgniter.php(497): CodeIgniter\CodeIgniter->runController(Object(App\Controllers\Admin_UserController))
 9 SYSTEMPATH\CodeIgniter.php(366): CodeIgniter\CodeIgniter->handleRequest(null, Object(Config\Cache), false)
10 FCPATH\index.php(67): CodeIgniter\CodeIgniter->run()
CRITICAL - 2023-08-14 01:08:19 --> Undefined variable $video
in APPPATH\Views\adminPage\pages\userPage.php on line 55.
 1 APPPATH\Views\adminPage\pages\userPage.php(55): CodeIgniter\Debug\Exceptions->errorHandler(2, 'Undefined variable $video', 'C:\\xampp\\htdocs\\newhepc\\app\\Views\\adminPage\\pages\\userPage.php', 55)
 2 SYSTEMPATH\View\View.php(224): include('C:\\xampp\\htdocs\\newhepc\\app\\Views\\adminPage\\pages\\userPage.php')
 3 SYSTEMPATH\View\View.php(227): CodeIgniter\View\View->CodeIgniter\View\{closure}()
 4 SYSTEMPATH\Common.php(1180): CodeIgniter\View\View->render('adminPage/pages/userPage', [], true)
 5 APPPATH\Controllers\BaseController.php(104): view('adminPage/pages/userPage', [...])
 6 APPPATH\Controllers\Admin_UserController.php(34): App\Controllers\BaseController->loadAdminLayout([...], 'Tài khoản', 'adminPage/pages/userPage', [...], [...], [...])
 7 SYSTEMPATH\CodeIgniter.php(932): App\Controllers\Admin_UserController->index()
 8 SYSTEMPATH\CodeIgniter.php(497): CodeIgniter\CodeIgniter->runController(Object(App\Controllers\Admin_UserController))
 9 SYSTEMPATH\CodeIgniter.php(366): CodeIgniter\CodeIgniter->handleRequest(null, Object(Config\Cache), false)
10 FCPATH\index.php(67): CodeIgniter\CodeIgniter->run()
CRITICAL - 2023-08-14 01:15:57 --> Undefined variable $encrypt
in APPPATH\Views\adminPage\pages\postPage-add.php on line 19.
 1 APPPATH\Views\adminPage\pages\postPage-add.php(19): CodeIgniter\Debug\Exceptions->errorHandler(2, 'Undefined variable $encrypt', 'C:\\xampp\\htdocs\\newhepc\\app\\Views\\adminPage\\pages\\postPage-add.php', 19)
 2 SYSTEMPATH\View\View.php(224): include('C:\\xampp\\htdocs\\newhepc\\app\\Views\\adminPage\\pages\\postPage-add.php')
 3 SYSTEMPATH\View\View.php(227): CodeIgniter\View\View->CodeIgniter\View\{closure}()
 4 SYSTEMPATH\Common.php(1180): CodeIgniter\View\View->render('adminPage/Pages/postPage-add', [], true)
 5 APPPATH\Controllers\BaseController.php(104): view('adminPage/Pages/postPage-add', [...])
 6 APPPATH\Controllers\Admin_NewController.php(149): App\Controllers\BaseController->loadAdminLayout([...], 'Trang chủ', 'adminPage/Pages/postPage-add', [...], [...], [...])
 7 SYSTEMPATH\CodeIgniter.php(932): App\Controllers\Admin_NewController->loadUpdatePostPage('1')
 8 SYSTEMPATH\CodeIgniter.php(497): CodeIgniter\CodeIgniter->runController(Object(App\Controllers\Admin_NewController))
 9 SYSTEMPATH\CodeIgniter.php(366): CodeIgniter\CodeIgniter->handleRequest(null, Object(Config\Cache), false)
10 FCPATH\index.php(67): CodeIgniter\CodeIgniter->run()
CRITICAL - 2023-08-14 01:17:23 --> Undefined variable $encrypt
in APPPATH\Views\adminPage\pages\postPage-add.php on line 19.
 1 APPPATH\Views\adminPage\pages\postPage-add.php(19): CodeIgniter\Debug\Exceptions->errorHandler(2, 'Undefined variable $encrypt', 'C:\\xampp\\htdocs\\newhepc\\app\\Views\\adminPage\\pages\\postPage-add.php', 19)
 2 SYSTEMPATH\View\View.php(224): include('C:\\xampp\\htdocs\\newhepc\\app\\Views\\adminPage\\pages\\postPage-add.php')
 3 SYSTEMPATH\View\View.php(227): CodeIgniter\View\View->CodeIgniter\View\{closure}()
 4 SYSTEMPATH\Common.php(1180): CodeIgniter\View\View->render('adminPage/Pages/postPage-add', [], true)
 5 APPPATH\Controllers\BaseController.php(104): view('adminPage/Pages/postPage-add', [...])
 6 APPPATH\Controllers\Admin_NewController.php(150): App\Controllers\BaseController->loadAdminLayout([...], 'Trang chủ', 'adminPage/Pages/postPage-add', [...], [...], [...])
 7 SYSTEMPATH\CodeIgniter.php(932): App\Controllers\Admin_NewController->loadUpdatePostPage('1')
 8 SYSTEMPATH\CodeIgniter.php(497): CodeIgniter\CodeIgniter->runController(Object(App\Controllers\Admin_NewController))
 9 SYSTEMPATH\CodeIgniter.php(366): CodeIgniter\CodeIgniter->handleRequest(null, Object(Config\Cache), false)
10 FCPATH\index.php(67): CodeIgniter\CodeIgniter->run()
CRITICAL - 2023-08-14 01:45:18 --> Undefined array key "user"
in APPPATH\Views\adminPage\pages\bannerPage.php on line 32.
 1 APPPATH\Views\adminPage\pages\bannerPage.php(32): CodeIgniter\Debug\Exceptions->errorHandler(2, 'Undefined array key "user"', 'C:\\xampp\\htdocs\\newhepc\\app\\Views\\adminPage\\pages\\bannerPage.php', 32)
 2 SYSTEMPATH\View\View.php(224): include('C:\\xampp\\htdocs\\newhepc\\app\\Views\\adminPage\\pages\\bannerPage.php')
 3 SYSTEMPATH\View\View.php(227): CodeIgniter\View\View->CodeIgniter\View\{closure}()
 4 SYSTEMPATH\Common.php(1180): CodeIgniter\View\View->render('adminPage/pages/bannerPage', [], true)
 5 APPPATH\Controllers\BaseController.php(104): view('adminPage/pages/bannerPage', [...])
 6 APPPATH\Controllers\Admin_BannerController.php(26): App\Controllers\BaseController->loadAdminLayout([...], 'Banner Quảng cáo', 'adminPage/pages/bannerPage', [...], [...], [...])
 7 SYSTEMPATH\CodeIgniter.php(932): App\Controllers\Admin_BannerController->index()
 8 SYSTEMPATH\CodeIgniter.php(497): CodeIgniter\CodeIgniter->runController(Object(App\Controllers\Admin_BannerController))
 9 SYSTEMPATH\CodeIgniter.php(366): CodeIgniter\CodeIgniter->handleRequest(null, Object(Config\Cache), false)
10 FCPATH\index.php(67): CodeIgniter\CodeIgniter->run()
CRITICAL - 2023-08-14 02:14:33 --> Undefined array key "pictureid"
in APPPATH\Services\admin_anhService.php on line 29.
 1 APPPATH\Services\admin_anhService.php(29): CodeIgniter\Debug\Exceptions->errorHandler(2, 'Undefined array key "pictureid"', 'C:\\xampp\\htdocs\\newhepc\\app\\Services\\admin_anhService.php', 29)
 2 APPPATH\Controllers\Admin_PictureController.php(40): App\Services\admin_anhService->deletePicture(Object(CodeIgniter\HTTP\IncomingRequest))
 3 SYSTEMPATH\CodeIgniter.php(932): App\Controllers\Admin_PictureController->deletePicture()
 4 SYSTEMPATH\CodeIgniter.php(497): CodeIgniter\CodeIgniter->runController(Object(App\Controllers\Admin_PictureController))
 5 SYSTEMPATH\CodeIgniter.php(366): CodeIgniter\CodeIgniter->handleRequest(null, Object(Config\Cache), false)
 6 FCPATH\index.php(67): CodeIgniter\CodeIgniter->run()
ERROR - 2023-08-14 03:18:21 --> mysqli_sql_exception: Unknown column 'mail' in 'where clause' in C:\xampp\htdocs\newhepc\system\Database\MySQLi\Connection.php:295
Stack trace:
#0 C:\xampp\htdocs\newhepc\system\Database\MySQLi\Connection.php(295): mysqli->query('SELECT *\nFROM `...', 0)
#1 C:\xampp\htdocs\newhepc\system\Database\BaseConnection.php(692): CodeIgniter\Database\MySQLi\Connection->execute('SELECT *\nFROM `...')
#2 C:\xampp\htdocs\newhepc\system\Database\BaseConnection.php(606): CodeIgniter\Database\BaseConnection->simpleQuery('SELECT *\nFROM `...')
#3 C:\xampp\htdocs\newhepc\system\Database\BaseBuilder.php(1616): CodeIgniter\Database\BaseConnection->query('SELECT *\nFROM `...', Array, false)
#4 C:\xampp\htdocs\newhepc\system\Model.php(268): CodeIgniter\Database\BaseBuilder->get()
#5 C:\xampp\htdocs\newhepc\system\BaseModel.php(656): CodeIgniter\Model->doFirst()
#6 C:\xampp\htdocs\newhepc\app\Services\userService.php(93): CodeIgniter\BaseModel->first()
#7 C:\xampp\htdocs\newhepc\app\Controllers\LoginController.php(63): App\Services\userService->resetPassword(Object(CodeIgniter\HTTP\IncomingRequest))
#8 C:\xampp\htdocs\newhepc\system\CodeIgniter.php(932): App\Controllers\LoginController->resetPassword()
#9 C:\xampp\htdocs\newhepc\system\CodeIgniter.php(497): CodeIgniter\CodeIgniter->runController(Object(App\Controllers\LoginController))
#10 C:\xampp\htdocs\newhepc\system\CodeIgniter.php(366): CodeIgniter\CodeIgniter->handleRequest(NULL, Object(Config\Cache), false)
#11 C:\xampp\htdocs\newhepc\public\index.php(67): CodeIgniter\CodeIgniter->run()
#12 {main}
CRITICAL - 2023-08-14 03:18:21 --> Unknown column 'mail' in 'where clause'
in SYSTEMPATH\Database\MySQLi\Connection.php on line 295.
 1 SYSTEMPATH\Database\MySQLi\Connection.php(295): mysqli->query('SELECT *
FROM `user`
WHERE `mail` = \'leenedq7@gmail.com\'
 LIMIT 1', 0)
 2 SYSTEMPATH\Database\BaseConnection.php(692): CodeIgniter\Database\MySQLi\Connection->execute('SELECT *
FROM `user`
WHERE `mail` = \'leenedq7@gmail.com\'
 LIMIT 1')
 3 SYSTEMPATH\Database\BaseConnection.php(606): CodeIgniter\Database\BaseConnection->simpleQuery('SELECT *
FROM `user`
WHERE `mail` = \'leenedq7@gmail.com\'
 LIMIT 1')
 4 SYSTEMPATH\Database\BaseBuilder.php(1616): CodeIgniter\Database\BaseConnection->query('SELECT *
FROM `user`
WHERE `mail` = :mail:
 LIMIT 1', [...], false)
 5 SYSTEMPATH\Model.php(268): CodeIgniter\Database\BaseBuilder->get()
 6 SYSTEMPATH\BaseModel.php(656): CodeIgniter\Model->doFirst()
 7 APPPATH\Services\userService.php(93): CodeIgniter\BaseModel->first()
 8 APPPATH\Controllers\LoginController.php(63): App\Services\userService->resetPassword(Object(CodeIgniter\HTTP\IncomingRequest))
 9 SYSTEMPATH\CodeIgniter.php(932): App\Controllers\LoginController->resetPassword()
10 SYSTEMPATH\CodeIgniter.php(497): CodeIgniter\CodeIgniter->runController(Object(App\Controllers\LoginController))
11 SYSTEMPATH\CodeIgniter.php(366): CodeIgniter\CodeIgniter->handleRequest(null, Object(Config\Cache), false)
12 FCPATH\index.php(67): CodeIgniter\CodeIgniter->run()
ERROR - 2023-08-14 03:19:12 --> Email: sendWithMail throwed ErrorException: mail(): Failed to connect to mailserver at &quot;localhost&quot; port 25, verify your &quot;SMTP&quot; and &quot;smtp_port&quot; setting in php.ini or use ini_set() in C:\xampp\htdocs\newhepc\system\Email\Email.php:1735
Stack trace:
#0 [internal function]: CodeIgniter\Debug\Exceptions->errorHandler(2, 'mail(): Failed ...', 'C:\\xampp\\htdocs...', 1735)
#1 C:\xampp\htdocs\newhepc\system\Email\Email.php(1735): mail('leenedq7@gmail....', '=?UTF-8?Q?Your=...', 'M\xE1\xBA\xADt kh\xE1\xBA\xA9u m\xE1...', 'Date: Mon, 14 A...', '-f website.hepc...')
#2 C:\xampp\htdocs\newhepc\system\Email\Email.php(1667): CodeIgniter\Email\Email->sendWithMail()
#3 C:\xampp\htdocs\newhepc\system\Email\Email.php(1565): CodeIgniter\Email\Email->spoolEmail()
#4 C:\xampp\htdocs\newhepc\app\Services\userService.php(110): CodeIgniter\Email\Email->send()
#5 C:\xampp\htdocs\newhepc\app\Controllers\LoginController.php(63): App\Services\userService->resetPassword(Object(CodeIgniter\HTTP\IncomingRequest))
#6 C:\xampp\htdocs\newhepc\system\CodeIgniter.php(932): App\Controllers\LoginController->resetPassword()
#7 C:\xampp\htdocs\newhepc\system\CodeIgniter.php(497): CodeIgniter\CodeIgniter->runController(Object(App\Controllers\LoginController))
#8 C:\xampp\htdocs\newhepc\system\CodeIgniter.php(366): CodeIgniter\CodeIgniter->handleRequest(NULL, Object(Config\Cache), false)
#9 C:\xampp\htdocs\newhepc\public\index.php(67): CodeIgniter\CodeIgniter->run()
#10 {main}
ERROR - 2023-08-14 03:19:12 --> Email: Unable to send email using PHP mail(). Your server might not be configured to send mail using this method.
ERROR - 2023-08-14 03:19:12 --> 
ERROR - 2023-08-14 03:26:05 --> Email: sendWithMail throwed ErrorException: mail(): Failed to connect to mailserver at &quot;localhost&quot; port 25, verify your &quot;SMTP&quot; and &quot;smtp_port&quot; setting in php.ini or use ini_set() in C:\xampp\htdocs\newhepc\system\Email\Email.php:1735
Stack trace:
#0 [internal function]: CodeIgniter\Debug\Exceptions->errorHandler(2, 'mail(): Failed ...', 'C:\\xampp\\htdocs...', 1735)
#1 C:\xampp\htdocs\newhepc\system\Email\Email.php(1735): mail('dainq.hepc@gmai...', '=?UTF-8?Q?Your=...', 'M\xE1\xBA\xADt kh\xE1\xBA\xA9u m\xE1...', 'Date: Mon, 14 A...', '-f website.hepc...')
#2 C:\xampp\htdocs\newhepc\system\Email\Email.php(1667): CodeIgniter\Email\Email->sendWithMail()
#3 C:\xampp\htdocs\newhepc\system\Email\Email.php(1565): CodeIgniter\Email\Email->spoolEmail()
#4 C:\xampp\htdocs\newhepc\app\Services\userService.php(109): CodeIgniter\Email\Email->send()
#5 C:\xampp\htdocs\newhepc\app\Controllers\LoginController.php(63): App\Services\userService->resetPassword(Object(CodeIgniter\HTTP\IncomingRequest))
#6 C:\xampp\htdocs\newhepc\system\CodeIgniter.php(932): App\Controllers\LoginController->resetPassword()
#7 C:\xampp\htdocs\newhepc\system\CodeIgniter.php(497): CodeIgniter\CodeIgniter->runController(Object(App\Controllers\LoginController))
#8 C:\xampp\htdocs\newhepc\system\CodeIgniter.php(366): CodeIgniter\CodeIgniter->handleRequest(NULL, Object(Config\Cache), false)
#9 C:\xampp\htdocs\newhepc\public\index.php(67): CodeIgniter\CodeIgniter->run()
#10 {main}
ERROR - 2023-08-14 03:26:05 --> Email: Unable to send email using PHP mail(). Your server might not be configured to send mail using this method.
ERROR - 2023-08-14 03:26:05 --> 
ERROR - 2023-08-14 03:27:34 --> Email: sendWithMail throwed ErrorException: mail(): Failed to connect to mailserver at &quot;localhost&quot; port 25, verify your &quot;SMTP&quot; and &quot;smtp_port&quot; setting in php.ini or use ini_set() in C:\xampp\htdocs\newhepc\system\Email\Email.php:1735
Stack trace:
#0 [internal function]: CodeIgniter\Debug\Exceptions->errorHandler(2, 'mail(): Failed ...', 'C:\\xampp\\htdocs...', 1735)
#1 C:\xampp\htdocs\newhepc\system\Email\Email.php(1735): mail('dainq.hepc@gmai...', '=?UTF-8?Q?Your=...', 'M\xE1\xBA\xADt kh\xE1\xBA\xA9u m\xE1...', 'Date: Mon, 14 A...', '-f website.hepc...')
#2 C:\xampp\htdocs\newhepc\system\Email\Email.php(1667): CodeIgniter\Email\Email->sendWithMail()
#3 C:\xampp\htdocs\newhepc\system\Email\Email.php(1565): CodeIgniter\Email\Email->spoolEmail()
#4 C:\xampp\htdocs\newhepc\app\Services\userService.php(109): CodeIgniter\Email\Email->send()
#5 C:\xampp\htdocs\newhepc\app\Controllers\LoginController.php(63): App\Services\userService->resetPassword(Object(CodeIgniter\HTTP\IncomingRequest))
#6 C:\xampp\htdocs\newhepc\system\CodeIgniter.php(932): App\Controllers\LoginController->resetPassword()
#7 C:\xampp\htdocs\newhepc\system\CodeIgniter.php(497): CodeIgniter\CodeIgniter->runController(Object(App\Controllers\LoginController))
#8 C:\xampp\htdocs\newhepc\system\CodeIgniter.php(366): CodeIgniter\CodeIgniter->handleRequest(NULL, Object(Config\Cache), false)
#9 C:\xampp\htdocs\newhepc\public\index.php(67): CodeIgniter\CodeIgniter->run()
#10 {main}
ERROR - 2023-08-14 03:27:34 --> Email: Unable to send email using PHP mail(). Your server might not be configured to send mail using this method.
ERROR - 2023-08-14 03:27:34 --> 
ERROR - 2023-08-14 03:30:52 --> Email: sendWithSmtp throwed ErrorException: fsockopen(): php_network_getaddresses: getaddrinfo for ssl failed: No such host is known.  in C:\xampp\htdocs\newhepc\system\Email\Email.php:1863
Stack trace:
#0 [internal function]: CodeIgniter\Debug\Exceptions->errorHandler(2, 'fsockopen(): ph...', 'C:\\xampp\\htdocs...', 1863)
#1 C:\xampp\htdocs\newhepc\system\Email\Email.php(1863): fsockopen('tls://ssl://smt...', 465, NULL, NULL, 5)
#2 C:\xampp\htdocs\newhepc\system\Email\Email.php(1782): CodeIgniter\Email\Email->SMTPConnect()
#3 C:\xampp\htdocs\newhepc\system\Email\Email.php(1667): CodeIgniter\Email\Email->sendWithSmtp()
#4 C:\xampp\htdocs\newhepc\system\Email\Email.php(1565): CodeIgniter\Email\Email->spoolEmail()
#5 C:\xampp\htdocs\newhepc\app\Services\userService.php(109): CodeIgniter\Email\Email->send()
#6 C:\xampp\htdocs\newhepc\app\Controllers\LoginController.php(63): App\Services\userService->resetPassword(Object(CodeIgniter\HTTP\IncomingRequest))
#7 C:\xampp\htdocs\newhepc\system\CodeIgniter.php(932): App\Controllers\LoginController->resetPassword()
#8 C:\xampp\htdocs\newhepc\system\CodeIgniter.php(497): CodeIgniter\CodeIgniter->runController(Object(App\Controllers\LoginController))
#9 C:\xampp\htdocs\newhepc\system\CodeIgniter.php(366): CodeIgniter\CodeIgniter->handleRequest(NULL, Object(Config\Cache), false)
#10 C:\xampp\htdocs\newhepc\public\index.php(67): CodeIgniter\CodeIgniter->run()
#11 {main}
ERROR - 2023-08-14 03:30:52 --> Email: Unable to send email using SMTP. Your server might not be configured to send mail using this method.
ERROR - 2023-08-14 03:30:52 --> 
ERROR - 2023-08-14 03:32:56 --> Email: sendWithMail throwed ErrorException: mail(): Failed to connect to mailserver at &quot;localhost&quot; port 25, verify your &quot;SMTP&quot; and &quot;smtp_port&quot; setting in php.ini or use ini_set() in C:\xampp\htdocs\newhepc\system\Email\Email.php:1735
Stack trace:
#0 [internal function]: CodeIgniter\Debug\Exceptions->errorHandler(2, 'mail(): Failed ...', 'C:\\xampp\\htdocs...', 1735)
#1 C:\xampp\htdocs\newhepc\system\Email\Email.php(1735): mail('dainq.hepc@gmai...', '=?UTF-8?Q?Your=...', 'M\xE1\xBA\xADt kh\xE1\xBA\xA9u m\xE1...', 'Date: Mon, 14 A...', '-f website.hepc...')
#2 C:\xampp\htdocs\newhepc\system\Email\Email.php(1667): CodeIgniter\Email\Email->sendWithMail()
#3 C:\xampp\htdocs\newhepc\system\Email\Email.php(1565): CodeIgniter\Email\Email->spoolEmail()
#4 C:\xampp\htdocs\newhepc\app\Services\userService.php(109): CodeIgniter\Email\Email->send()
#5 C:\xampp\htdocs\newhepc\app\Controllers\LoginController.php(63): App\Services\userService->resetPassword(Object(CodeIgniter\HTTP\IncomingRequest))
#6 C:\xampp\htdocs\newhepc\system\CodeIgniter.php(932): App\Controllers\LoginController->resetPassword()
#7 C:\xampp\htdocs\newhepc\system\CodeIgniter.php(497): CodeIgniter\CodeIgniter->runController(Object(App\Controllers\LoginController))
#8 C:\xampp\htdocs\newhepc\system\CodeIgniter.php(366): CodeIgniter\CodeIgniter->handleRequest(NULL, Object(Config\Cache), false)
#9 C:\xampp\htdocs\newhepc\public\index.php(67): CodeIgniter\CodeIgniter->run()
#10 {main}
ERROR - 2023-08-14 03:32:56 --> Email: Unable to send email using PHP mail(). Your server might not be configured to send mail using this method.
ERROR - 2023-08-14 03:32:56 --> 
ERROR - 2023-08-14 03:34:44 --> Email: sendWithMail throwed ErrorException: mail(): Failed to connect to mailserver at &quot;localhost&quot; port 25, verify your &quot;SMTP&quot; and &quot;smtp_port&quot; setting in php.ini or use ini_set() in C:\xampp\htdocs\newhepc\system\Email\Email.php:1735
Stack trace:
#0 [internal function]: CodeIgniter\Debug\Exceptions->errorHandler(2, 'mail(): Failed ...', 'C:\\xampp\\htdocs...', 1735)
#1 C:\xampp\htdocs\newhepc\system\Email\Email.php(1735): mail('dainq.hepc@gmai...', '=?UTF-8?Q?Your=...', 'M\xE1\xBA\xADt kh\xE1\xBA\xA9u m\xE1...', 'Date: Mon, 14 A...', '-f website.hepc...')
#2 C:\xampp\htdocs\newhepc\system\Email\Email.php(1667): CodeIgniter\Email\Email->sendWithMail()
#3 C:\xampp\htdocs\newhepc\system\Email\Email.php(1565): CodeIgniter\Email\Email->spoolEmail()
#4 C:\xampp\htdocs\newhepc\app\Services\userService.php(109): CodeIgniter\Email\Email->send()
#5 C:\xampp\htdocs\newhepc\app\Controllers\LoginController.php(63): App\Services\userService->resetPassword(Object(CodeIgniter\HTTP\IncomingRequest))
#6 C:\xampp\htdocs\newhepc\system\CodeIgniter.php(932): App\Controllers\LoginController->resetPassword()
#7 C:\xampp\htdocs\newhepc\system\CodeIgniter.php(497): CodeIgniter\CodeIgniter->runController(Object(App\Controllers\LoginController))
#8 C:\xampp\htdocs\newhepc\system\CodeIgniter.php(366): CodeIgniter\CodeIgniter->handleRequest(NULL, Object(Config\Cache), false)
#9 C:\xampp\htdocs\newhepc\public\index.php(67): CodeIgniter\CodeIgniter->run()
#10 {main}
ERROR - 2023-08-14 03:34:44 --> Email: Unable to send email using PHP mail(). Your server might not be configured to send mail using this method.
ERROR - 2023-08-14 03:34:44 --> 
ERROR - 2023-08-14 03:40:13 --> Email: sendWithMail throwed ErrorException: mail(): Failed to connect to mailserver at &quot;localhost&quot; port 25, verify your &quot;SMTP&quot; and &quot;smtp_port&quot; setting in php.ini or use ini_set() in C:\xampp\htdocs\newhepc\system\Email\Email.php:1735
Stack trace:
#0 [internal function]: CodeIgniter\Debug\Exceptions->errorHandler(2, 'mail(): Failed ...', 'C:\\xampp\\htdocs...', 1735)
#1 C:\xampp\htdocs\newhepc\system\Email\Email.php(1735): mail('dainq.hepc@gmai...', '=?UTF-8?Q?Your=...', 'M\xE1\xBA\xADt kh\xE1\xBA\xA9u m\xE1...', 'Date: Mon, 14 A...', '-f website.hepc...')
#2 C:\xampp\htdocs\newhepc\system\Email\Email.php(1667): CodeIgniter\Email\Email->sendWithMail()
#3 C:\xampp\htdocs\newhepc\system\Email\Email.php(1565): CodeIgniter\Email\Email->spoolEmail()
#4 C:\xampp\htdocs\newhepc\app\Services\userService.php(110): CodeIgniter\Email\Email->send()
#5 C:\xampp\htdocs\newhepc\app\Controllers\LoginController.php(63): App\Services\userService->resetPassword(Object(CodeIgniter\HTTP\IncomingRequest))
#6 C:\xampp\htdocs\newhepc\system\CodeIgniter.php(932): App\Controllers\LoginController->resetPassword()
#7 C:\xampp\htdocs\newhepc\system\CodeIgniter.php(497): CodeIgniter\CodeIgniter->runController(Object(App\Controllers\LoginController))
#8 C:\xampp\htdocs\newhepc\system\CodeIgniter.php(366): CodeIgniter\CodeIgniter->handleRequest(NULL, Object(Config\Cache), false)
#9 C:\xampp\htdocs\newhepc\public\index.php(67): CodeIgniter\CodeIgniter->run()
#10 {main}
ERROR - 2023-08-14 03:40:13 --> Email: Unable to send email using PHP mail(). Your server might not be configured to send mail using this method.
ERROR - 2023-08-14 03:40:13 --> 
ERROR - 2023-08-14 03:52:51 --> Email: sendWithSmtp throwed ErrorException: stream_socket_enable_crypto(): SSL/TLS already set-up for this stream in C:\xampp\htdocs\newhepc\system\Email\Email.php:1883
Stack trace:
#0 [internal function]: CodeIgniter\Debug\Exceptions->errorHandler(2, 'stream_socket_e...', 'C:\\xampp\\htdocs...', 1883)
#1 C:\xampp\htdocs\newhepc\system\Email\Email.php(1883): stream_socket_enable_crypto(Resource id #132, true, 121)
#2 C:\xampp\htdocs\newhepc\system\Email\Email.php(1782): CodeIgniter\Email\Email->SMTPConnect()
#3 C:\xampp\htdocs\newhepc\system\Email\Email.php(1667): CodeIgniter\Email\Email->sendWithSmtp()
#4 C:\xampp\htdocs\newhepc\system\Email\Email.php(1565): CodeIgniter\Email\Email->spoolEmail()
#5 C:\xampp\htdocs\newhepc\app\Services\userService.php(110): CodeIgniter\Email\Email->send()
#6 C:\xampp\htdocs\newhepc\app\Controllers\LoginController.php(63): App\Services\userService->resetPassword(Object(CodeIgniter\HTTP\IncomingRequest))
#7 C:\xampp\htdocs\newhepc\system\CodeIgniter.php(932): App\Controllers\LoginController->resetPassword()
#8 C:\xampp\htdocs\newhepc\system\CodeIgniter.php(497): CodeIgniter\CodeIgniter->runController(Object(App\Controllers\LoginController))
#9 C:\xampp\htdocs\newhepc\system\CodeIgniter.php(366): CodeIgniter\CodeIgniter->handleRequest(NULL, Object(Config\Cache), false)
#10 C:\xampp\htdocs\newhepc\public\index.php(67): CodeIgniter\CodeIgniter->run()
#11 {main}
ERROR - 2023-08-14 03:52:51 --> Email: Unable to send email using SMTP. Your server might not be configured to send mail using this method.
ERROR - 2023-08-14 03:52:51 --> 220 smtp.googlemail.com ESMTP q9-20020a639809000000b0055be951145csm7452591pgd.36 - gsmtp

hello: 250-smtp.googlemail.com at your service, [113.161.94.207]
250-SIZE 35882577
250-8BITMIME
250-AUTH LOGIN PLAIN XOAUTH2 PLAIN-CLIENTTOKEN OAUTHBEARER XOAUTH
250-ENHANCEDSTATUSCODES
250-PIPELINING
250-CHUNKING
250 SMTPUTF8

starttls: 530-5.7.0 Authentication Required. Learn more at
530 5.7.0  https://support.google.com/mail/?p=WantAuthError q9-20020a639809000000b0055be951145csm7452591pgd.36 - gsmtp

The following SMTP error was encountered: 530-5.7.0 Authentication Required. Learn more at
530 5.7.0  https://support.google.com/mail/?p=WantAuthError q9-20020a639809000000b0055be951145csm7452591pgd.36 - gsmtp

ERROR - 2023-08-14 04:17:36 --> Email: sendWithSmtp throwed ErrorException: fsockopen(): Unable to connect to tls://smtp.office365.com:465 (A connection attempt failed because the connected party did not properly respond after a period of time, or established connection failed because connected host has failed to respond) in C:\xampp\htdocs\newhepc\system\Email\Email.php:1863
Stack trace:
#0 [internal function]: CodeIgniter\Debug\Exceptions->errorHandler(2, 'fsockopen(): Un...', 'C:\\xampp\\htdocs...', 1863)
#1 C:\xampp\htdocs\newhepc\system\Email\Email.php(1863): fsockopen('tls://smtp.offi...', 465, NULL, NULL, 60)
#2 C:\xampp\htdocs\newhepc\system\Email\Email.php(1782): CodeIgniter\Email\Email->SMTPConnect()
#3 C:\xampp\htdocs\newhepc\system\Email\Email.php(1667): CodeIgniter\Email\Email->sendWithSmtp()
#4 C:\xampp\htdocs\newhepc\system\Email\Email.php(1565): CodeIgniter\Email\Email->spoolEmail()
#5 C:\xampp\htdocs\newhepc\app\Services\userService.php(110): CodeIgniter\Email\Email->send()
#6 C:\xampp\htdocs\newhepc\app\Controllers\LoginController.php(63): App\Services\userService->resetPassword(Object(CodeIgniter\HTTP\IncomingRequest))
#7 C:\xampp\htdocs\newhepc\system\CodeIgniter.php(932): App\Controllers\LoginController->resetPassword()
#8 C:\xampp\htdocs\newhepc\system\CodeIgniter.php(497): CodeIgniter\CodeIgniter->runController(Object(App\Controllers\LoginController))
#9 C:\xampp\htdocs\newhepc\system\CodeIgniter.php(366): CodeIgniter\CodeIgniter->handleRequest(NULL, Object(Config\Cache), false)
#10 C:\xampp\htdocs\newhepc\public\index.php(67): CodeIgniter\CodeIgniter->run()
#11 {main}
ERROR - 2023-08-14 04:17:36 --> Email: Unable to send email using SMTP. Your server might not be configured to send mail using this method.
ERROR - 2023-08-14 04:17:36 --> 
ERROR - 2023-08-14 04:18:33 --> Email: sendWithSmtp throwed ErrorException: fsockopen(): Unable to connect to tls://smtp.office365.com:465 (A connection attempt failed because the connected party did not properly respond after a period of time, or established connection failed because connected host has failed to respond) in C:\xampp\htdocs\newhepc\system\Email\Email.php:1863
Stack trace:
#0 [internal function]: CodeIgniter\Debug\Exceptions->errorHandler(2, 'fsockopen(): Un...', 'C:\\xampp\\htdocs...', 1863)
#1 C:\xampp\htdocs\newhepc\system\Email\Email.php(1863): fsockopen('tls://smtp.offi...', 465, NULL, NULL, 60)
#2 C:\xampp\htdocs\newhepc\system\Email\Email.php(1782): CodeIgniter\Email\Email->SMTPConnect()
#3 C:\xampp\htdocs\newhepc\system\Email\Email.php(1667): CodeIgniter\Email\Email->sendWithSmtp()
#4 C:\xampp\htdocs\newhepc\system\Email\Email.php(1565): CodeIgniter\Email\Email->spoolEmail()
#5 C:\xampp\htdocs\newhepc\app\Services\userService.php(110): CodeIgniter\Email\Email->send()
#6 C:\xampp\htdocs\newhepc\app\Controllers\LoginController.php(63): App\Services\userService->resetPassword(Object(CodeIgniter\HTTP\IncomingRequest))
#7 C:\xampp\htdocs\newhepc\system\CodeIgniter.php(932): App\Controllers\LoginController->resetPassword()
#8 C:\xampp\htdocs\newhepc\system\CodeIgniter.php(497): CodeIgniter\CodeIgniter->runController(Object(App\Controllers\LoginController))
#9 C:\xampp\htdocs\newhepc\system\CodeIgniter.php(366): CodeIgniter\CodeIgniter->handleRequest(NULL, Object(Config\Cache), false)
#10 C:\xampp\htdocs\newhepc\public\index.php(67): CodeIgniter\CodeIgniter->run()
#11 {main}
ERROR - 2023-08-14 04:18:33 --> Email: Unable to send email using SMTP. Your server might not be configured to send mail using this method.
ERROR - 2023-08-14 04:18:33 --> 
ERROR - 2023-08-14 04:21:20 --> Email: Unable to send email using SMTP. Your server might not be configured to send mail using this method.
ERROR - 2023-08-14 04:21:20 --> 220 SI1PR02CA0011.outlook.office365.com Microsoft ESMTP MAIL Service ready at Mon, 14 Aug 2023 04:21:01 +0000

hello: 250-SI1PR02CA0011.outlook.office365.com Hello [115.79.143.157]
250-SIZE 157286400
250-PIPELINING
250-DSN
250-ENHANCEDSTATUSCODES
250-STARTTLS
250-8BITMIME
250-BINARYMIME
250-CHUNKING
250 SMTPUTF8

Failed to send AUTH LOGIN command. Error: 504 5.7.4 Unrecognized authentication type [SI1PR02CA0011.apcprd02.prod.outlook.com 2023-08-14T04:21:06.391Z 08DB9B3BD702415B]

ERROR - 2023-08-14 04:28:29 --> Email: Unable to send email using SMTP. Your server might not be configured to send mail using this method.
ERROR - 2023-08-14 04:28:29 --> 220 SG2PR01CA0192.outlook.office365.com Microsoft ESMTP MAIL Service ready at Mon, 14 Aug 2023 04:28:11 +0000

hello: 250-SG2PR01CA0192.outlook.office365.com Hello [115.79.143.157]
250-SIZE 157286400
250-PIPELINING
250-DSN
250-ENHANCEDSTATUSCODES
250-STARTTLS
250-8BITMIME
250-BINARYMIME
250-CHUNKING
250 SMTPUTF8

starttls: 220 2.0.0 SMTP server ready

hello: 250-SG2PR01CA0192.outlook.office365.com Hello [115.79.143.157]
250-SIZE 157286400
250-PIPELINING
250-DSN
250-ENHANCEDSTATUSCODES
250-AUTH LOGIN XOAUTH2
250-8BITMIME
250-BINARYMIME
250-CHUNKING
250 SMTPUTF8

from: 250 2.1.0 Sender OK

to: 250 2.1.5 Recipient OK

data: 354 Start mail input; end with <CRLF>.<CRLF>

554 5.2.252 SendAsDenied; website.hepc@gmail.com not allowed to send as noreply@gmail.com; STOREDRV.Submission.Exception:SendAsDeniedException.MapiExceptionSendAsDenied; Failed to process message due to a permanent exception with message [BeginDiagnosticData]Cannot submit message. 0.35250:1F00C084, 1.36674:0A000000, 1.61250:00000000, 1.45378:02000000, 1.44866:F87C0000, 1.36674:0E000000, 1.61250:00000000, 1.45378:FD7C0000, 1.44866:26010000, 16.55847:9E100000, 17.43559:000000002402000000000000000000000000000
quit: 0, 20.52176:140F169A160010100E000000, 20.50032:140F169A8617001000000000, 0.53414:F1030000, 0.35180:00000000, 255.23226:140F169A, 255.27962:0A000000, 255.27962:0E000000, 255.31418:02000000, 0.35250:491E0000, 1.36674:0A000000, 1.61250:00000000, 1.45378:02000000, 1.44866:8C000000, 1.36674:32000000, 1.61250:00000000, 1.45378:91000000, 1.44866:01000000, 16.55847:07010000, 17.43559:00000000B8030000000000000F00000000000000, 20.52176:140F169A160000102C000000, 20.50032:140F169A8617F01F0A000000, 0.53414:34000000, 0.35180:03004E67, 255.23226:76000000, 255.27962:0A000000, 255.27962:32000000, 255.17082:DC040000, 0.27745:40000000, 4.21921:DC040000, 255.27962:FA000000, 255.1494:48000000, 0.38698:46000000, 1.41134:46000000, 0.37692:86000000, 0.37948:01000000, 5.33852:00000000534D545000000000, 7.36354:010000000000010986000000, 4.56248:DC040000, 7.40748:010000000000010B4CB27C02, 7.57132:00000000000000000F010480, 4.39640:DC040000, 1.63016:32000000, 8.45434:FDBF0300DA673BC800000000000000006A000100, 1.46798:04000000, 5.10786:0000000031352E32302E363637382E3032323A534732505230314D42333336363A66323937303261322D303737352D346361612D393164632D6139303837623437643531303A3136323833363A2E4E455420362E302E323000000780, 7.51330:9ACD26E17E9CDB0800000000, 0.39570:05000780, 1.55954:0A000000, 1.33010:0A000000, 2.54258:00000000, 0.40002:07000000, 1.56562:00000000, 1.33010:0A000000, 2.54258:00000000, 0.40002:00000000, 1.56562:00000000, 1.64146:32000000, 1.33010:32000000, 2.54258:DC040000, 1.33010:32000000, 2.54258:DC040000, 255.1750:0300BC3D, 255.31418:CD000000, 0.22753:03000336, 255.21817:DC040000, 0.64418:D2000000, 4.39842:DC040000, 0.41586:03009B0E, 4.60547:DC040000, 0.21966:0A003267, 4.30158:DC040000[EndDiagnosticData] [Hostname=SG2PR01MB3366.apcprd01.prod.exchangelabs.com]
221 2.0.0 Service closing transmission channel

The following SMTP error was encountered: 0, 20.52176:140F169A160010100E000000, 20.50032:140F169A8617001000000000, 0.53414:F1030000, 0.35180:00000000, 255.23226:140F169A, 255.27962:0A000000, 255.27962:0E000000, 255.31418:02000000, 0.35250:491E0000, 1.36674:0A000000, 1.61250:00000000, 1.45378:02000000, 1.44866:8C000000, 1.36674:32000000, 1.61250:00000000, 1.45378:91000000, 1.44866:01000000, 16.55847:07010000, 17.43559:00000000B8030000000000000F00000000000000, 20.52176:140F169A160000102C000000, 20.50032:140F169A8617F01F0A000000, 0.53414:34000000, 0.35180:03004E67, 255.23226:76000000, 255.27962:0A000000, 255.27962:32000000, 255.17082:DC040000, 0.27745:40000000, 4.21921:DC040000, 255.27962:FA000000, 255.1494:48000000, 0.38698:46000000, 1.41134:46000000, 0.37692:86000000, 0.37948:01000000, 5.33852:00000000534D545000000000, 7.36354:010000000000010986000000, 4.56248:DC040000, 7.40748:010000000000010B4CB27C02, 7.57132:00000000000000000F010480, 4.39640:DC040000, 1.63016:32000000, 8.45434:FDBF0300DA673BC800000000000000006A000100, 1.46798:04000000, 5.10786:0000000031352E32302E363637382E3032323A534732505230314D42333336363A66323937303261322D303737352D346361612D393164632D6139303837623437643531303A3136323833363A2E4E455420362E302E323000000780, 7.51330:9ACD26E17E9CDB0800000000, 0.39570:05000780, 1.55954:0A000000, 1.33010:0A000000, 2.54258:00000000, 0.40002:07000000, 1.56562:00000000, 1.33010:0A000000, 2.54258:00000000, 0.40002:00000000, 1.56562:00000000, 1.64146:32000000, 1.33010:32000000, 2.54258:DC040000, 1.33010:32000000, 2.54258:DC040000, 255.1750:0300BC3D, 255.31418:CD000000, 0.22753:03000336, 255.21817:DC040000, 0.64418:D2000000, 4.39842:DC040000, 0.41586:03009B0E, 4.60547:DC040000, 0.21966:0A003267, 4.30158:DC040000[EndDiagnosticData] [Hostname=SG2PR01MB3366.apcprd01.prod.exchangelabs.com]
221 2.0.0 Service closing transmission channel

The following SMTP error was encountered: 554 5.2.252 SendAsDenied; website.hepc@gmail.com not allowed to send as noreply@gmail.com; STOREDRV.Submission.Exception:SendAsDeniedException.MapiExceptionSendAsDenied; Failed to process message due to a permanent exception with message [BeginDiagnosticData]Cannot submit message. 0.35250:1F00C084, 1.36674:0A000000, 1.61250:00000000, 1.45378:02000000, 1.44866:F87C0000, 1.36674:0E000000, 1.61250:00000000, 1.45378:FD7C0000, 1.44866:26010000, 16.55847:9E100000, 17.43559:000000002402000000000000000000000000000
CRITICAL - 2023-08-14 06:31:11 --> Undefined variable $title
in APPPATH\Views\adminPage\pages\changePasswordPage.php on line 4.
 1 APPPATH\Views\adminPage\pages\changePasswordPage.php(4): CodeIgniter\Debug\Exceptions->errorHandler(2, 'Undefined variable $title', 'C:\\xampp\\htdocs\\newhepc\\app\\Views\\adminPage\\pages\\changePasswordPage.php', 4)
 2 SYSTEMPATH\View\View.php(224): include('C:\\xampp\\htdocs\\newhepc\\app\\Views\\adminPage\\pages\\changePasswordPage.php')
 3 SYSTEMPATH\View\View.php(227): CodeIgniter\View\View->CodeIgniter\View\{closure}()
 4 SYSTEMPATH\Common.php(1180): CodeIgniter\View\View->render('adminPage/pages/changePasswordPage', [], true)
 5 APPPATH\Controllers\BaseController.php(104): view('adminPage/pages/changePasswordPage', [])
 6 APPPATH\Controllers\Admin_ChangePasswordController.php(26): App\Controllers\BaseController->loadAdminLayout([...], 'Đổi mật khẩu', 'adminPage/pages/changePasswordPage', [], [], [])
 7 SYSTEMPATH\CodeIgniter.php(932): App\Controllers\Admin_ChangePasswordController->index()
 8 SYSTEMPATH\CodeIgniter.php(497): CodeIgniter\CodeIgniter->runController(Object(App\Controllers\Admin_ChangePasswordController))
 9 SYSTEMPATH\CodeIgniter.php(366): CodeIgniter\CodeIgniter->handleRequest(null, Object(Config\Cache), false)
10 FCPATH\index.php(67): CodeIgniter\CodeIgniter->run()
CRITICAL - 2023-08-14 06:31:41 --> Undefined variable $action
in APPPATH\Views\adminPage\pages\changePasswordPage.php on line 17.
 1 APPPATH\Views\adminPage\pages\changePasswordPage.php(17): CodeIgniter\Debug\Exceptions->errorHandler(2, 'Undefined variable $action', 'C:\\xampp\\htdocs\\newhepc\\app\\Views\\adminPage\\pages\\changePasswordPage.php', 17)
 2 SYSTEMPATH\View\View.php(224): include('C:\\xampp\\htdocs\\newhepc\\app\\Views\\adminPage\\pages\\changePasswordPage.php')
 3 SYSTEMPATH\View\View.php(227): CodeIgniter\View\View->CodeIgniter\View\{closure}()
 4 SYSTEMPATH\Common.php(1180): CodeIgniter\View\View->render('adminPage/pages/changePasswordPage', [], true)
 5 APPPATH\Controllers\BaseController.php(104): view('adminPage/pages/changePasswordPage', [...])
 6 APPPATH\Controllers\Admin_ChangePasswordController.php(27): App\Controllers\BaseController->loadAdminLayout([...], 'Đổi mật khẩu', 'adminPage/pages/changePasswordPage', [...], [], [])
 7 SYSTEMPATH\CodeIgniter.php(932): App\Controllers\Admin_ChangePasswordController->index()
 8 SYSTEMPATH\CodeIgniter.php(497): CodeIgniter\CodeIgniter->runController(Object(App\Controllers\Admin_ChangePasswordController))
 9 SYSTEMPATH\CodeIgniter.php(366): CodeIgniter\CodeIgniter->handleRequest(null, Object(Config\Cache), false)
10 FCPATH\index.php(67): CodeIgniter\CodeIgniter->run()
CRITICAL - 2023-08-14 07:18:35 --> Undefined array key "anh"
in APPPATH\Views\publicPage\pages\officePage.php on line 105.
 1 APPPATH\Views\publicPage\pages\officePage.php(105): CodeIgniter\Debug\Exceptions->errorHandler(2, 'Undefined array key "anh"', 'C:\\xampp\\htdocs\\newhepc\\app\\Views\\publicPage\\pages\\officePage.php', 105)
 2 SYSTEMPATH\View\View.php(224): include('C:\\xampp\\htdocs\\newhepc\\app\\Views\\publicPage\\pages\\officePage.php')
 3 SYSTEMPATH\View\View.php(227): CodeIgniter\View\View->CodeIgniter\View\{closure}()
 4 SYSTEMPATH\Common.php(1180): CodeIgniter\View\View->render('publicPage/pages/officePage', [], true)
 5 APPPATH\Controllers\BaseController.php(70): view('publicPage/pages/officePage', [...])
 6 APPPATH\Controllers\HTDController.php(38): App\Controllers\BaseController->loadLayout([...], 'Khoa hệ thống điện', 'publicPage/pages/officePage', [...], [], [])
 7 SYSTEMPATH\CodeIgniter.php(932): App\Controllers\HTDController->index()
 8 SYSTEMPATH\CodeIgniter.php(497): CodeIgniter\CodeIgniter->runController(Object(App\Controllers\HTDController))
 9 SYSTEMPATH\CodeIgniter.php(366): CodeIgniter\CodeIgniter->handleRequest(null, Object(Config\Cache), false)
10 FCPATH\index.php(67): CodeIgniter\CodeIgniter->run()
CRITICAL - 2023-08-14 07:18:50 --> Undefined array key "anh"
in APPPATH\Views\publicPage\pages\officePage.php on line 106.
 1 APPPATH\Views\publicPage\pages\officePage.php(106): CodeIgniter\Debug\Exceptions->errorHandler(2, 'Undefined array key "anh"', 'C:\\xampp\\htdocs\\newhepc\\app\\Views\\publicPage\\pages\\officePage.php', 106)
 2 SYSTEMPATH\View\View.php(224): include('C:\\xampp\\htdocs\\newhepc\\app\\Views\\publicPage\\pages\\officePage.php')
 3 SYSTEMPATH\View\View.php(227): CodeIgniter\View\View->CodeIgniter\View\{closure}()
 4 SYSTEMPATH\Common.php(1180): CodeIgniter\View\View->render('publicPage/pages/officePage', [], true)
 5 APPPATH\Controllers\BaseController.php(70): view('publicPage/pages/officePage', [...])
 6 APPPATH\Controllers\HTDController.php(38): App\Controllers\BaseController->loadLayout([...], 'Khoa hệ thống điện', 'publicPage/pages/officePage', [...], [], [])
 7 SYSTEMPATH\CodeIgniter.php(932): App\Controllers\HTDController->index()
 8 SYSTEMPATH\CodeIgniter.php(497): CodeIgniter\CodeIgniter->runController(Object(App\Controllers\HTDController))
 9 SYSTEMPATH\CodeIgniter.php(366): CodeIgniter\CodeIgniter->handleRequest(null, Object(Config\Cache), false)
10 FCPATH\index.php(67): CodeIgniter\CodeIgniter->run()
