CRITICAL - 2023-07-21 01:35:24 --> Undefined variable $Newest
in APPPATH\Views\layouts\rightMenu.php on line 35.
 1 APPPATH\Views\layouts\rightMenu.php(35): CodeIgniter\Debug\Exceptions->errorHandler(2, 'Undefined variable $Newest', 'C:\\xampp\\htdocs\\newhepc\\app\\Views\\layouts\\rightMenu.php', 35)
 2 SYSTEMPATH\View\View.php(224): include('C:\\xampp\\htdocs\\newhepc\\app\\Views\\layouts\\rightMenu.php')
 3 SYSTEMPATH\View\View.php(227): CodeIgniter\View\View->CodeIgniter\View\{closure}()
 4 SYSTEMPATH\Common.php(1180): CodeIgniter\View\View->render('layouts/rightMenu', [], true)
 5 APPPATH\Controllers\NewPaperController.php(22): view('layouts/rightMenu', [...])
 6 SYSTEMPATH\CodeIgniter.php(932): App\Controllers\NewPaperController->index()
 7 SYSTEMPATH\CodeIgniter.php(497): CodeIgniter\CodeIgniter->runController(Object(App\Controllers\NewPaperController))
 8 SYSTEMPATH\CodeIgniter.php(366): CodeIgniter\CodeIgniter->handleRequest(null, Object(Config\Cache), false)
 9 FCPATH\index.php(67): CodeIgniter\CodeIgniter->run()
CRITICAL - 2023-07-21 01:35:46 --> Undefined variable $Newest
in APPPATH\Views\layouts\rightMenu.php on line 35.
 1 APPPATH\Views\layouts\rightMenu.php(35): CodeIgniter\Debug\Exceptions->errorHandler(2, 'Undefined variable $Newest', 'C:\\xampp\\htdocs\\newhepc\\app\\Views\\layouts\\rightMenu.php', 35)
 2 SYSTEMPATH\View\View.php(224): include('C:\\xampp\\htdocs\\newhepc\\app\\Views\\layouts\\rightMenu.php')
 3 SYSTEMPATH\View\View.php(227): CodeIgniter\View\View->CodeIgniter\View\{closure}()
 4 SYSTEMPATH\Common.php(1180): CodeIgniter\View\View->render('layouts/rightMenu', [], true)
 5 APPPATH\Controllers\NewPaperController.php(22): view('layouts/rightMenu', [...])
 6 SYSTEMPATH\CodeIgniter.php(932): App\Controllers\NewPaperController->index()
 7 SYSTEMPATH\CodeIgniter.php(497): CodeIgniter\CodeIgniter->runController(Object(App\Controllers\NewPaperController))
 8 SYSTEMPATH\CodeIgniter.php(366): CodeIgniter\CodeIgniter->handleRequest(null, Object(Config\Cache), false)
 9 FCPATH\index.php(67): CodeIgniter\CodeIgniter->run()
CRITICAL - 2023-07-21 02:49:43 --> Undefined array key "id_nc"
in APPPATH\Views\pages\newDetail.php on line 16.
 1 APPPATH\Views\pages\newDetail.php(16): CodeIgniter\Debug\Exceptions->errorHandler(2, 'Undefined array key "id_nc"', 'C:\\xampp\\htdocs\\newhepc\\app\\Views\\pages\\newDetail.php', 16)
 2 SYSTEMPATH\View\View.php(224): include('C:\\xampp\\htdocs\\newhepc\\app\\Views\\pages\\newDetail.php')
 3 SYSTEMPATH\View\View.php(227): CodeIgniter\View\View->CodeIgniter\View\{closure}()
 4 SYSTEMPATH\Common.php(1180): CodeIgniter\View\View->render('pages/newDetail', [], true)
 5 APPPATH\Controllers\NewPaperController.php(33): view('pages/newDetail', [...])
 6 SYSTEMPATH\CodeIgniter.php(932): App\Controllers\NewPaperController->getNewPaperDetail('HOP-MAT-DAU-NAM-VA-HOI-THI-TIENG-HAT-KARAOKE-MUNG-DANG,-MUNG-XUAN-QUY-MAO-2D23')
 7 SYSTEMPATH\CodeIgniter.php(497): CodeIgniter\CodeIgniter->runController(Object(App\Controllers\NewPaperController))
 8 SYSTEMPATH\CodeIgniter.php(366): CodeIgniter\CodeIgniter->handleRequest(null, Object(Config\Cache), false)
 9 FCPATH\index.php(67): CodeIgniter\CodeIgniter->run()
CRITICAL - 2023-07-21 02:50:20 --> Undefined variable $Pager
in APPPATH\Views\subMasterPage.php on line 10.
 1 APPPATH\Views\subMasterPage.php(10): CodeIgniter\Debug\Exceptions->errorHandler(2, 'Undefined variable $Pager', 'C:\\xampp\\htdocs\\newhepc\\app\\Views\\subMasterPage.php', 10)
 2 SYSTEMPATH\View\View.php(224): include('C:\\xampp\\htdocs\\newhepc\\app\\Views\\subMasterPage.php')
 3 SYSTEMPATH\View\View.php(227): CodeIgniter\View\View->CodeIgniter\View\{closure}()
 4 SYSTEMPATH\Common.php(1180): CodeIgniter\View\View->render('subMasterPage', [], true)
 5 APPPATH\Controllers\BaseController.php(61): view('subMasterPage', [...])
 6 APPPATH\Controllers\NewPaperController.php(35): App\Controllers\BaseController->loadLayout([...], 'Tin tức', 'subMasterPage', [...], [], [])
 7 SYSTEMPATH\CodeIgniter.php(932): App\Controllers\NewPaperController->getNewPaperDetail('HOP-MAT-DAU-NAM-VA-HOI-THI-TIENG-HAT-KARAOKE-MUNG-DANG,-MUNG-XUAN-QUY-MAO-2D23')
 8 SYSTEMPATH\CodeIgniter.php(497): CodeIgniter\CodeIgniter->runController(Object(App\Controllers\NewPaperController))
 9 SYSTEMPATH\CodeIgniter.php(366): CodeIgniter\CodeIgniter->handleRequest(null, Object(Config\Cache), false)
10 FCPATH\index.php(67): CodeIgniter\CodeIgniter->run()
CRITICAL - 2023-07-21 03:09:01 --> Undefined array key "file"
in APPPATH\Views\pages\home.php on line 7.
 1 APPPATH\Views\pages\home.php(7): CodeIgniter\Debug\Exceptions->errorHandler(2, 'Undefined array key "file"', 'C:\\xampp\\htdocs\\newhepc\\app\\Views\\pages\\home.php', 7)
 2 SYSTEMPATH\View\View.php(224): include('C:\\xampp\\htdocs\\newhepc\\app\\Views\\pages\\home.php')
 3 SYSTEMPATH\View\View.php(227): CodeIgniter\View\View->CodeIgniter\View\{closure}()
 4 SYSTEMPATH\Common.php(1180): CodeIgniter\View\View->render('pages/home', [], true)
 5 APPPATH\Controllers\BaseController.php(61): view('pages/home', [...])
 6 APPPATH\Controllers\HomeController.php(31): App\Controllers\BaseController->loadLayout([...], 'HEPC', 'pages/home', [...], [], [])
 7 SYSTEMPATH\CodeIgniter.php(932): App\Controllers\HomeController->index()
 8 SYSTEMPATH\CodeIgniter.php(497): CodeIgniter\CodeIgniter->runController(Object(App\Controllers\HomeController))
 9 SYSTEMPATH\CodeIgniter.php(366): CodeIgniter\CodeIgniter->handleRequest(null, Object(Config\Cache), false)
10 FCPATH\index.php(67): CodeIgniter\CodeIgniter->run()
CRITICAL - 2023-07-21 04:01:31 --> Trying to access array offset on value of type null
in APPPATH\Controllers\AnouncementController.php on line 31.
 1 APPPATH\Controllers\AnouncementController.php(31): CodeIgniter\Debug\Exceptions->errorHandler(2, 'Trying to access array offset on value of type null', 'C:\\xampp\\htdocs\\newhepc\\app\\Controllers\\AnouncementController.php', 31)
 2 SYSTEMPATH\CodeIgniter.php(932): App\Controllers\AnouncementController->getAnouncementDetail('HEPC-to-chuc-danh-gia,-giam-sat-He-thong-quan-ly-chat-luong-theo-tieu-chuan-ISO-9DD1:2D15')
 3 SYSTEMPATH\CodeIgniter.php(497): CodeIgniter\CodeIgniter->runController(Object(App\Controllers\AnouncementController))
 4 SYSTEMPATH\CodeIgniter.php(366): CodeIgniter\CodeIgniter->handleRequest(null, Object(Config\Cache), false)
 5 FCPATH\index.php(67): CodeIgniter\CodeIgniter->run()
CRITICAL - 2023-07-21 04:01:48 --> Trying to access array offset on value of type null
in APPPATH\Controllers\AnouncementController.php on line 31.
 1 APPPATH\Controllers\AnouncementController.php(31): CodeIgniter\Debug\Exceptions->errorHandler(2, 'Trying to access array offset on value of type null', 'C:\\xampp\\htdocs\\newhepc\\app\\Controllers\\AnouncementController.php', 31)
 2 SYSTEMPATH\CodeIgniter.php(932): App\Controllers\AnouncementController->getAnouncementDetail('HEPC-to-chuc-danh-gia,-giam-sat-He-thong-quan-ly-chat-luong-theo-tieu-chuan-ISO-9DD1:2D15')
 3 SYSTEMPATH\CodeIgniter.php(497): CodeIgniter\CodeIgniter->runController(Object(App\Controllers\AnouncementController))
 4 SYSTEMPATH\CodeIgniter.php(366): CodeIgniter\CodeIgniter->handleRequest(null, Object(Config\Cache), false)
 5 FCPATH\index.php(67): CodeIgniter\CodeIgniter->run()
CRITICAL - 2023-07-21 04:01:56 --> Trying to access array offset on value of type null
in APPPATH\Controllers\IntroduceController.php on line 20.
 1 APPPATH\Controllers\IntroduceController.php(20): CodeIgniter\Debug\Exceptions->errorHandler(2, 'Trying to access array offset on value of type null', 'C:\\xampp\\htdocs\\newhepc\\app\\Controllers\\IntroduceController.php', 20)
 2 SYSTEMPATH\CodeIgniter.php(932): App\Controllers\IntroduceController->showIntroduce('HEPC-to-chuc-danh-gia,-giam-sat-He-thong-quan-ly-chat-luong-theo-tieu-chuan-ISO-9DD1:2D15')
 3 SYSTEMPATH\CodeIgniter.php(497): CodeIgniter\CodeIgniter->runController(Object(App\Controllers\IntroduceController))
 4 SYSTEMPATH\CodeIgniter.php(366): CodeIgniter\CodeIgniter->handleRequest(null, Object(Config\Cache), false)
 5 FCPATH\index.php(67): CodeIgniter\CodeIgniter->run()
CRITICAL - 2023-07-21 04:02:25 --> Trying to access array offset on value of type null
in APPPATH\Controllers\AnouncementController.php on line 31.
 1 APPPATH\Controllers\AnouncementController.php(31): CodeIgniter\Debug\Exceptions->errorHandler(2, 'Trying to access array offset on value of type null', 'C:\\xampp\\htdocs\\newhepc\\app\\Controllers\\AnouncementController.php', 31)
 2 SYSTEMPATH\CodeIgniter.php(932): App\Controllers\AnouncementController->getAnouncementDetail('HEPC-to-chuc-danh-gia,-giam-sat-He-thong-quan-ly-chat-luong-theo-tieu-chuan-ISO-9DD1:2D15')
 3 SYSTEMPATH\CodeIgniter.php(497): CodeIgniter\CodeIgniter->runController(Object(App\Controllers\AnouncementController))
 4 SYSTEMPATH\CodeIgniter.php(366): CodeIgniter\CodeIgniter->handleRequest(null, Object(Config\Cache), false)
 5 FCPATH\index.php(67): CodeIgniter\CodeIgniter->run()
CRITICAL - 2023-07-21 04:02:35 --> Trying to access array offset on value of type null
in APPPATH\Controllers\AnouncementController.php on line 31.
 1 APPPATH\Controllers\AnouncementController.php(31): CodeIgniter\Debug\Exceptions->errorHandler(2, 'Trying to access array offset on value of type null', 'C:\\xampp\\htdocs\\newhepc\\app\\Controllers\\AnouncementController.php', 31)
 2 SYSTEMPATH\CodeIgniter.php(932): App\Controllers\AnouncementController->getAnouncementDetail('HEPC-to-chuc-danh-gia,-giam-sat-He-thong-quan-ly-chat-luong-theo-tieu-chuan-ISO-9DD1:2D15')
 3 SYSTEMPATH\CodeIgniter.php(497): CodeIgniter\CodeIgniter->runController(Object(App\Controllers\AnouncementController))
 4 SYSTEMPATH\CodeIgniter.php(366): CodeIgniter\CodeIgniter->handleRequest(null, Object(Config\Cache), false)
 5 FCPATH\index.php(67): CodeIgniter\CodeIgniter->run()
CRITICAL - 2023-07-21 04:04:05 --> Trying to access array offset on value of type null
in APPPATH\Controllers\AnouncementController.php on line 31.
 1 APPPATH\Controllers\AnouncementController.php(31): CodeIgniter\Debug\Exceptions->errorHandler(2, 'Trying to access array offset on value of type null', 'C:\\xampp\\htdocs\\newhepc\\app\\Controllers\\AnouncementController.php', 31)
 2 SYSTEMPATH\CodeIgniter.php(932): App\Controllers\AnouncementController->getAnouncementDetail('HEPC-to-chuc-danh-gia,-giam-sat-He-thong-quan-ly-chat-luong-theo-tieu-chuan-ISO-9DD1:2D15')
 3 SYSTEMPATH\CodeIgniter.php(497): CodeIgniter\CodeIgniter->runController(Object(App\Controllers\AnouncementController))
 4 SYSTEMPATH\CodeIgniter.php(366): CodeIgniter\CodeIgniter->handleRequest(null, Object(Config\Cache), false)
 5 FCPATH\index.php(67): CodeIgniter\CodeIgniter->run()
CRITICAL - 2023-07-21 04:26:41 --> Call to undefined function App\Controllers\checkPageExits()
in APPPATH\Controllers\AnouncementController.php on line 34.
 1 SYSTEMPATH\CodeIgniter.php(932): App\Controllers\AnouncementController->getAnouncementDetail('HEPC-to-chuc-danh-gia,-giam-sat-He-thong-quan-ly-chat-luong-theo-tieu-chuan-ISO-9DD1:2D15')
 2 SYSTEMPATH\CodeIgniter.php(497): CodeIgniter\CodeIgniter->runController(Object(App\Controllers\AnouncementController))
 3 SYSTEMPATH\CodeIgniter.php(366): CodeIgniter\CodeIgniter->handleRequest(null, Object(Config\Cache), false)
 4 FCPATH\index.php(67): CodeIgniter\CodeIgniter->run()
CRITICAL - 2023-07-21 06:26:32 --> Undefined variable $link_description
in APPPATH\Views\pages\newsPage.php on line 9.
 1 APPPATH\Views\pages\newsPage.php(9): CodeIgniter\Debug\Exceptions->errorHandler(2, 'Undefined variable $link_description', 'C:\\xampp\\htdocs\\newhepc\\app\\Views\\pages\\newsPage.php', 9)
 2 SYSTEMPATH\View\View.php(224): include('C:\\xampp\\htdocs\\newhepc\\app\\Views\\pages\\newsPage.php')
 3 SYSTEMPATH\View\View.php(227): CodeIgniter\View\View->CodeIgniter\View\{closure}()
 4 SYSTEMPATH\Common.php(1180): CodeIgniter\View\View->render('pages/newsPage', [], true)
 5 APPPATH\Controllers\TimeTableController.php(21): view('pages/newsPage', [...])
 6 SYSTEMPATH\CodeIgniter.php(932): App\Controllers\TimeTableController->index()
 7 SYSTEMPATH\CodeIgniter.php(497): CodeIgniter\CodeIgniter->runController(Object(App\Controllers\TimeTableController))
 8 SYSTEMPATH\CodeIgniter.php(366): CodeIgniter\CodeIgniter->handleRequest(null, Object(Config\Cache), false)
 9 FCPATH\index.php(67): CodeIgniter\CodeIgniter->run()
CRITICAL - 2023-07-21 06:26:59 --> Undefined variable $link
in APPPATH\Views\pages\newsPage.php on line 9.
 1 APPPATH\Views\pages\newsPage.php(9): CodeIgniter\Debug\Exceptions->errorHandler(2, 'Undefined variable $link', 'C:\\xampp\\htdocs\\newhepc\\app\\Views\\pages\\newsPage.php', 9)
 2 SYSTEMPATH\View\View.php(224): include('C:\\xampp\\htdocs\\newhepc\\app\\Views\\pages\\newsPage.php')
 3 SYSTEMPATH\View\View.php(227): CodeIgniter\View\View->CodeIgniter\View\{closure}()
 4 SYSTEMPATH\Common.php(1180): CodeIgniter\View\View->render('pages/newsPage', [], true)
 5 APPPATH\Controllers\TimeTableController.php(21): view('pages/newsPage', [...])
 6 SYSTEMPATH\CodeIgniter.php(932): App\Controllers\TimeTableController->index()
 7 SYSTEMPATH\CodeIgniter.php(497): CodeIgniter\CodeIgniter->runController(Object(App\Controllers\TimeTableController))
 8 SYSTEMPATH\CodeIgniter.php(366): CodeIgniter\CodeIgniter->handleRequest(null, Object(Config\Cache), false)
 9 FCPATH\index.php(67): CodeIgniter\CodeIgniter->run()
