CRITICAL - 2023-07-19 07:00:02 --> Undefined variable $title
in APPPATH\Views\masterPage.php on line 10.
 1 APPPATH\Views\masterPage.php(10): CodeIgniter\Debug\Exceptions->errorHandler(2, 'Undefined variable $title', 'C:\\xampp\\htdocs\\newhepc\\app\\Views\\masterPage.php', 10)
 2 SYSTEMPATH\View\View.php(224): include('C:\\xampp\\htdocs\\newhepc\\app\\Views\\masterPage.php')
 3 SYSTEMPATH\View\View.php(227): CodeIgniter\View\View->CodeIgniter\View\{closure}()
 4 SYSTEMPATH\Common.php(1180): CodeIgniter\View\View->render('masterPage', [], true)
 5 APPPATH\Controllers\HomeController.php(9): view('masterPage')
 6 SYSTEMPATH\CodeIgniter.php(932): App\Controllers\HomeController->index()
 7 SYSTEMPATH\CodeIgniter.php(497): CodeIgniter\CodeIgniter->runController(Object(App\Controllers\HomeController))
 8 SYSTEMPATH\CodeIgniter.php(366): CodeIgniter\CodeIgniter->handleRequest(null, Object(Config\Cache), false)
 9 FCPATH\index.php(67): CodeIgniter\CodeIgniter->run()
CRITICAL - 2023-07-19 07:43:07 --> Undefined array key "id_nc"
in APPPATH\Views\pages\home.php on line 91.
 1 APPPATH\Views\pages\home.php(91): CodeIgniter\Debug\Exceptions->errorHandler(2, 'Undefined array key "id_nc"', 'C:\\xampp\\htdocs\\newhepc\\app\\Views\\pages\\home.php', 91)
 2 SYSTEMPATH\View\View.php(224): include('C:\\xampp\\htdocs\\newhepc\\app\\Views\\pages\\home.php')
 3 SYSTEMPATH\View\View.php(227): CodeIgniter\View\View->CodeIgniter\View\{closure}()
 4 SYSTEMPATH\Common.php(1180): CodeIgniter\View\View->render('pages/home', [], true)
 5 APPPATH\Controllers\BaseController.php(61): view('pages/home', [...])
 6 APPPATH\Controllers\HomeController.php(23): App\Controllers\BaseController->loadLayout([...], 'HEPC', 'pages/home', [...], [], [])
 7 SYSTEMPATH\CodeIgniter.php(932): App\Controllers\HomeController->index()
 8 SYSTEMPATH\CodeIgniter.php(497): CodeIgniter\CodeIgniter->runController(Object(App\Controllers\HomeController))
 9 SYSTEMPATH\CodeIgniter.php(366): CodeIgniter\CodeIgniter->handleRequest(null, Object(Config\Cache), false)
10 FCPATH\index.php(67): CodeIgniter\CodeIgniter->run()
CRITICAL - 2023-07-19 07:43:57 --> Undefined array key "id_bv"
in APPPATH\Views\pages\home.php on line 91.
 1 APPPATH\Views\pages\home.php(91): CodeIgniter\Debug\Exceptions->errorHandler(2, 'Undefined array key "id_bv"', 'C:\\xampp\\htdocs\\newhepc\\app\\Views\\pages\\home.php', 91)
 2 SYSTEMPATH\View\View.php(224): include('C:\\xampp\\htdocs\\newhepc\\app\\Views\\pages\\home.php')
 3 SYSTEMPATH\View\View.php(227): CodeIgniter\View\View->CodeIgniter\View\{closure}()
 4 SYSTEMPATH\Common.php(1180): CodeIgniter\View\View->render('pages/home', [], true)
 5 APPPATH\Controllers\BaseController.php(61): view('pages/home', [...])
 6 APPPATH\Controllers\HomeController.php(23): App\Controllers\BaseController->loadLayout([...], 'HEPC', 'pages/home', [...], [], [])
 7 SYSTEMPATH\CodeIgniter.php(932): App\Controllers\HomeController->index()
 8 SYSTEMPATH\CodeIgniter.php(497): CodeIgniter\CodeIgniter->runController(Object(App\Controllers\HomeController))
 9 SYSTEMPATH\CodeIgniter.php(366): CodeIgniter\CodeIgniter->handleRequest(null, Object(Config\Cache), false)
10 FCPATH\index.php(67): CodeIgniter\CodeIgniter->run()
CRITICAL - 2023-07-19 07:44:13 --> Undefined array key "id_BV"
in APPPATH\Views\pages\home.php on line 91.
 1 APPPATH\Views\pages\home.php(91): CodeIgniter\Debug\Exceptions->errorHandler(2, 'Undefined array key "id_BV"', 'C:\\xampp\\htdocs\\newhepc\\app\\Views\\pages\\home.php', 91)
 2 SYSTEMPATH\View\View.php(224): include('C:\\xampp\\htdocs\\newhepc\\app\\Views\\pages\\home.php')
 3 SYSTEMPATH\View\View.php(227): CodeIgniter\View\View->CodeIgniter\View\{closure}()
 4 SYSTEMPATH\Common.php(1180): CodeIgniter\View\View->render('pages/home', [], true)
 5 APPPATH\Controllers\BaseController.php(61): view('pages/home', [...])
 6 APPPATH\Controllers\HomeController.php(23): App\Controllers\BaseController->loadLayout([...], 'HEPC', 'pages/home', [...], [], [])
 7 SYSTEMPATH\CodeIgniter.php(932): App\Controllers\HomeController->index()
 8 SYSTEMPATH\CodeIgniter.php(497): CodeIgniter\CodeIgniter->runController(Object(App\Controllers\HomeController))
 9 SYSTEMPATH\CodeIgniter.php(366): CodeIgniter\CodeIgniter->handleRequest(null, Object(Config\Cache), false)
10 FCPATH\index.php(67): CodeIgniter\CodeIgniter->run()
